2023-04-11 22:27:34,526 - Uncaught exception - communicationHandler:57
Traceback (most recent call last):
  File "/Users/dnsn/Desktop/flask_POST_NOFAIL/LogHandler.py", line 20, in <module>
    k = 1/0
ZeroDivisionError: division by zero
2023-04-11 22:29:59,200 - Uncaught exception - communicationHandler:57
Traceback (most recent call last):
  File "/Library/Frameworks/Python.framework/Versions/3.10/lib/python3.10/runpy.py", line 196, in _run_module_as_main
    return _run_code(code, main_globals, None,
  File "/Library/Frameworks/Python.framework/Versions/3.10/lib/python3.10/runpy.py", line 86, in _run_code
    exec(code, run_globals)
  File "/Library/Frameworks/Python.framework/Versions/3.10/lib/python3.10/site-packages/flask/__main__.py", line 3, in <module>
    main()
  File "/Library/Frameworks/Python.framework/Versions/3.10/lib/python3.10/site-packages/flask/cli.py", line 995, in main
    cli.main(args=sys.argv[1:])
  File "/Library/Frameworks/Python.framework/Versions/3.10/lib/python3.10/site-packages/flask/cli.py", line 601, in main
    return super().main(*args, **kwargs)
  File "/Library/Frameworks/Python.framework/Versions/3.10/lib/python3.10/site-packages/click/core.py", line 1053, in main
    rv = self.invoke(ctx)
  File "/Library/Frameworks/Python.framework/Versions/3.10/lib/python3.10/site-packages/click/core.py", line 1659, in invoke
    return _process_result(sub_ctx.command.invoke(sub_ctx))
  File "/Library/Frameworks/Python.framework/Versions/3.10/lib/python3.10/site-packages/click/core.py", line 1395, in invoke
    return ctx.invoke(self.callback, **ctx.params)
  File "/Library/Frameworks/Python.framework/Versions/3.10/lib/python3.10/site-packages/click/core.py", line 754, in invoke
    return __callback(*args, **kwargs)
  File "/Library/Frameworks/Python.framework/Versions/3.10/lib/python3.10/site-packages/click/decorators.py", line 84, in new_func
    return ctx.invoke(f, obj, *args, **kwargs)
  File "/Library/Frameworks/Python.framework/Versions/3.10/lib/python3.10/site-packages/click/core.py", line 754, in invoke
    return __callback(*args, **kwargs)
  File "/Library/Frameworks/Python.framework/Versions/3.10/lib/python3.10/site-packages/flask/cli.py", line 850, in run_command
    app = DispatchingApp(info.load_app, use_eager_loading=eager_loading)
  File "/Library/Frameworks/Python.framework/Versions/3.10/lib/python3.10/site-packages/flask/cli.py", line 325, in __init__
    self._load_unlocked()
  File "/Library/Frameworks/Python.framework/Versions/3.10/lib/python3.10/site-packages/flask/cli.py", line 351, in _load_unlocked
    self._app = rv = self.loader()
  File "/Library/Frameworks/Python.framework/Versions/3.10/lib/python3.10/site-packages/flask/cli.py", line 407, in load_app
    app = locate_app(self, import_name, name)
  File "/Library/Frameworks/Python.framework/Versions/3.10/lib/python3.10/site-packages/flask/cli.py", line 260, in locate_app
    __import__(module_name)
  File "/Users/dnsn/Desktop/flask_POST_NOFAIL/app.py", line 14, in <module>
    mode=1/0
ZeroDivisionError: division by zero
2023-04-11 22:36:46,529 - Uncaught exception - communicationHandler:57
Traceback (most recent call last):
  File "/Users/dnsn/Desktop/flask_POST_NOFAIL/cookieHandler.py", line 58, in <module>
    getCookies()
  File "/Users/dnsn/Desktop/flask_POST_NOFAIL/cookieHandler.py", line 24, in getCookies
    time.sleep(100)
KeyboardInterrupt
2023-04-11 22:40:40,773 - Uncaught exception - communicationHandler:57
Traceback (most recent call last):
  File "/Users/dnsn/Desktop/flask_POST_NOFAIL/cookieHandler.py", line 58, in <module>
    getCookies()
  File "/Users/dnsn/Desktop/flask_POST_NOFAIL/cookieHandler.py", line 25, in getCookies
    pickle.dump( driver.get_cookies() , open(cookie_save_name,"wb"))
  File "/Library/Frameworks/Python.framework/Versions/3.10/lib/python3.10/site-packages/selenium/webdriver/remote/webdriver.py", line 1074, in get_cookies
    return self.execute(Command.GET_ALL_COOKIES)['value']
  File "/Library/Frameworks/Python.framework/Versions/3.10/lib/python3.10/site-packages/selenium/webdriver/remote/webdriver.py", line 425, in execute
    self.error_handler.check_response(response)
  File "/Library/Frameworks/Python.framework/Versions/3.10/lib/python3.10/site-packages/selenium/webdriver/remote/errorhandler.py", line 247, in check_response
    raise exception_class(message, screen, stacktrace)
selenium.common.exceptions.NoSuchWindowException: Message: no such window: target window already closed
from unknown error: web view not found
  (Session info: chrome=112.0.5615.49)
Stacktrace:
0   chromedriver                        0x0000000102b05670 chromedriver + 4298352
1   chromedriver                        0x0000000102afdbbc chromedriver + 4266940
2   chromedriver                        0x0000000102730758 chromedriver + 280408
3   chromedriver                        0x000000010270acc8 chromedriver + 126152
4   chromedriver                        0x0000000102790aac chromedriver + 674476
5   chromedriver                        0x00000001027a3890 chromedriver + 751760
6   chromedriver                        0x000000010275e2d0 chromedriver + 467664
7   chromedriver                        0x000000010275f354 chromedriver + 471892
8   chromedriver                        0x0000000102ac56c4 chromedriver + 4036292
9   chromedriver                        0x0000000102ac9c64 chromedriver + 4054116
10  chromedriver                        0x0000000102ad02d8 chromedriver + 4080344
11  chromedriver                        0x0000000102aca970 chromedriver + 4057456
12  chromedriver                        0x0000000102aa18dc chromedriver + 3889372
13  chromedriver                        0x0000000102ae925c chromedriver + 4182620
14  chromedriver                        0x0000000102ae93b4 chromedriver + 4182964
15  chromedriver                        0x0000000102af80f4 chromedriver + 4243700
16  libsystem_pthread.dylib             0x00000001967e9240 _pthread_start + 148
17  libsystem_pthread.dylib             0x00000001967e4024 thread_start + 8

2023-04-11 17:20:43,623 - Uncaught exception - communicationHandler:57
Traceback (most recent call last):
  File "/Users/dnsn/Desktop/flask_POST_NOFAIL/app.py", line 7, in <module>
    from scrapeHandler import *
  File "/Users/dnsn/Desktop/flask_POST_NOFAIL/scrapeHandler.py", line 9, in <module>
    from cookieHandler import *
  File "/Users/dnsn/Desktop/flask_POST_NOFAIL/cookieHandler.py", line 59, in <module>
    injectCookies()
  File "/Users/dnsn/Desktop/flask_POST_NOFAIL/cookieHandler.py", line 45, in injectCookies
    driver.add_cookie(cookie)
  File "/Library/Frameworks/Python.framework/Versions/3.10/lib/python3.10/site-packages/selenium/webdriver/remote/webdriver.py", line 1129, in add_cookie
    self.execute(Command.ADD_COOKIE, {'cookie': cookie_dict})
  File "/Library/Frameworks/Python.framework/Versions/3.10/lib/python3.10/site-packages/selenium/webdriver/remote/webdriver.py", line 425, in execute
    self.error_handler.check_response(response)
  File "/Library/Frameworks/Python.framework/Versions/3.10/lib/python3.10/site-packages/selenium/webdriver/remote/errorhandler.py", line 247, in check_response
    raise exception_class(message, screen, stacktrace)
selenium.common.exceptions.NoSuchWindowException: Message: no such window: target window already closed
from unknown error: web view not found
  (Session info: chrome=112.0.5615.49)
Stacktrace:
0   chromedriver                        0x0000000101015670 chromedriver + 4298352
1   chromedriver                        0x000000010100dbbc chromedriver + 4266940
2   chromedriver                        0x0000000100c40758 chromedriver + 280408
3   chromedriver                        0x0000000100c1acc8 chromedriver + 126152
4   chromedriver                        0x0000000100ca0aac chromedriver + 674476
5   chromedriver                        0x0000000100cb3890 chromedriver + 751760
6   chromedriver                        0x0000000100c6e2d0 chromedriver + 467664
7   chromedriver                        0x0000000100c6f354 chromedriver + 471892
8   chromedriver                        0x0000000100fd56c4 chromedriver + 4036292
9   chromedriver                        0x0000000100fd9c64 chromedriver + 4054116
10  chromedriver                        0x0000000100fe02d8 chromedriver + 4080344
11  chromedriver                        0x0000000100fda970 chromedriver + 4057456
12  chromedriver                        0x0000000100fb18dc chromedriver + 3889372
13  chromedriver                        0x0000000100ff925c chromedriver + 4182620
14  chromedriver                        0x0000000100ff93b4 chromedriver + 4182964
15  chromedriver                        0x00000001010080f4 chromedriver + 4243700
16  libsystem_pthread.dylib             0x00000001967e9240 _pthread_start + 148
17  libsystem_pthread.dylib             0x00000001967e4024 thread_start + 8

2023-04-11 17:21:37,197 - Uncaught exception - communicationHandler:57
Traceback (most recent call last):
  File "/Users/dnsn/Desktop/flask_POST_NOFAIL/cookieHandler.py", line 59, in <module>
    injectCookies()
  File "/Users/dnsn/Desktop/flask_POST_NOFAIL/cookieHandler.py", line 48, in injectCookies
    time.sleep(2)
KeyboardInterrupt
2023-04-11 17:39:03,065 - Exception in post - communicationHandler:74
Traceback (most recent call last):
  File "/Users/dnsn/Desktop/flask_POST_NOFAIL/scrapeHandler.py", line 98, in scarpe_and_stat
    repost_check=post.find_element(By.CSS_SELECTOR,'.update-components-header__text-view')
  File "/Library/Frameworks/Python.framework/Versions/3.10/lib/python3.10/site-packages/selenium/webdriver/remote/webelement.py", line 735, in find_element
    return self._execute(Command.FIND_CHILD_ELEMENT,
  File "/Library/Frameworks/Python.framework/Versions/3.10/lib/python3.10/site-packages/selenium/webdriver/remote/webelement.py", line 710, in _execute
    return self._parent.execute(command, params)
  File "/Library/Frameworks/Python.framework/Versions/3.10/lib/python3.10/site-packages/selenium/webdriver/remote/webdriver.py", line 425, in execute
    self.error_handler.check_response(response)
  File "/Library/Frameworks/Python.framework/Versions/3.10/lib/python3.10/site-packages/selenium/webdriver/remote/errorhandler.py", line 247, in check_response
    raise exception_class(message, screen, stacktrace)
selenium.common.exceptions.NoSuchElementException: Message: no such element: Unable to locate element: {"method":"css selector","selector":".update-components-header__text-view"}
  (Session info: chrome=112.0.5615.49)
Stacktrace:
0   chromedriver                        0x0000000104a3d670 chromedriver + 4298352
1   chromedriver                        0x0000000104a35bbc chromedriver + 4266940
2   chromedriver                        0x0000000104668758 chromedriver + 280408
3   chromedriver                        0x00000001046a3b38 chromedriver + 523064
4   chromedriver                        0x0000000104697b90 chromedriver + 474000
5   chromedriver                        0x00000001046dc080 chromedriver + 753792
6   chromedriver                        0x00000001046962d0 chromedriver + 467664
7   chromedriver                        0x0000000104697354 chromedriver + 471892
8   chromedriver                        0x00000001049fd6c4 chromedriver + 4036292
9   chromedriver                        0x0000000104a01c64 chromedriver + 4054116
10  chromedriver                        0x0000000104a082d8 chromedriver + 4080344
11  chromedriver                        0x0000000104a02970 chromedriver + 4057456
12  chromedriver                        0x00000001049d98dc chromedriver + 3889372
13  chromedriver                        0x0000000104a2125c chromedriver + 4182620
14  chromedriver                        0x0000000104a213b4 chromedriver + 4182964
15  chromedriver                        0x0000000104a300f4 chromedriver + 4243700
16  libsystem_pthread.dylib             0x00000001967e9240 _pthread_start + 148
17  libsystem_pthread.dylib             0x00000001967e4024 thread_start + 8


During handling of the above exception, another exception occurred:

Traceback (most recent call last):
  File "/Users/dnsn/Desktop/flask_POST_NOFAIL/scrapeHandler.py", line 134, in scarpe_and_stat
    likes = int(post.find_element(By.CSS_SELECTOR,'.social-details-social-counts__reactions-count'))
TypeError: int() argument must be a string, a bytes-like object or a real number, not 'WebElement'
2023-04-11 17:39:03,112 - Exception in post - communicationHandler:74
Traceback (most recent call last):
  File "/Users/dnsn/Desktop/flask_POST_NOFAIL/scrapeHandler.py", line 98, in scarpe_and_stat
    repost_check=post.find_element(By.CSS_SELECTOR,'.update-components-header__text-view')
  File "/Library/Frameworks/Python.framework/Versions/3.10/lib/python3.10/site-packages/selenium/webdriver/remote/webelement.py", line 735, in find_element
    return self._execute(Command.FIND_CHILD_ELEMENT,
  File "/Library/Frameworks/Python.framework/Versions/3.10/lib/python3.10/site-packages/selenium/webdriver/remote/webelement.py", line 710, in _execute
    return self._parent.execute(command, params)
  File "/Library/Frameworks/Python.framework/Versions/3.10/lib/python3.10/site-packages/selenium/webdriver/remote/webdriver.py", line 425, in execute
    self.error_handler.check_response(response)
  File "/Library/Frameworks/Python.framework/Versions/3.10/lib/python3.10/site-packages/selenium/webdriver/remote/errorhandler.py", line 247, in check_response
    raise exception_class(message, screen, stacktrace)
selenium.common.exceptions.NoSuchElementException: Message: no such element: Unable to locate element: {"method":"css selector","selector":".update-components-header__text-view"}
  (Session info: chrome=112.0.5615.49)
Stacktrace:
0   chromedriver                        0x0000000104a3d670 chromedriver + 4298352
1   chromedriver                        0x0000000104a35bbc chromedriver + 4266940
2   chromedriver                        0x0000000104668758 chromedriver + 280408
3   chromedriver                        0x00000001046a3b38 chromedriver + 523064
4   chromedriver                        0x0000000104697b90 chromedriver + 474000
5   chromedriver                        0x00000001046dc080 chromedriver + 753792
6   chromedriver                        0x00000001046962d0 chromedriver + 467664
7   chromedriver                        0x0000000104697354 chromedriver + 471892
8   chromedriver                        0x00000001049fd6c4 chromedriver + 4036292
9   chromedriver                        0x0000000104a01c64 chromedriver + 4054116
10  chromedriver                        0x0000000104a082d8 chromedriver + 4080344
11  chromedriver                        0x0000000104a02970 chromedriver + 4057456
12  chromedriver                        0x00000001049d98dc chromedriver + 3889372
13  chromedriver                        0x0000000104a2125c chromedriver + 4182620
14  chromedriver                        0x0000000104a213b4 chromedriver + 4182964
15  chromedriver                        0x0000000104a300f4 chromedriver + 4243700
16  libsystem_pthread.dylib             0x00000001967e9240 _pthread_start + 148
17  libsystem_pthread.dylib             0x00000001967e4024 thread_start + 8


During handling of the above exception, another exception occurred:

Traceback (most recent call last):
  File "/Users/dnsn/Desktop/flask_POST_NOFAIL/scrapeHandler.py", line 134, in scarpe_and_stat
    likes = int(post.find_element(By.CSS_SELECTOR,'.social-details-social-counts__reactions-count'))
TypeError: int() argument must be a string, a bytes-like object or a real number, not 'WebElement'
2023-04-11 17:39:03,159 - Exception in post - communicationHandler:74
Traceback (most recent call last):
  File "/Users/dnsn/Desktop/flask_POST_NOFAIL/scrapeHandler.py", line 98, in scarpe_and_stat
    repost_check=post.find_element(By.CSS_SELECTOR,'.update-components-header__text-view')
  File "/Library/Frameworks/Python.framework/Versions/3.10/lib/python3.10/site-packages/selenium/webdriver/remote/webelement.py", line 735, in find_element
    return self._execute(Command.FIND_CHILD_ELEMENT,
  File "/Library/Frameworks/Python.framework/Versions/3.10/lib/python3.10/site-packages/selenium/webdriver/remote/webelement.py", line 710, in _execute
    return self._parent.execute(command, params)
  File "/Library/Frameworks/Python.framework/Versions/3.10/lib/python3.10/site-packages/selenium/webdriver/remote/webdriver.py", line 425, in execute
    self.error_handler.check_response(response)
  File "/Library/Frameworks/Python.framework/Versions/3.10/lib/python3.10/site-packages/selenium/webdriver/remote/errorhandler.py", line 247, in check_response
    raise exception_class(message, screen, stacktrace)
selenium.common.exceptions.NoSuchElementException: Message: no such element: Unable to locate element: {"method":"css selector","selector":".update-components-header__text-view"}
  (Session info: chrome=112.0.5615.49)
Stacktrace:
0   chromedriver                        0x0000000104a3d670 chromedriver + 4298352
1   chromedriver                        0x0000000104a35bbc chromedriver + 4266940
2   chromedriver                        0x0000000104668758 chromedriver + 280408
3   chromedriver                        0x00000001046a3b38 chromedriver + 523064
4   chromedriver                        0x0000000104697b90 chromedriver + 474000
5   chromedriver                        0x00000001046dc080 chromedriver + 753792
6   chromedriver                        0x00000001046962d0 chromedriver + 467664
7   chromedriver                        0x0000000104697354 chromedriver + 471892
8   chromedriver                        0x00000001049fd6c4 chromedriver + 4036292
9   chromedriver                        0x0000000104a01c64 chromedriver + 4054116
10  chromedriver                        0x0000000104a082d8 chromedriver + 4080344
11  chromedriver                        0x0000000104a02970 chromedriver + 4057456
12  chromedriver                        0x00000001049d98dc chromedriver + 3889372
13  chromedriver                        0x0000000104a2125c chromedriver + 4182620
14  chromedriver                        0x0000000104a213b4 chromedriver + 4182964
15  chromedriver                        0x0000000104a300f4 chromedriver + 4243700
16  libsystem_pthread.dylib             0x00000001967e9240 _pthread_start + 148
17  libsystem_pthread.dylib             0x00000001967e4024 thread_start + 8


During handling of the above exception, another exception occurred:

Traceback (most recent call last):
  File "/Users/dnsn/Desktop/flask_POST_NOFAIL/scrapeHandler.py", line 134, in scarpe_and_stat
    likes = int(post.find_element(By.CSS_SELECTOR,'.social-details-social-counts__reactions-count'))
TypeError: int() argument must be a string, a bytes-like object or a real number, not 'WebElement'
2023-04-11 17:39:03,206 - Exception in post - communicationHandler:74
Traceback (most recent call last):
  File "/Users/dnsn/Desktop/flask_POST_NOFAIL/scrapeHandler.py", line 98, in scarpe_and_stat
    repost_check=post.find_element(By.CSS_SELECTOR,'.update-components-header__text-view')
  File "/Library/Frameworks/Python.framework/Versions/3.10/lib/python3.10/site-packages/selenium/webdriver/remote/webelement.py", line 735, in find_element
    return self._execute(Command.FIND_CHILD_ELEMENT,
  File "/Library/Frameworks/Python.framework/Versions/3.10/lib/python3.10/site-packages/selenium/webdriver/remote/webelement.py", line 710, in _execute
    return self._parent.execute(command, params)
  File "/Library/Frameworks/Python.framework/Versions/3.10/lib/python3.10/site-packages/selenium/webdriver/remote/webdriver.py", line 425, in execute
    self.error_handler.check_response(response)
  File "/Library/Frameworks/Python.framework/Versions/3.10/lib/python3.10/site-packages/selenium/webdriver/remote/errorhandler.py", line 247, in check_response
    raise exception_class(message, screen, stacktrace)
selenium.common.exceptions.NoSuchElementException: Message: no such element: Unable to locate element: {"method":"css selector","selector":".update-components-header__text-view"}
  (Session info: chrome=112.0.5615.49)
Stacktrace:
0   chromedriver                        0x0000000104a3d670 chromedriver + 4298352
1   chromedriver                        0x0000000104a35bbc chromedriver + 4266940
2   chromedriver                        0x0000000104668758 chromedriver + 280408
3   chromedriver                        0x00000001046a3b38 chromedriver + 523064
4   chromedriver                        0x0000000104697b90 chromedriver + 474000
5   chromedriver                        0x00000001046dc080 chromedriver + 753792
6   chromedriver                        0x00000001046962d0 chromedriver + 467664
7   chromedriver                        0x0000000104697354 chromedriver + 471892
8   chromedriver                        0x00000001049fd6c4 chromedriver + 4036292
9   chromedriver                        0x0000000104a01c64 chromedriver + 4054116
10  chromedriver                        0x0000000104a082d8 chromedriver + 4080344
11  chromedriver                        0x0000000104a02970 chromedriver + 4057456
12  chromedriver                        0x00000001049d98dc chromedriver + 3889372
13  chromedriver                        0x0000000104a2125c chromedriver + 4182620
14  chromedriver                        0x0000000104a213b4 chromedriver + 4182964
15  chromedriver                        0x0000000104a300f4 chromedriver + 4243700
16  libsystem_pthread.dylib             0x00000001967e9240 _pthread_start + 148
17  libsystem_pthread.dylib             0x00000001967e4024 thread_start + 8


During handling of the above exception, another exception occurred:

Traceback (most recent call last):
  File "/Users/dnsn/Desktop/flask_POST_NOFAIL/scrapeHandler.py", line 134, in scarpe_and_stat
    likes = int(post.find_element(By.CSS_SELECTOR,'.social-details-social-counts__reactions-count'))
TypeError: int() argument must be a string, a bytes-like object or a real number, not 'WebElement'
2023-04-11 17:39:03,254 - Exception in post - communicationHandler:74
Traceback (most recent call last):
  File "/Users/dnsn/Desktop/flask_POST_NOFAIL/scrapeHandler.py", line 98, in scarpe_and_stat
    repost_check=post.find_element(By.CSS_SELECTOR,'.update-components-header__text-view')
  File "/Library/Frameworks/Python.framework/Versions/3.10/lib/python3.10/site-packages/selenium/webdriver/remote/webelement.py", line 735, in find_element
    return self._execute(Command.FIND_CHILD_ELEMENT,
  File "/Library/Frameworks/Python.framework/Versions/3.10/lib/python3.10/site-packages/selenium/webdriver/remote/webelement.py", line 710, in _execute
    return self._parent.execute(command, params)
  File "/Library/Frameworks/Python.framework/Versions/3.10/lib/python3.10/site-packages/selenium/webdriver/remote/webdriver.py", line 425, in execute
    self.error_handler.check_response(response)
  File "/Library/Frameworks/Python.framework/Versions/3.10/lib/python3.10/site-packages/selenium/webdriver/remote/errorhandler.py", line 247, in check_response
    raise exception_class(message, screen, stacktrace)
selenium.common.exceptions.NoSuchElementException: Message: no such element: Unable to locate element: {"method":"css selector","selector":".update-components-header__text-view"}
  (Session info: chrome=112.0.5615.49)
Stacktrace:
0   chromedriver                        0x0000000104a3d670 chromedriver + 4298352
1   chromedriver                        0x0000000104a35bbc chromedriver + 4266940
2   chromedriver                        0x0000000104668758 chromedriver + 280408
3   chromedriver                        0x00000001046a3b38 chromedriver + 523064
4   chromedriver                        0x0000000104697b90 chromedriver + 474000
5   chromedriver                        0x00000001046dc080 chromedriver + 753792
6   chromedriver                        0x00000001046962d0 chromedriver + 467664
7   chromedriver                        0x0000000104697354 chromedriver + 471892
8   chromedriver                        0x00000001049fd6c4 chromedriver + 4036292
9   chromedriver                        0x0000000104a01c64 chromedriver + 4054116
10  chromedriver                        0x0000000104a082d8 chromedriver + 4080344
11  chromedriver                        0x0000000104a02970 chromedriver + 4057456
12  chromedriver                        0x00000001049d98dc chromedriver + 3889372
13  chromedriver                        0x0000000104a2125c chromedriver + 4182620
14  chromedriver                        0x0000000104a213b4 chromedriver + 4182964
15  chromedriver                        0x0000000104a300f4 chromedriver + 4243700
16  libsystem_pthread.dylib             0x00000001967e9240 _pthread_start + 148
17  libsystem_pthread.dylib             0x00000001967e4024 thread_start + 8


During handling of the above exception, another exception occurred:

Traceback (most recent call last):
  File "/Users/dnsn/Desktop/flask_POST_NOFAIL/scrapeHandler.py", line 134, in scarpe_and_stat
    likes = int(post.find_element(By.CSS_SELECTOR,'.social-details-social-counts__reactions-count'))
TypeError: int() argument must be a string, a bytes-like object or a real number, not 'WebElement'
2023-04-11 17:39:03,301 - Exception in post - communicationHandler:74
Traceback (most recent call last):
  File "/Users/dnsn/Desktop/flask_POST_NOFAIL/scrapeHandler.py", line 98, in scarpe_and_stat
    repost_check=post.find_element(By.CSS_SELECTOR,'.update-components-header__text-view')
  File "/Library/Frameworks/Python.framework/Versions/3.10/lib/python3.10/site-packages/selenium/webdriver/remote/webelement.py", line 735, in find_element
    return self._execute(Command.FIND_CHILD_ELEMENT,
  File "/Library/Frameworks/Python.framework/Versions/3.10/lib/python3.10/site-packages/selenium/webdriver/remote/webelement.py", line 710, in _execute
    return self._parent.execute(command, params)
  File "/Library/Frameworks/Python.framework/Versions/3.10/lib/python3.10/site-packages/selenium/webdriver/remote/webdriver.py", line 425, in execute
    self.error_handler.check_response(response)
  File "/Library/Frameworks/Python.framework/Versions/3.10/lib/python3.10/site-packages/selenium/webdriver/remote/errorhandler.py", line 247, in check_response
    raise exception_class(message, screen, stacktrace)
selenium.common.exceptions.NoSuchElementException: Message: no such element: Unable to locate element: {"method":"css selector","selector":".update-components-header__text-view"}
  (Session info: chrome=112.0.5615.49)
Stacktrace:
0   chromedriver                        0x0000000104a3d670 chromedriver + 4298352
1   chromedriver                        0x0000000104a35bbc chromedriver + 4266940
2   chromedriver                        0x0000000104668758 chromedriver + 280408
3   chromedriver                        0x00000001046a3b38 chromedriver + 523064
4   chromedriver                        0x0000000104697b90 chromedriver + 474000
5   chromedriver                        0x00000001046dc080 chromedriver + 753792
6   chromedriver                        0x00000001046962d0 chromedriver + 467664
7   chromedriver                        0x0000000104697354 chromedriver + 471892
8   chromedriver                        0x00000001049fd6c4 chromedriver + 4036292
9   chromedriver                        0x0000000104a01c64 chromedriver + 4054116
10  chromedriver                        0x0000000104a082d8 chromedriver + 4080344
11  chromedriver                        0x0000000104a02970 chromedriver + 4057456
12  chromedriver                        0x00000001049d98dc chromedriver + 3889372
13  chromedriver                        0x0000000104a2125c chromedriver + 4182620
14  chromedriver                        0x0000000104a213b4 chromedriver + 4182964
15  chromedriver                        0x0000000104a300f4 chromedriver + 4243700
16  libsystem_pthread.dylib             0x00000001967e9240 _pthread_start + 148
17  libsystem_pthread.dylib             0x00000001967e4024 thread_start + 8


During handling of the above exception, another exception occurred:

Traceback (most recent call last):
  File "/Users/dnsn/Desktop/flask_POST_NOFAIL/scrapeHandler.py", line 134, in scarpe_and_stat
    likes = int(post.find_element(By.CSS_SELECTOR,'.social-details-social-counts__reactions-count'))
TypeError: int() argument must be a string, a bytes-like object or a real number, not 'WebElement'
2023-04-11 17:39:03,350 - Exception in post - communicationHandler:74
Traceback (most recent call last):
  File "/Users/dnsn/Desktop/flask_POST_NOFAIL/scrapeHandler.py", line 98, in scarpe_and_stat
    repost_check=post.find_element(By.CSS_SELECTOR,'.update-components-header__text-view')
  File "/Library/Frameworks/Python.framework/Versions/3.10/lib/python3.10/site-packages/selenium/webdriver/remote/webelement.py", line 735, in find_element
    return self._execute(Command.FIND_CHILD_ELEMENT,
  File "/Library/Frameworks/Python.framework/Versions/3.10/lib/python3.10/site-packages/selenium/webdriver/remote/webelement.py", line 710, in _execute
    return self._parent.execute(command, params)
  File "/Library/Frameworks/Python.framework/Versions/3.10/lib/python3.10/site-packages/selenium/webdriver/remote/webdriver.py", line 425, in execute
    self.error_handler.check_response(response)
  File "/Library/Frameworks/Python.framework/Versions/3.10/lib/python3.10/site-packages/selenium/webdriver/remote/errorhandler.py", line 247, in check_response
    raise exception_class(message, screen, stacktrace)
selenium.common.exceptions.NoSuchElementException: Message: no such element: Unable to locate element: {"method":"css selector","selector":".update-components-header__text-view"}
  (Session info: chrome=112.0.5615.49)
Stacktrace:
0   chromedriver                        0x0000000104a3d670 chromedriver + 4298352
1   chromedriver                        0x0000000104a35bbc chromedriver + 4266940
2   chromedriver                        0x0000000104668758 chromedriver + 280408
3   chromedriver                        0x00000001046a3b38 chromedriver + 523064
4   chromedriver                        0x0000000104697b90 chromedriver + 474000
5   chromedriver                        0x00000001046dc080 chromedriver + 753792
6   chromedriver                        0x00000001046962d0 chromedriver + 467664
7   chromedriver                        0x0000000104697354 chromedriver + 471892
8   chromedriver                        0x00000001049fd6c4 chromedriver + 4036292
9   chromedriver                        0x0000000104a01c64 chromedriver + 4054116
10  chromedriver                        0x0000000104a082d8 chromedriver + 4080344
11  chromedriver                        0x0000000104a02970 chromedriver + 4057456
12  chromedriver                        0x00000001049d98dc chromedriver + 3889372
13  chromedriver                        0x0000000104a2125c chromedriver + 4182620
14  chromedriver                        0x0000000104a213b4 chromedriver + 4182964
15  chromedriver                        0x0000000104a300f4 chromedriver + 4243700
16  libsystem_pthread.dylib             0x00000001967e9240 _pthread_start + 148
17  libsystem_pthread.dylib             0x00000001967e4024 thread_start + 8


During handling of the above exception, another exception occurred:

Traceback (most recent call last):
  File "/Users/dnsn/Desktop/flask_POST_NOFAIL/scrapeHandler.py", line 134, in scarpe_and_stat
    likes = int(post.find_element(By.CSS_SELECTOR,'.social-details-social-counts__reactions-count'))
TypeError: int() argument must be a string, a bytes-like object or a real number, not 'WebElement'
2023-04-11 17:39:03,402 - Exception in post - communicationHandler:74
Traceback (most recent call last):
  File "/Users/dnsn/Desktop/flask_POST_NOFAIL/scrapeHandler.py", line 98, in scarpe_and_stat
    repost_check=post.find_element(By.CSS_SELECTOR,'.update-components-header__text-view')
  File "/Library/Frameworks/Python.framework/Versions/3.10/lib/python3.10/site-packages/selenium/webdriver/remote/webelement.py", line 735, in find_element
    return self._execute(Command.FIND_CHILD_ELEMENT,
  File "/Library/Frameworks/Python.framework/Versions/3.10/lib/python3.10/site-packages/selenium/webdriver/remote/webelement.py", line 710, in _execute
    return self._parent.execute(command, params)
  File "/Library/Frameworks/Python.framework/Versions/3.10/lib/python3.10/site-packages/selenium/webdriver/remote/webdriver.py", line 425, in execute
    self.error_handler.check_response(response)
  File "/Library/Frameworks/Python.framework/Versions/3.10/lib/python3.10/site-packages/selenium/webdriver/remote/errorhandler.py", line 247, in check_response
    raise exception_class(message, screen, stacktrace)
selenium.common.exceptions.NoSuchElementException: Message: no such element: Unable to locate element: {"method":"css selector","selector":".update-components-header__text-view"}
  (Session info: chrome=112.0.5615.49)
Stacktrace:
0   chromedriver                        0x0000000104a3d670 chromedriver + 4298352
1   chromedriver                        0x0000000104a35bbc chromedriver + 4266940
2   chromedriver                        0x0000000104668758 chromedriver + 280408
3   chromedriver                        0x00000001046a3b38 chromedriver + 523064
4   chromedriver                        0x0000000104697b90 chromedriver + 474000
5   chromedriver                        0x00000001046dc080 chromedriver + 753792
6   chromedriver                        0x00000001046962d0 chromedriver + 467664
7   chromedriver                        0x0000000104697354 chromedriver + 471892
8   chromedriver                        0x00000001049fd6c4 chromedriver + 4036292
9   chromedriver                        0x0000000104a01c64 chromedriver + 4054116
10  chromedriver                        0x0000000104a082d8 chromedriver + 4080344
11  chromedriver                        0x0000000104a02970 chromedriver + 4057456
12  chromedriver                        0x00000001049d98dc chromedriver + 3889372
13  chromedriver                        0x0000000104a2125c chromedriver + 4182620
14  chromedriver                        0x0000000104a213b4 chromedriver + 4182964
15  chromedriver                        0x0000000104a300f4 chromedriver + 4243700
16  libsystem_pthread.dylib             0x00000001967e9240 _pthread_start + 148
17  libsystem_pthread.dylib             0x00000001967e4024 thread_start + 8


During handling of the above exception, another exception occurred:

Traceback (most recent call last):
  File "/Users/dnsn/Desktop/flask_POST_NOFAIL/scrapeHandler.py", line 134, in scarpe_and_stat
    likes = int(post.find_element(By.CSS_SELECTOR,'.social-details-social-counts__reactions-count'))
TypeError: int() argument must be a string, a bytes-like object or a real number, not 'WebElement'
2023-04-11 17:39:03,451 - Exception in post - communicationHandler:74
Traceback (most recent call last):
  File "/Users/dnsn/Desktop/flask_POST_NOFAIL/scrapeHandler.py", line 98, in scarpe_and_stat
    repost_check=post.find_element(By.CSS_SELECTOR,'.update-components-header__text-view')
  File "/Library/Frameworks/Python.framework/Versions/3.10/lib/python3.10/site-packages/selenium/webdriver/remote/webelement.py", line 735, in find_element
    return self._execute(Command.FIND_CHILD_ELEMENT,
  File "/Library/Frameworks/Python.framework/Versions/3.10/lib/python3.10/site-packages/selenium/webdriver/remote/webelement.py", line 710, in _execute
    return self._parent.execute(command, params)
  File "/Library/Frameworks/Python.framework/Versions/3.10/lib/python3.10/site-packages/selenium/webdriver/remote/webdriver.py", line 425, in execute
    self.error_handler.check_response(response)
  File "/Library/Frameworks/Python.framework/Versions/3.10/lib/python3.10/site-packages/selenium/webdriver/remote/errorhandler.py", line 247, in check_response
    raise exception_class(message, screen, stacktrace)
selenium.common.exceptions.NoSuchElementException: Message: no such element: Unable to locate element: {"method":"css selector","selector":".update-components-header__text-view"}
  (Session info: chrome=112.0.5615.49)
Stacktrace:
0   chromedriver                        0x0000000104a3d670 chromedriver + 4298352
1   chromedriver                        0x0000000104a35bbc chromedriver + 4266940
2   chromedriver                        0x0000000104668758 chromedriver + 280408
3   chromedriver                        0x00000001046a3b38 chromedriver + 523064
4   chromedriver                        0x0000000104697b90 chromedriver + 474000
5   chromedriver                        0x00000001046dc080 chromedriver + 753792
6   chromedriver                        0x00000001046962d0 chromedriver + 467664
7   chromedriver                        0x0000000104697354 chromedriver + 471892
8   chromedriver                        0x00000001049fd6c4 chromedriver + 4036292
9   chromedriver                        0x0000000104a01c64 chromedriver + 4054116
10  chromedriver                        0x0000000104a082d8 chromedriver + 4080344
11  chromedriver                        0x0000000104a02970 chromedriver + 4057456
12  chromedriver                        0x00000001049d98dc chromedriver + 3889372
13  chromedriver                        0x0000000104a2125c chromedriver + 4182620
14  chromedriver                        0x0000000104a213b4 chromedriver + 4182964
15  chromedriver                        0x0000000104a300f4 chromedriver + 4243700
16  libsystem_pthread.dylib             0x00000001967e9240 _pthread_start + 148
17  libsystem_pthread.dylib             0x00000001967e4024 thread_start + 8


During handling of the above exception, another exception occurred:

Traceback (most recent call last):
  File "/Users/dnsn/Desktop/flask_POST_NOFAIL/scrapeHandler.py", line 134, in scarpe_and_stat
    likes = int(post.find_element(By.CSS_SELECTOR,'.social-details-social-counts__reactions-count'))
TypeError: int() argument must be a string, a bytes-like object or a real number, not 'WebElement'
2023-04-11 17:39:03,505 - Exception in post - communicationHandler:74
Traceback (most recent call last):
  File "/Users/dnsn/Desktop/flask_POST_NOFAIL/scrapeHandler.py", line 98, in scarpe_and_stat
    repost_check=post.find_element(By.CSS_SELECTOR,'.update-components-header__text-view')
  File "/Library/Frameworks/Python.framework/Versions/3.10/lib/python3.10/site-packages/selenium/webdriver/remote/webelement.py", line 735, in find_element
    return self._execute(Command.FIND_CHILD_ELEMENT,
  File "/Library/Frameworks/Python.framework/Versions/3.10/lib/python3.10/site-packages/selenium/webdriver/remote/webelement.py", line 710, in _execute
    return self._parent.execute(command, params)
  File "/Library/Frameworks/Python.framework/Versions/3.10/lib/python3.10/site-packages/selenium/webdriver/remote/webdriver.py", line 425, in execute
    self.error_handler.check_response(response)
  File "/Library/Frameworks/Python.framework/Versions/3.10/lib/python3.10/site-packages/selenium/webdriver/remote/errorhandler.py", line 247, in check_response
    raise exception_class(message, screen, stacktrace)
selenium.common.exceptions.NoSuchElementException: Message: no such element: Unable to locate element: {"method":"css selector","selector":".update-components-header__text-view"}
  (Session info: chrome=112.0.5615.49)
Stacktrace:
0   chromedriver                        0x0000000104a3d670 chromedriver + 4298352
1   chromedriver                        0x0000000104a35bbc chromedriver + 4266940
2   chromedriver                        0x0000000104668758 chromedriver + 280408
3   chromedriver                        0x00000001046a3b38 chromedriver + 523064
4   chromedriver                        0x0000000104697b90 chromedriver + 474000
5   chromedriver                        0x00000001046dc080 chromedriver + 753792
6   chromedriver                        0x00000001046962d0 chromedriver + 467664
7   chromedriver                        0x0000000104697354 chromedriver + 471892
8   chromedriver                        0x00000001049fd6c4 chromedriver + 4036292
9   chromedriver                        0x0000000104a01c64 chromedriver + 4054116
10  chromedriver                        0x0000000104a082d8 chromedriver + 4080344
11  chromedriver                        0x0000000104a02970 chromedriver + 4057456
12  chromedriver                        0x00000001049d98dc chromedriver + 3889372
13  chromedriver                        0x0000000104a2125c chromedriver + 4182620
14  chromedriver                        0x0000000104a213b4 chromedriver + 4182964
15  chromedriver                        0x0000000104a300f4 chromedriver + 4243700
16  libsystem_pthread.dylib             0x00000001967e9240 _pthread_start + 148
17  libsystem_pthread.dylib             0x00000001967e4024 thread_start + 8


During handling of the above exception, another exception occurred:

Traceback (most recent call last):
  File "/Users/dnsn/Desktop/flask_POST_NOFAIL/scrapeHandler.py", line 134, in scarpe_and_stat
    likes = int(post.find_element(By.CSS_SELECTOR,'.social-details-social-counts__reactions-count'))
TypeError: int() argument must be a string, a bytes-like object or a real number, not 'WebElement'
2023-04-11 17:39:03,568 - Exception in post - communicationHandler:74
Traceback (most recent call last):
  File "/Users/dnsn/Desktop/flask_POST_NOFAIL/scrapeHandler.py", line 98, in scarpe_and_stat
    repost_check=post.find_element(By.CSS_SELECTOR,'.update-components-header__text-view')
  File "/Library/Frameworks/Python.framework/Versions/3.10/lib/python3.10/site-packages/selenium/webdriver/remote/webelement.py", line 735, in find_element
    return self._execute(Command.FIND_CHILD_ELEMENT,
  File "/Library/Frameworks/Python.framework/Versions/3.10/lib/python3.10/site-packages/selenium/webdriver/remote/webelement.py", line 710, in _execute
    return self._parent.execute(command, params)
  File "/Library/Frameworks/Python.framework/Versions/3.10/lib/python3.10/site-packages/selenium/webdriver/remote/webdriver.py", line 425, in execute
    self.error_handler.check_response(response)
  File "/Library/Frameworks/Python.framework/Versions/3.10/lib/python3.10/site-packages/selenium/webdriver/remote/errorhandler.py", line 247, in check_response
    raise exception_class(message, screen, stacktrace)
selenium.common.exceptions.NoSuchElementException: Message: no such element: Unable to locate element: {"method":"css selector","selector":".update-components-header__text-view"}
  (Session info: chrome=112.0.5615.49)
Stacktrace:
0   chromedriver                        0x0000000104a3d670 chromedriver + 4298352
1   chromedriver                        0x0000000104a35bbc chromedriver + 4266940
2   chromedriver                        0x0000000104668758 chromedriver + 280408
3   chromedriver                        0x00000001046a3b38 chromedriver + 523064
4   chromedriver                        0x0000000104697b90 chromedriver + 474000
5   chromedriver                        0x00000001046dc080 chromedriver + 753792
6   chromedriver                        0x00000001046962d0 chromedriver + 467664
7   chromedriver                        0x0000000104697354 chromedriver + 471892
8   chromedriver                        0x00000001049fd6c4 chromedriver + 4036292
9   chromedriver                        0x0000000104a01c64 chromedriver + 4054116
10  chromedriver                        0x0000000104a082d8 chromedriver + 4080344
11  chromedriver                        0x0000000104a02970 chromedriver + 4057456
12  chromedriver                        0x00000001049d98dc chromedriver + 3889372
13  chromedriver                        0x0000000104a2125c chromedriver + 4182620
14  chromedriver                        0x0000000104a213b4 chromedriver + 4182964
15  chromedriver                        0x0000000104a300f4 chromedriver + 4243700
16  libsystem_pthread.dylib             0x00000001967e9240 _pthread_start + 148
17  libsystem_pthread.dylib             0x00000001967e4024 thread_start + 8


During handling of the above exception, another exception occurred:

Traceback (most recent call last):
  File "/Users/dnsn/Desktop/flask_POST_NOFAIL/scrapeHandler.py", line 134, in scarpe_and_stat
    likes = int(post.find_element(By.CSS_SELECTOR,'.social-details-social-counts__reactions-count'))
TypeError: int() argument must be a string, a bytes-like object or a real number, not 'WebElement'
2023-04-11 17:39:03,619 - Exception in post - communicationHandler:74
Traceback (most recent call last):
  File "/Users/dnsn/Desktop/flask_POST_NOFAIL/scrapeHandler.py", line 98, in scarpe_and_stat
    repost_check=post.find_element(By.CSS_SELECTOR,'.update-components-header__text-view')
  File "/Library/Frameworks/Python.framework/Versions/3.10/lib/python3.10/site-packages/selenium/webdriver/remote/webelement.py", line 735, in find_element
    return self._execute(Command.FIND_CHILD_ELEMENT,
  File "/Library/Frameworks/Python.framework/Versions/3.10/lib/python3.10/site-packages/selenium/webdriver/remote/webelement.py", line 710, in _execute
    return self._parent.execute(command, params)
  File "/Library/Frameworks/Python.framework/Versions/3.10/lib/python3.10/site-packages/selenium/webdriver/remote/webdriver.py", line 425, in execute
    self.error_handler.check_response(response)
  File "/Library/Frameworks/Python.framework/Versions/3.10/lib/python3.10/site-packages/selenium/webdriver/remote/errorhandler.py", line 247, in check_response
    raise exception_class(message, screen, stacktrace)
selenium.common.exceptions.NoSuchElementException: Message: no such element: Unable to locate element: {"method":"css selector","selector":".update-components-header__text-view"}
  (Session info: chrome=112.0.5615.49)
Stacktrace:
0   chromedriver                        0x0000000104a3d670 chromedriver + 4298352
1   chromedriver                        0x0000000104a35bbc chromedriver + 4266940
2   chromedriver                        0x0000000104668758 chromedriver + 280408
3   chromedriver                        0x00000001046a3b38 chromedriver + 523064
4   chromedriver                        0x0000000104697b90 chromedriver + 474000
5   chromedriver                        0x00000001046dc080 chromedriver + 753792
6   chromedriver                        0x00000001046962d0 chromedriver + 467664
7   chromedriver                        0x0000000104697354 chromedriver + 471892
8   chromedriver                        0x00000001049fd6c4 chromedriver + 4036292
9   chromedriver                        0x0000000104a01c64 chromedriver + 4054116
10  chromedriver                        0x0000000104a082d8 chromedriver + 4080344
11  chromedriver                        0x0000000104a02970 chromedriver + 4057456
12  chromedriver                        0x00000001049d98dc chromedriver + 3889372
13  chromedriver                        0x0000000104a2125c chromedriver + 4182620
14  chromedriver                        0x0000000104a213b4 chromedriver + 4182964
15  chromedriver                        0x0000000104a300f4 chromedriver + 4243700
16  libsystem_pthread.dylib             0x00000001967e9240 _pthread_start + 148
17  libsystem_pthread.dylib             0x00000001967e4024 thread_start + 8


During handling of the above exception, another exception occurred:

Traceback (most recent call last):
  File "/Users/dnsn/Desktop/flask_POST_NOFAIL/scrapeHandler.py", line 134, in scarpe_and_stat
    likes = int(post.find_element(By.CSS_SELECTOR,'.social-details-social-counts__reactions-count'))
TypeError: int() argument must be a string, a bytes-like object or a real number, not 'WebElement'
2023-04-11 17:39:03,671 - Exception in post - communicationHandler:74
Traceback (most recent call last):
  File "/Users/dnsn/Desktop/flask_POST_NOFAIL/scrapeHandler.py", line 98, in scarpe_and_stat
    repost_check=post.find_element(By.CSS_SELECTOR,'.update-components-header__text-view')
  File "/Library/Frameworks/Python.framework/Versions/3.10/lib/python3.10/site-packages/selenium/webdriver/remote/webelement.py", line 735, in find_element
    return self._execute(Command.FIND_CHILD_ELEMENT,
  File "/Library/Frameworks/Python.framework/Versions/3.10/lib/python3.10/site-packages/selenium/webdriver/remote/webelement.py", line 710, in _execute
    return self._parent.execute(command, params)
  File "/Library/Frameworks/Python.framework/Versions/3.10/lib/python3.10/site-packages/selenium/webdriver/remote/webdriver.py", line 425, in execute
    self.error_handler.check_response(response)
  File "/Library/Frameworks/Python.framework/Versions/3.10/lib/python3.10/site-packages/selenium/webdriver/remote/errorhandler.py", line 247, in check_response
    raise exception_class(message, screen, stacktrace)
selenium.common.exceptions.NoSuchElementException: Message: no such element: Unable to locate element: {"method":"css selector","selector":".update-components-header__text-view"}
  (Session info: chrome=112.0.5615.49)
Stacktrace:
0   chromedriver                        0x0000000104a3d670 chromedriver + 4298352
1   chromedriver                        0x0000000104a35bbc chromedriver + 4266940
2   chromedriver                        0x0000000104668758 chromedriver + 280408
3   chromedriver                        0x00000001046a3b38 chromedriver + 523064
4   chromedriver                        0x0000000104697b90 chromedriver + 474000
5   chromedriver                        0x00000001046dc080 chromedriver + 753792
6   chromedriver                        0x00000001046962d0 chromedriver + 467664
7   chromedriver                        0x0000000104697354 chromedriver + 471892
8   chromedriver                        0x00000001049fd6c4 chromedriver + 4036292
9   chromedriver                        0x0000000104a01c64 chromedriver + 4054116
10  chromedriver                        0x0000000104a082d8 chromedriver + 4080344
11  chromedriver                        0x0000000104a02970 chromedriver + 4057456
12  chromedriver                        0x00000001049d98dc chromedriver + 3889372
13  chromedriver                        0x0000000104a2125c chromedriver + 4182620
14  chromedriver                        0x0000000104a213b4 chromedriver + 4182964
15  chromedriver                        0x0000000104a300f4 chromedriver + 4243700
16  libsystem_pthread.dylib             0x00000001967e9240 _pthread_start + 148
17  libsystem_pthread.dylib             0x00000001967e4024 thread_start + 8


During handling of the above exception, another exception occurred:

Traceback (most recent call last):
  File "/Users/dnsn/Desktop/flask_POST_NOFAIL/scrapeHandler.py", line 134, in scarpe_and_stat
    likes = int(post.find_element(By.CSS_SELECTOR,'.social-details-social-counts__reactions-count'))
TypeError: int() argument must be a string, a bytes-like object or a real number, not 'WebElement'
2023-04-11 17:39:03,724 - Exception in post - communicationHandler:74
Traceback (most recent call last):
  File "/Users/dnsn/Desktop/flask_POST_NOFAIL/scrapeHandler.py", line 98, in scarpe_and_stat
    repost_check=post.find_element(By.CSS_SELECTOR,'.update-components-header__text-view')
  File "/Library/Frameworks/Python.framework/Versions/3.10/lib/python3.10/site-packages/selenium/webdriver/remote/webelement.py", line 735, in find_element
    return self._execute(Command.FIND_CHILD_ELEMENT,
  File "/Library/Frameworks/Python.framework/Versions/3.10/lib/python3.10/site-packages/selenium/webdriver/remote/webelement.py", line 710, in _execute
    return self._parent.execute(command, params)
  File "/Library/Frameworks/Python.framework/Versions/3.10/lib/python3.10/site-packages/selenium/webdriver/remote/webdriver.py", line 425, in execute
    self.error_handler.check_response(response)
  File "/Library/Frameworks/Python.framework/Versions/3.10/lib/python3.10/site-packages/selenium/webdriver/remote/errorhandler.py", line 247, in check_response
    raise exception_class(message, screen, stacktrace)
selenium.common.exceptions.NoSuchElementException: Message: no such element: Unable to locate element: {"method":"css selector","selector":".update-components-header__text-view"}
  (Session info: chrome=112.0.5615.49)
Stacktrace:
0   chromedriver                        0x0000000104a3d670 chromedriver + 4298352
1   chromedriver                        0x0000000104a35bbc chromedriver + 4266940
2   chromedriver                        0x0000000104668758 chromedriver + 280408
3   chromedriver                        0x00000001046a3b38 chromedriver + 523064
4   chromedriver                        0x0000000104697b90 chromedriver + 474000
5   chromedriver                        0x00000001046dc080 chromedriver + 753792
6   chromedriver                        0x00000001046962d0 chromedriver + 467664
7   chromedriver                        0x0000000104697354 chromedriver + 471892
8   chromedriver                        0x00000001049fd6c4 chromedriver + 4036292
9   chromedriver                        0x0000000104a01c64 chromedriver + 4054116
10  chromedriver                        0x0000000104a082d8 chromedriver + 4080344
11  chromedriver                        0x0000000104a02970 chromedriver + 4057456
12  chromedriver                        0x00000001049d98dc chromedriver + 3889372
13  chromedriver                        0x0000000104a2125c chromedriver + 4182620
14  chromedriver                        0x0000000104a213b4 chromedriver + 4182964
15  chromedriver                        0x0000000104a300f4 chromedriver + 4243700
16  libsystem_pthread.dylib             0x00000001967e9240 _pthread_start + 148
17  libsystem_pthread.dylib             0x00000001967e4024 thread_start + 8


During handling of the above exception, another exception occurred:

Traceback (most recent call last):
  File "/Users/dnsn/Desktop/flask_POST_NOFAIL/scrapeHandler.py", line 134, in scarpe_and_stat
    likes = int(post.find_element(By.CSS_SELECTOR,'.social-details-social-counts__reactions-count'))
TypeError: int() argument must be a string, a bytes-like object or a real number, not 'WebElement'
2023-04-11 17:39:03,778 - Exception in post - communicationHandler:74
Traceback (most recent call last):
  File "/Users/dnsn/Desktop/flask_POST_NOFAIL/scrapeHandler.py", line 98, in scarpe_and_stat
    repost_check=post.find_element(By.CSS_SELECTOR,'.update-components-header__text-view')
  File "/Library/Frameworks/Python.framework/Versions/3.10/lib/python3.10/site-packages/selenium/webdriver/remote/webelement.py", line 735, in find_element
    return self._execute(Command.FIND_CHILD_ELEMENT,
  File "/Library/Frameworks/Python.framework/Versions/3.10/lib/python3.10/site-packages/selenium/webdriver/remote/webelement.py", line 710, in _execute
    return self._parent.execute(command, params)
  File "/Library/Frameworks/Python.framework/Versions/3.10/lib/python3.10/site-packages/selenium/webdriver/remote/webdriver.py", line 425, in execute
    self.error_handler.check_response(response)
  File "/Library/Frameworks/Python.framework/Versions/3.10/lib/python3.10/site-packages/selenium/webdriver/remote/errorhandler.py", line 247, in check_response
    raise exception_class(message, screen, stacktrace)
selenium.common.exceptions.NoSuchElementException: Message: no such element: Unable to locate element: {"method":"css selector","selector":".update-components-header__text-view"}
  (Session info: chrome=112.0.5615.49)
Stacktrace:
0   chromedriver                        0x0000000104a3d670 chromedriver + 4298352
1   chromedriver                        0x0000000104a35bbc chromedriver + 4266940
2   chromedriver                        0x0000000104668758 chromedriver + 280408
3   chromedriver                        0x00000001046a3b38 chromedriver + 523064
4   chromedriver                        0x0000000104697b90 chromedriver + 474000
5   chromedriver                        0x00000001046dc080 chromedriver + 753792
6   chromedriver                        0x00000001046962d0 chromedriver + 467664
7   chromedriver                        0x0000000104697354 chromedriver + 471892
8   chromedriver                        0x00000001049fd6c4 chromedriver + 4036292
9   chromedriver                        0x0000000104a01c64 chromedriver + 4054116
10  chromedriver                        0x0000000104a082d8 chromedriver + 4080344
11  chromedriver                        0x0000000104a02970 chromedriver + 4057456
12  chromedriver                        0x00000001049d98dc chromedriver + 3889372
13  chromedriver                        0x0000000104a2125c chromedriver + 4182620
14  chromedriver                        0x0000000104a213b4 chromedriver + 4182964
15  chromedriver                        0x0000000104a300f4 chromedriver + 4243700
16  libsystem_pthread.dylib             0x00000001967e9240 _pthread_start + 148
17  libsystem_pthread.dylib             0x00000001967e4024 thread_start + 8


During handling of the above exception, another exception occurred:

Traceback (most recent call last):
  File "/Users/dnsn/Desktop/flask_POST_NOFAIL/scrapeHandler.py", line 134, in scarpe_and_stat
    likes = int(post.find_element(By.CSS_SELECTOR,'.social-details-social-counts__reactions-count'))
TypeError: int() argument must be a string, a bytes-like object or a real number, not 'WebElement'
2023-04-11 17:39:03,896 - Exception in post - communicationHandler:74
Traceback (most recent call last):
  File "/Users/dnsn/Desktop/flask_POST_NOFAIL/scrapeHandler.py", line 98, in scarpe_and_stat
    repost_check=post.find_element(By.CSS_SELECTOR,'.update-components-header__text-view')
  File "/Library/Frameworks/Python.framework/Versions/3.10/lib/python3.10/site-packages/selenium/webdriver/remote/webelement.py", line 735, in find_element
    return self._execute(Command.FIND_CHILD_ELEMENT,
  File "/Library/Frameworks/Python.framework/Versions/3.10/lib/python3.10/site-packages/selenium/webdriver/remote/webelement.py", line 710, in _execute
    return self._parent.execute(command, params)
  File "/Library/Frameworks/Python.framework/Versions/3.10/lib/python3.10/site-packages/selenium/webdriver/remote/webdriver.py", line 425, in execute
    self.error_handler.check_response(response)
  File "/Library/Frameworks/Python.framework/Versions/3.10/lib/python3.10/site-packages/selenium/webdriver/remote/errorhandler.py", line 247, in check_response
    raise exception_class(message, screen, stacktrace)
selenium.common.exceptions.NoSuchElementException: Message: no such element: Unable to locate element: {"method":"css selector","selector":".update-components-header__text-view"}
  (Session info: chrome=112.0.5615.49)
Stacktrace:
0   chromedriver                        0x0000000104a3d670 chromedriver + 4298352
1   chromedriver                        0x0000000104a35bbc chromedriver + 4266940
2   chromedriver                        0x0000000104668758 chromedriver + 280408
3   chromedriver                        0x00000001046a3b38 chromedriver + 523064
4   chromedriver                        0x0000000104697b90 chromedriver + 474000
5   chromedriver                        0x00000001046dc080 chromedriver + 753792
6   chromedriver                        0x00000001046962d0 chromedriver + 467664
7   chromedriver                        0x0000000104697354 chromedriver + 471892
8   chromedriver                        0x00000001049fd6c4 chromedriver + 4036292
9   chromedriver                        0x0000000104a01c64 chromedriver + 4054116
10  chromedriver                        0x0000000104a082d8 chromedriver + 4080344
11  chromedriver                        0x0000000104a02970 chromedriver + 4057456
12  chromedriver                        0x00000001049d98dc chromedriver + 3889372
13  chromedriver                        0x0000000104a2125c chromedriver + 4182620
14  chromedriver                        0x0000000104a213b4 chromedriver + 4182964
15  chromedriver                        0x0000000104a300f4 chromedriver + 4243700
16  libsystem_pthread.dylib             0x00000001967e9240 _pthread_start + 148
17  libsystem_pthread.dylib             0x00000001967e4024 thread_start + 8


During handling of the above exception, another exception occurred:

Traceback (most recent call last):
  File "/Users/dnsn/Desktop/flask_POST_NOFAIL/scrapeHandler.py", line 134, in scarpe_and_stat
    likes = int(post.find_element(By.CSS_SELECTOR,'.social-details-social-counts__reactions-count'))
TypeError: int() argument must be a string, a bytes-like object or a real number, not 'WebElement'
2023-04-11 17:39:03,952 - Exception in post - communicationHandler:74
Traceback (most recent call last):
  File "/Users/dnsn/Desktop/flask_POST_NOFAIL/scrapeHandler.py", line 98, in scarpe_and_stat
    repost_check=post.find_element(By.CSS_SELECTOR,'.update-components-header__text-view')
  File "/Library/Frameworks/Python.framework/Versions/3.10/lib/python3.10/site-packages/selenium/webdriver/remote/webelement.py", line 735, in find_element
    return self._execute(Command.FIND_CHILD_ELEMENT,
  File "/Library/Frameworks/Python.framework/Versions/3.10/lib/python3.10/site-packages/selenium/webdriver/remote/webelement.py", line 710, in _execute
    return self._parent.execute(command, params)
  File "/Library/Frameworks/Python.framework/Versions/3.10/lib/python3.10/site-packages/selenium/webdriver/remote/webdriver.py", line 425, in execute
    self.error_handler.check_response(response)
  File "/Library/Frameworks/Python.framework/Versions/3.10/lib/python3.10/site-packages/selenium/webdriver/remote/errorhandler.py", line 247, in check_response
    raise exception_class(message, screen, stacktrace)
selenium.common.exceptions.NoSuchElementException: Message: no such element: Unable to locate element: {"method":"css selector","selector":".update-components-header__text-view"}
  (Session info: chrome=112.0.5615.49)
Stacktrace:
0   chromedriver                        0x0000000104a3d670 chromedriver + 4298352
1   chromedriver                        0x0000000104a35bbc chromedriver + 4266940
2   chromedriver                        0x0000000104668758 chromedriver + 280408
3   chromedriver                        0x00000001046a3b38 chromedriver + 523064
4   chromedriver                        0x0000000104697b90 chromedriver + 474000
5   chromedriver                        0x00000001046dc080 chromedriver + 753792
6   chromedriver                        0x00000001046962d0 chromedriver + 467664
7   chromedriver                        0x0000000104697354 chromedriver + 471892
8   chromedriver                        0x00000001049fd6c4 chromedriver + 4036292
9   chromedriver                        0x0000000104a01c64 chromedriver + 4054116
10  chromedriver                        0x0000000104a082d8 chromedriver + 4080344
11  chromedriver                        0x0000000104a02970 chromedriver + 4057456
12  chromedriver                        0x00000001049d98dc chromedriver + 3889372
13  chromedriver                        0x0000000104a2125c chromedriver + 4182620
14  chromedriver                        0x0000000104a213b4 chromedriver + 4182964
15  chromedriver                        0x0000000104a300f4 chromedriver + 4243700
16  libsystem_pthread.dylib             0x00000001967e9240 _pthread_start + 148
17  libsystem_pthread.dylib             0x00000001967e4024 thread_start + 8


During handling of the above exception, another exception occurred:

Traceback (most recent call last):
  File "/Users/dnsn/Desktop/flask_POST_NOFAIL/scrapeHandler.py", line 134, in scarpe_and_stat
    likes = int(post.find_element(By.CSS_SELECTOR,'.social-details-social-counts__reactions-count'))
TypeError: int() argument must be a string, a bytes-like object or a real number, not 'WebElement'
2023-04-11 17:39:04,009 - Exception in post - communicationHandler:74
Traceback (most recent call last):
  File "/Users/dnsn/Desktop/flask_POST_NOFAIL/scrapeHandler.py", line 98, in scarpe_and_stat
    repost_check=post.find_element(By.CSS_SELECTOR,'.update-components-header__text-view')
  File "/Library/Frameworks/Python.framework/Versions/3.10/lib/python3.10/site-packages/selenium/webdriver/remote/webelement.py", line 735, in find_element
    return self._execute(Command.FIND_CHILD_ELEMENT,
  File "/Library/Frameworks/Python.framework/Versions/3.10/lib/python3.10/site-packages/selenium/webdriver/remote/webelement.py", line 710, in _execute
    return self._parent.execute(command, params)
  File "/Library/Frameworks/Python.framework/Versions/3.10/lib/python3.10/site-packages/selenium/webdriver/remote/webdriver.py", line 425, in execute
    self.error_handler.check_response(response)
  File "/Library/Frameworks/Python.framework/Versions/3.10/lib/python3.10/site-packages/selenium/webdriver/remote/errorhandler.py", line 247, in check_response
    raise exception_class(message, screen, stacktrace)
selenium.common.exceptions.NoSuchElementException: Message: no such element: Unable to locate element: {"method":"css selector","selector":".update-components-header__text-view"}
  (Session info: chrome=112.0.5615.49)
Stacktrace:
0   chromedriver                        0x0000000104a3d670 chromedriver + 4298352
1   chromedriver                        0x0000000104a35bbc chromedriver + 4266940
2   chromedriver                        0x0000000104668758 chromedriver + 280408
3   chromedriver                        0x00000001046a3b38 chromedriver + 523064
4   chromedriver                        0x0000000104697b90 chromedriver + 474000
5   chromedriver                        0x00000001046dc080 chromedriver + 753792
6   chromedriver                        0x00000001046962d0 chromedriver + 467664
7   chromedriver                        0x0000000104697354 chromedriver + 471892
8   chromedriver                        0x00000001049fd6c4 chromedriver + 4036292
9   chromedriver                        0x0000000104a01c64 chromedriver + 4054116
10  chromedriver                        0x0000000104a082d8 chromedriver + 4080344
11  chromedriver                        0x0000000104a02970 chromedriver + 4057456
12  chromedriver                        0x00000001049d98dc chromedriver + 3889372
13  chromedriver                        0x0000000104a2125c chromedriver + 4182620
14  chromedriver                        0x0000000104a213b4 chromedriver + 4182964
15  chromedriver                        0x0000000104a300f4 chromedriver + 4243700
16  libsystem_pthread.dylib             0x00000001967e9240 _pthread_start + 148
17  libsystem_pthread.dylib             0x00000001967e4024 thread_start + 8


During handling of the above exception, another exception occurred:

Traceback (most recent call last):
  File "/Users/dnsn/Desktop/flask_POST_NOFAIL/scrapeHandler.py", line 134, in scarpe_and_stat
    likes = int(post.find_element(By.CSS_SELECTOR,'.social-details-social-counts__reactions-count'))
TypeError: int() argument must be a string, a bytes-like object or a real number, not 'WebElement'
2023-04-11 17:39:04,068 - Exception in post - communicationHandler:74
Traceback (most recent call last):
  File "/Users/dnsn/Desktop/flask_POST_NOFAIL/scrapeHandler.py", line 98, in scarpe_and_stat
    repost_check=post.find_element(By.CSS_SELECTOR,'.update-components-header__text-view')
  File "/Library/Frameworks/Python.framework/Versions/3.10/lib/python3.10/site-packages/selenium/webdriver/remote/webelement.py", line 735, in find_element
    return self._execute(Command.FIND_CHILD_ELEMENT,
  File "/Library/Frameworks/Python.framework/Versions/3.10/lib/python3.10/site-packages/selenium/webdriver/remote/webelement.py", line 710, in _execute
    return self._parent.execute(command, params)
  File "/Library/Frameworks/Python.framework/Versions/3.10/lib/python3.10/site-packages/selenium/webdriver/remote/webdriver.py", line 425, in execute
    self.error_handler.check_response(response)
  File "/Library/Frameworks/Python.framework/Versions/3.10/lib/python3.10/site-packages/selenium/webdriver/remote/errorhandler.py", line 247, in check_response
    raise exception_class(message, screen, stacktrace)
selenium.common.exceptions.NoSuchElementException: Message: no such element: Unable to locate element: {"method":"css selector","selector":".update-components-header__text-view"}
  (Session info: chrome=112.0.5615.49)
Stacktrace:
0   chromedriver                        0x0000000104a3d670 chromedriver + 4298352
1   chromedriver                        0x0000000104a35bbc chromedriver + 4266940
2   chromedriver                        0x0000000104668758 chromedriver + 280408
3   chromedriver                        0x00000001046a3b38 chromedriver + 523064
4   chromedriver                        0x0000000104697b90 chromedriver + 474000
5   chromedriver                        0x00000001046dc080 chromedriver + 753792
6   chromedriver                        0x00000001046962d0 chromedriver + 467664
7   chromedriver                        0x0000000104697354 chromedriver + 471892
8   chromedriver                        0x00000001049fd6c4 chromedriver + 4036292
9   chromedriver                        0x0000000104a01c64 chromedriver + 4054116
10  chromedriver                        0x0000000104a082d8 chromedriver + 4080344
11  chromedriver                        0x0000000104a02970 chromedriver + 4057456
12  chromedriver                        0x00000001049d98dc chromedriver + 3889372
13  chromedriver                        0x0000000104a2125c chromedriver + 4182620
14  chromedriver                        0x0000000104a213b4 chromedriver + 4182964
15  chromedriver                        0x0000000104a300f4 chromedriver + 4243700
16  libsystem_pthread.dylib             0x00000001967e9240 _pthread_start + 148
17  libsystem_pthread.dylib             0x00000001967e4024 thread_start + 8


During handling of the above exception, another exception occurred:

Traceback (most recent call last):
  File "/Users/dnsn/Desktop/flask_POST_NOFAIL/scrapeHandler.py", line 134, in scarpe_and_stat
    likes = int(post.find_element(By.CSS_SELECTOR,'.social-details-social-counts__reactions-count'))
TypeError: int() argument must be a string, a bytes-like object or a real number, not 'WebElement'
2023-04-11 17:39:04,135 - Exception in post - communicationHandler:74
Traceback (most recent call last):
  File "/Users/dnsn/Desktop/flask_POST_NOFAIL/scrapeHandler.py", line 98, in scarpe_and_stat
    repost_check=post.find_element(By.CSS_SELECTOR,'.update-components-header__text-view')
  File "/Library/Frameworks/Python.framework/Versions/3.10/lib/python3.10/site-packages/selenium/webdriver/remote/webelement.py", line 735, in find_element
    return self._execute(Command.FIND_CHILD_ELEMENT,
  File "/Library/Frameworks/Python.framework/Versions/3.10/lib/python3.10/site-packages/selenium/webdriver/remote/webelement.py", line 710, in _execute
    return self._parent.execute(command, params)
  File "/Library/Frameworks/Python.framework/Versions/3.10/lib/python3.10/site-packages/selenium/webdriver/remote/webdriver.py", line 425, in execute
    self.error_handler.check_response(response)
  File "/Library/Frameworks/Python.framework/Versions/3.10/lib/python3.10/site-packages/selenium/webdriver/remote/errorhandler.py", line 247, in check_response
    raise exception_class(message, screen, stacktrace)
selenium.common.exceptions.NoSuchElementException: Message: no such element: Unable to locate element: {"method":"css selector","selector":".update-components-header__text-view"}
  (Session info: chrome=112.0.5615.49)
Stacktrace:
0   chromedriver                        0x0000000104a3d670 chromedriver + 4298352
1   chromedriver                        0x0000000104a35bbc chromedriver + 4266940
2   chromedriver                        0x0000000104668758 chromedriver + 280408
3   chromedriver                        0x00000001046a3b38 chromedriver + 523064
4   chromedriver                        0x0000000104697b90 chromedriver + 474000
5   chromedriver                        0x00000001046dc080 chromedriver + 753792
6   chromedriver                        0x00000001046962d0 chromedriver + 467664
7   chromedriver                        0x0000000104697354 chromedriver + 471892
8   chromedriver                        0x00000001049fd6c4 chromedriver + 4036292
9   chromedriver                        0x0000000104a01c64 chromedriver + 4054116
10  chromedriver                        0x0000000104a082d8 chromedriver + 4080344
11  chromedriver                        0x0000000104a02970 chromedriver + 4057456
12  chromedriver                        0x00000001049d98dc chromedriver + 3889372
13  chromedriver                        0x0000000104a2125c chromedriver + 4182620
14  chromedriver                        0x0000000104a213b4 chromedriver + 4182964
15  chromedriver                        0x0000000104a300f4 chromedriver + 4243700
16  libsystem_pthread.dylib             0x00000001967e9240 _pthread_start + 148
17  libsystem_pthread.dylib             0x00000001967e4024 thread_start + 8


During handling of the above exception, another exception occurred:

Traceback (most recent call last):
  File "/Users/dnsn/Desktop/flask_POST_NOFAIL/scrapeHandler.py", line 134, in scarpe_and_stat
    likes = int(post.find_element(By.CSS_SELECTOR,'.social-details-social-counts__reactions-count'))
TypeError: int() argument must be a string, a bytes-like object or a real number, not 'WebElement'
2023-04-11 17:39:04,195 - Exception in post - communicationHandler:74
Traceback (most recent call last):
  File "/Users/dnsn/Desktop/flask_POST_NOFAIL/scrapeHandler.py", line 98, in scarpe_and_stat
    repost_check=post.find_element(By.CSS_SELECTOR,'.update-components-header__text-view')
  File "/Library/Frameworks/Python.framework/Versions/3.10/lib/python3.10/site-packages/selenium/webdriver/remote/webelement.py", line 735, in find_element
    return self._execute(Command.FIND_CHILD_ELEMENT,
  File "/Library/Frameworks/Python.framework/Versions/3.10/lib/python3.10/site-packages/selenium/webdriver/remote/webelement.py", line 710, in _execute
    return self._parent.execute(command, params)
  File "/Library/Frameworks/Python.framework/Versions/3.10/lib/python3.10/site-packages/selenium/webdriver/remote/webdriver.py", line 425, in execute
    self.error_handler.check_response(response)
  File "/Library/Frameworks/Python.framework/Versions/3.10/lib/python3.10/site-packages/selenium/webdriver/remote/errorhandler.py", line 247, in check_response
    raise exception_class(message, screen, stacktrace)
selenium.common.exceptions.NoSuchElementException: Message: no such element: Unable to locate element: {"method":"css selector","selector":".update-components-header__text-view"}
  (Session info: chrome=112.0.5615.49)
Stacktrace:
0   chromedriver                        0x0000000104a3d670 chromedriver + 4298352
1   chromedriver                        0x0000000104a35bbc chromedriver + 4266940
2   chromedriver                        0x0000000104668758 chromedriver + 280408
3   chromedriver                        0x00000001046a3b38 chromedriver + 523064
4   chromedriver                        0x0000000104697b90 chromedriver + 474000
5   chromedriver                        0x00000001046dc080 chromedriver + 753792
6   chromedriver                        0x00000001046962d0 chromedriver + 467664
7   chromedriver                        0x0000000104697354 chromedriver + 471892
8   chromedriver                        0x00000001049fd6c4 chromedriver + 4036292
9   chromedriver                        0x0000000104a01c64 chromedriver + 4054116
10  chromedriver                        0x0000000104a082d8 chromedriver + 4080344
11  chromedriver                        0x0000000104a02970 chromedriver + 4057456
12  chromedriver                        0x00000001049d98dc chromedriver + 3889372
13  chromedriver                        0x0000000104a2125c chromedriver + 4182620
14  chromedriver                        0x0000000104a213b4 chromedriver + 4182964
15  chromedriver                        0x0000000104a300f4 chromedriver + 4243700
16  libsystem_pthread.dylib             0x00000001967e9240 _pthread_start + 148
17  libsystem_pthread.dylib             0x00000001967e4024 thread_start + 8


During handling of the above exception, another exception occurred:

Traceback (most recent call last):
  File "/Users/dnsn/Desktop/flask_POST_NOFAIL/scrapeHandler.py", line 134, in scarpe_and_stat
    likes = int(post.find_element(By.CSS_SELECTOR,'.social-details-social-counts__reactions-count'))
TypeError: int() argument must be a string, a bytes-like object or a real number, not 'WebElement'
2023-04-11 17:39:04,257 - Exception in post - communicationHandler:74
Traceback (most recent call last):
  File "/Users/dnsn/Desktop/flask_POST_NOFAIL/scrapeHandler.py", line 98, in scarpe_and_stat
    repost_check=post.find_element(By.CSS_SELECTOR,'.update-components-header__text-view')
  File "/Library/Frameworks/Python.framework/Versions/3.10/lib/python3.10/site-packages/selenium/webdriver/remote/webelement.py", line 735, in find_element
    return self._execute(Command.FIND_CHILD_ELEMENT,
  File "/Library/Frameworks/Python.framework/Versions/3.10/lib/python3.10/site-packages/selenium/webdriver/remote/webelement.py", line 710, in _execute
    return self._parent.execute(command, params)
  File "/Library/Frameworks/Python.framework/Versions/3.10/lib/python3.10/site-packages/selenium/webdriver/remote/webdriver.py", line 425, in execute
    self.error_handler.check_response(response)
  File "/Library/Frameworks/Python.framework/Versions/3.10/lib/python3.10/site-packages/selenium/webdriver/remote/errorhandler.py", line 247, in check_response
    raise exception_class(message, screen, stacktrace)
selenium.common.exceptions.NoSuchElementException: Message: no such element: Unable to locate element: {"method":"css selector","selector":".update-components-header__text-view"}
  (Session info: chrome=112.0.5615.49)
Stacktrace:
0   chromedriver                        0x0000000104a3d670 chromedriver + 4298352
1   chromedriver                        0x0000000104a35bbc chromedriver + 4266940
2   chromedriver                        0x0000000104668758 chromedriver + 280408
3   chromedriver                        0x00000001046a3b38 chromedriver + 523064
4   chromedriver                        0x0000000104697b90 chromedriver + 474000
5   chromedriver                        0x00000001046dc080 chromedriver + 753792
6   chromedriver                        0x00000001046962d0 chromedriver + 467664
7   chromedriver                        0x0000000104697354 chromedriver + 471892
8   chromedriver                        0x00000001049fd6c4 chromedriver + 4036292
9   chromedriver                        0x0000000104a01c64 chromedriver + 4054116
10  chromedriver                        0x0000000104a082d8 chromedriver + 4080344
11  chromedriver                        0x0000000104a02970 chromedriver + 4057456
12  chromedriver                        0x00000001049d98dc chromedriver + 3889372
13  chromedriver                        0x0000000104a2125c chromedriver + 4182620
14  chromedriver                        0x0000000104a213b4 chromedriver + 4182964
15  chromedriver                        0x0000000104a300f4 chromedriver + 4243700
16  libsystem_pthread.dylib             0x00000001967e9240 _pthread_start + 148
17  libsystem_pthread.dylib             0x00000001967e4024 thread_start + 8


During handling of the above exception, another exception occurred:

Traceback (most recent call last):
  File "/Users/dnsn/Desktop/flask_POST_NOFAIL/scrapeHandler.py", line 134, in scarpe_and_stat
    likes = int(post.find_element(By.CSS_SELECTOR,'.social-details-social-counts__reactions-count'))
TypeError: int() argument must be a string, a bytes-like object or a real number, not 'WebElement'
2023-04-11 17:39:04,330 - Exception in post - communicationHandler:74
Traceback (most recent call last):
  File "/Users/dnsn/Desktop/flask_POST_NOFAIL/scrapeHandler.py", line 98, in scarpe_and_stat
    repost_check=post.find_element(By.CSS_SELECTOR,'.update-components-header__text-view')
  File "/Library/Frameworks/Python.framework/Versions/3.10/lib/python3.10/site-packages/selenium/webdriver/remote/webelement.py", line 735, in find_element
    return self._execute(Command.FIND_CHILD_ELEMENT,
  File "/Library/Frameworks/Python.framework/Versions/3.10/lib/python3.10/site-packages/selenium/webdriver/remote/webelement.py", line 710, in _execute
    return self._parent.execute(command, params)
  File "/Library/Frameworks/Python.framework/Versions/3.10/lib/python3.10/site-packages/selenium/webdriver/remote/webdriver.py", line 425, in execute
    self.error_handler.check_response(response)
  File "/Library/Frameworks/Python.framework/Versions/3.10/lib/python3.10/site-packages/selenium/webdriver/remote/errorhandler.py", line 247, in check_response
    raise exception_class(message, screen, stacktrace)
selenium.common.exceptions.NoSuchElementException: Message: no such element: Unable to locate element: {"method":"css selector","selector":".update-components-header__text-view"}
  (Session info: chrome=112.0.5615.49)
Stacktrace:
0   chromedriver                        0x0000000104a3d670 chromedriver + 4298352
1   chromedriver                        0x0000000104a35bbc chromedriver + 4266940
2   chromedriver                        0x0000000104668758 chromedriver + 280408
3   chromedriver                        0x00000001046a3b38 chromedriver + 523064
4   chromedriver                        0x0000000104697b90 chromedriver + 474000
5   chromedriver                        0x00000001046dc080 chromedriver + 753792
6   chromedriver                        0x00000001046962d0 chromedriver + 467664
7   chromedriver                        0x0000000104697354 chromedriver + 471892
8   chromedriver                        0x00000001049fd6c4 chromedriver + 4036292
9   chromedriver                        0x0000000104a01c64 chromedriver + 4054116
10  chromedriver                        0x0000000104a082d8 chromedriver + 4080344
11  chromedriver                        0x0000000104a02970 chromedriver + 4057456
12  chromedriver                        0x00000001049d98dc chromedriver + 3889372
13  chromedriver                        0x0000000104a2125c chromedriver + 4182620
14  chromedriver                        0x0000000104a213b4 chromedriver + 4182964
15  chromedriver                        0x0000000104a300f4 chromedriver + 4243700
16  libsystem_pthread.dylib             0x00000001967e9240 _pthread_start + 148
17  libsystem_pthread.dylib             0x00000001967e4024 thread_start + 8


During handling of the above exception, another exception occurred:

Traceback (most recent call last):
  File "/Users/dnsn/Desktop/flask_POST_NOFAIL/scrapeHandler.py", line 134, in scarpe_and_stat
    likes = int(post.find_element(By.CSS_SELECTOR,'.social-details-social-counts__reactions-count'))
TypeError: int() argument must be a string, a bytes-like object or a real number, not 'WebElement'
2023-04-11 17:39:04,394 - Exception in post - communicationHandler:74
Traceback (most recent call last):
  File "/Users/dnsn/Desktop/flask_POST_NOFAIL/scrapeHandler.py", line 98, in scarpe_and_stat
    repost_check=post.find_element(By.CSS_SELECTOR,'.update-components-header__text-view')
  File "/Library/Frameworks/Python.framework/Versions/3.10/lib/python3.10/site-packages/selenium/webdriver/remote/webelement.py", line 735, in find_element
    return self._execute(Command.FIND_CHILD_ELEMENT,
  File "/Library/Frameworks/Python.framework/Versions/3.10/lib/python3.10/site-packages/selenium/webdriver/remote/webelement.py", line 710, in _execute
    return self._parent.execute(command, params)
  File "/Library/Frameworks/Python.framework/Versions/3.10/lib/python3.10/site-packages/selenium/webdriver/remote/webdriver.py", line 425, in execute
    self.error_handler.check_response(response)
  File "/Library/Frameworks/Python.framework/Versions/3.10/lib/python3.10/site-packages/selenium/webdriver/remote/errorhandler.py", line 247, in check_response
    raise exception_class(message, screen, stacktrace)
selenium.common.exceptions.NoSuchElementException: Message: no such element: Unable to locate element: {"method":"css selector","selector":".update-components-header__text-view"}
  (Session info: chrome=112.0.5615.49)
Stacktrace:
0   chromedriver                        0x0000000104a3d670 chromedriver + 4298352
1   chromedriver                        0x0000000104a35bbc chromedriver + 4266940
2   chromedriver                        0x0000000104668758 chromedriver + 280408
3   chromedriver                        0x00000001046a3b38 chromedriver + 523064
4   chromedriver                        0x0000000104697b90 chromedriver + 474000
5   chromedriver                        0x00000001046dc080 chromedriver + 753792
6   chromedriver                        0x00000001046962d0 chromedriver + 467664
7   chromedriver                        0x0000000104697354 chromedriver + 471892
8   chromedriver                        0x00000001049fd6c4 chromedriver + 4036292
9   chromedriver                        0x0000000104a01c64 chromedriver + 4054116
10  chromedriver                        0x0000000104a082d8 chromedriver + 4080344
11  chromedriver                        0x0000000104a02970 chromedriver + 4057456
12  chromedriver                        0x00000001049d98dc chromedriver + 3889372
13  chromedriver                        0x0000000104a2125c chromedriver + 4182620
14  chromedriver                        0x0000000104a213b4 chromedriver + 4182964
15  chromedriver                        0x0000000104a300f4 chromedriver + 4243700
16  libsystem_pthread.dylib             0x00000001967e9240 _pthread_start + 148
17  libsystem_pthread.dylib             0x00000001967e4024 thread_start + 8


During handling of the above exception, another exception occurred:

Traceback (most recent call last):
  File "/Users/dnsn/Desktop/flask_POST_NOFAIL/scrapeHandler.py", line 134, in scarpe_and_stat
    likes = int(post.find_element(By.CSS_SELECTOR,'.social-details-social-counts__reactions-count'))
TypeError: int() argument must be a string, a bytes-like object or a real number, not 'WebElement'
2023-04-11 17:39:04,459 - Exception in post - communicationHandler:74
Traceback (most recent call last):
  File "/Users/dnsn/Desktop/flask_POST_NOFAIL/scrapeHandler.py", line 98, in scarpe_and_stat
    repost_check=post.find_element(By.CSS_SELECTOR,'.update-components-header__text-view')
  File "/Library/Frameworks/Python.framework/Versions/3.10/lib/python3.10/site-packages/selenium/webdriver/remote/webelement.py", line 735, in find_element
    return self._execute(Command.FIND_CHILD_ELEMENT,
  File "/Library/Frameworks/Python.framework/Versions/3.10/lib/python3.10/site-packages/selenium/webdriver/remote/webelement.py", line 710, in _execute
    return self._parent.execute(command, params)
  File "/Library/Frameworks/Python.framework/Versions/3.10/lib/python3.10/site-packages/selenium/webdriver/remote/webdriver.py", line 425, in execute
    self.error_handler.check_response(response)
  File "/Library/Frameworks/Python.framework/Versions/3.10/lib/python3.10/site-packages/selenium/webdriver/remote/errorhandler.py", line 247, in check_response
    raise exception_class(message, screen, stacktrace)
selenium.common.exceptions.NoSuchElementException: Message: no such element: Unable to locate element: {"method":"css selector","selector":".update-components-header__text-view"}
  (Session info: chrome=112.0.5615.49)
Stacktrace:
0   chromedriver                        0x0000000104a3d670 chromedriver + 4298352
1   chromedriver                        0x0000000104a35bbc chromedriver + 4266940
2   chromedriver                        0x0000000104668758 chromedriver + 280408
3   chromedriver                        0x00000001046a3b38 chromedriver + 523064
4   chromedriver                        0x0000000104697b90 chromedriver + 474000
5   chromedriver                        0x00000001046dc080 chromedriver + 753792
6   chromedriver                        0x00000001046962d0 chromedriver + 467664
7   chromedriver                        0x0000000104697354 chromedriver + 471892
8   chromedriver                        0x00000001049fd6c4 chromedriver + 4036292
9   chromedriver                        0x0000000104a01c64 chromedriver + 4054116
10  chromedriver                        0x0000000104a082d8 chromedriver + 4080344
11  chromedriver                        0x0000000104a02970 chromedriver + 4057456
12  chromedriver                        0x00000001049d98dc chromedriver + 3889372
13  chromedriver                        0x0000000104a2125c chromedriver + 4182620
14  chromedriver                        0x0000000104a213b4 chromedriver + 4182964
15  chromedriver                        0x0000000104a300f4 chromedriver + 4243700
16  libsystem_pthread.dylib             0x00000001967e9240 _pthread_start + 148
17  libsystem_pthread.dylib             0x00000001967e4024 thread_start + 8


During handling of the above exception, another exception occurred:

Traceback (most recent call last):
  File "/Users/dnsn/Desktop/flask_POST_NOFAIL/scrapeHandler.py", line 134, in scarpe_and_stat
    likes = int(post.find_element(By.CSS_SELECTOR,'.social-details-social-counts__reactions-count'))
TypeError: int() argument must be a string, a bytes-like object or a real number, not 'WebElement'
2023-04-11 17:39:04,536 - Exception in post - communicationHandler:74
Traceback (most recent call last):
  File "/Users/dnsn/Desktop/flask_POST_NOFAIL/scrapeHandler.py", line 98, in scarpe_and_stat
    repost_check=post.find_element(By.CSS_SELECTOR,'.update-components-header__text-view')
  File "/Library/Frameworks/Python.framework/Versions/3.10/lib/python3.10/site-packages/selenium/webdriver/remote/webelement.py", line 735, in find_element
    return self._execute(Command.FIND_CHILD_ELEMENT,
  File "/Library/Frameworks/Python.framework/Versions/3.10/lib/python3.10/site-packages/selenium/webdriver/remote/webelement.py", line 710, in _execute
    return self._parent.execute(command, params)
  File "/Library/Frameworks/Python.framework/Versions/3.10/lib/python3.10/site-packages/selenium/webdriver/remote/webdriver.py", line 425, in execute
    self.error_handler.check_response(response)
  File "/Library/Frameworks/Python.framework/Versions/3.10/lib/python3.10/site-packages/selenium/webdriver/remote/errorhandler.py", line 247, in check_response
    raise exception_class(message, screen, stacktrace)
selenium.common.exceptions.NoSuchElementException: Message: no such element: Unable to locate element: {"method":"css selector","selector":".update-components-header__text-view"}
  (Session info: chrome=112.0.5615.49)
Stacktrace:
0   chromedriver                        0x0000000104a3d670 chromedriver + 4298352
1   chromedriver                        0x0000000104a35bbc chromedriver + 4266940
2   chromedriver                        0x0000000104668758 chromedriver + 280408
3   chromedriver                        0x00000001046a3b38 chromedriver + 523064
4   chromedriver                        0x0000000104697b90 chromedriver + 474000
5   chromedriver                        0x00000001046dc080 chromedriver + 753792
6   chromedriver                        0x00000001046962d0 chromedriver + 467664
7   chromedriver                        0x0000000104697354 chromedriver + 471892
8   chromedriver                        0x00000001049fd6c4 chromedriver + 4036292
9   chromedriver                        0x0000000104a01c64 chromedriver + 4054116
10  chromedriver                        0x0000000104a082d8 chromedriver + 4080344
11  chromedriver                        0x0000000104a02970 chromedriver + 4057456
12  chromedriver                        0x00000001049d98dc chromedriver + 3889372
13  chromedriver                        0x0000000104a2125c chromedriver + 4182620
14  chromedriver                        0x0000000104a213b4 chromedriver + 4182964
15  chromedriver                        0x0000000104a300f4 chromedriver + 4243700
16  libsystem_pthread.dylib             0x00000001967e9240 _pthread_start + 148
17  libsystem_pthread.dylib             0x00000001967e4024 thread_start + 8


During handling of the above exception, another exception occurred:

Traceback (most recent call last):
  File "/Users/dnsn/Desktop/flask_POST_NOFAIL/scrapeHandler.py", line 134, in scarpe_and_stat
    likes = int(post.find_element(By.CSS_SELECTOR,'.social-details-social-counts__reactions-count'))
TypeError: int() argument must be a string, a bytes-like object or a real number, not 'WebElement'
2023-04-11 17:39:04,618 - Exception in post - communicationHandler:74
Traceback (most recent call last):
  File "/Users/dnsn/Desktop/flask_POST_NOFAIL/scrapeHandler.py", line 98, in scarpe_and_stat
    repost_check=post.find_element(By.CSS_SELECTOR,'.update-components-header__text-view')
  File "/Library/Frameworks/Python.framework/Versions/3.10/lib/python3.10/site-packages/selenium/webdriver/remote/webelement.py", line 735, in find_element
    return self._execute(Command.FIND_CHILD_ELEMENT,
  File "/Library/Frameworks/Python.framework/Versions/3.10/lib/python3.10/site-packages/selenium/webdriver/remote/webelement.py", line 710, in _execute
    return self._parent.execute(command, params)
  File "/Library/Frameworks/Python.framework/Versions/3.10/lib/python3.10/site-packages/selenium/webdriver/remote/webdriver.py", line 425, in execute
    self.error_handler.check_response(response)
  File "/Library/Frameworks/Python.framework/Versions/3.10/lib/python3.10/site-packages/selenium/webdriver/remote/errorhandler.py", line 247, in check_response
    raise exception_class(message, screen, stacktrace)
selenium.common.exceptions.NoSuchElementException: Message: no such element: Unable to locate element: {"method":"css selector","selector":".update-components-header__text-view"}
  (Session info: chrome=112.0.5615.49)
Stacktrace:
0   chromedriver                        0x0000000104a3d670 chromedriver + 4298352
1   chromedriver                        0x0000000104a35bbc chromedriver + 4266940
2   chromedriver                        0x0000000104668758 chromedriver + 280408
3   chromedriver                        0x00000001046a3b38 chromedriver + 523064
4   chromedriver                        0x0000000104697b90 chromedriver + 474000
5   chromedriver                        0x00000001046dc080 chromedriver + 753792
6   chromedriver                        0x00000001046962d0 chromedriver + 467664
7   chromedriver                        0x0000000104697354 chromedriver + 471892
8   chromedriver                        0x00000001049fd6c4 chromedriver + 4036292
9   chromedriver                        0x0000000104a01c64 chromedriver + 4054116
10  chromedriver                        0x0000000104a082d8 chromedriver + 4080344
11  chromedriver                        0x0000000104a02970 chromedriver + 4057456
12  chromedriver                        0x00000001049d98dc chromedriver + 3889372
13  chromedriver                        0x0000000104a2125c chromedriver + 4182620
14  chromedriver                        0x0000000104a213b4 chromedriver + 4182964
15  chromedriver                        0x0000000104a300f4 chromedriver + 4243700
16  libsystem_pthread.dylib             0x00000001967e9240 _pthread_start + 148
17  libsystem_pthread.dylib             0x00000001967e4024 thread_start + 8


During handling of the above exception, another exception occurred:

Traceback (most recent call last):
  File "/Users/dnsn/Desktop/flask_POST_NOFAIL/scrapeHandler.py", line 134, in scarpe_and_stat
    likes = int(post.find_element(By.CSS_SELECTOR,'.social-details-social-counts__reactions-count'))
TypeError: int() argument must be a string, a bytes-like object or a real number, not 'WebElement'
2023-04-11 17:39:04,685 - Exception in post - communicationHandler:74
Traceback (most recent call last):
  File "/Users/dnsn/Desktop/flask_POST_NOFAIL/scrapeHandler.py", line 98, in scarpe_and_stat
    repost_check=post.find_element(By.CSS_SELECTOR,'.update-components-header__text-view')
  File "/Library/Frameworks/Python.framework/Versions/3.10/lib/python3.10/site-packages/selenium/webdriver/remote/webelement.py", line 735, in find_element
    return self._execute(Command.FIND_CHILD_ELEMENT,
  File "/Library/Frameworks/Python.framework/Versions/3.10/lib/python3.10/site-packages/selenium/webdriver/remote/webelement.py", line 710, in _execute
    return self._parent.execute(command, params)
  File "/Library/Frameworks/Python.framework/Versions/3.10/lib/python3.10/site-packages/selenium/webdriver/remote/webdriver.py", line 425, in execute
    self.error_handler.check_response(response)
  File "/Library/Frameworks/Python.framework/Versions/3.10/lib/python3.10/site-packages/selenium/webdriver/remote/errorhandler.py", line 247, in check_response
    raise exception_class(message, screen, stacktrace)
selenium.common.exceptions.NoSuchElementException: Message: no such element: Unable to locate element: {"method":"css selector","selector":".update-components-header__text-view"}
  (Session info: chrome=112.0.5615.49)
Stacktrace:
0   chromedriver                        0x0000000104a3d670 chromedriver + 4298352
1   chromedriver                        0x0000000104a35bbc chromedriver + 4266940
2   chromedriver                        0x0000000104668758 chromedriver + 280408
3   chromedriver                        0x00000001046a3b38 chromedriver + 523064
4   chromedriver                        0x0000000104697b90 chromedriver + 474000
5   chromedriver                        0x00000001046dc080 chromedriver + 753792
6   chromedriver                        0x00000001046962d0 chromedriver + 467664
7   chromedriver                        0x0000000104697354 chromedriver + 471892
8   chromedriver                        0x00000001049fd6c4 chromedriver + 4036292
9   chromedriver                        0x0000000104a01c64 chromedriver + 4054116
10  chromedriver                        0x0000000104a082d8 chromedriver + 4080344
11  chromedriver                        0x0000000104a02970 chromedriver + 4057456
12  chromedriver                        0x00000001049d98dc chromedriver + 3889372
13  chromedriver                        0x0000000104a2125c chromedriver + 4182620
14  chromedriver                        0x0000000104a213b4 chromedriver + 4182964
15  chromedriver                        0x0000000104a300f4 chromedriver + 4243700
16  libsystem_pthread.dylib             0x00000001967e9240 _pthread_start + 148
17  libsystem_pthread.dylib             0x00000001967e4024 thread_start + 8


During handling of the above exception, another exception occurred:

Traceback (most recent call last):
  File "/Users/dnsn/Desktop/flask_POST_NOFAIL/scrapeHandler.py", line 134, in scarpe_and_stat
    likes = int(post.find_element(By.CSS_SELECTOR,'.social-details-social-counts__reactions-count'))
TypeError: int() argument must be a string, a bytes-like object or a real number, not 'WebElement'
2023-04-11 17:39:04,770 - Exception in post - communicationHandler:74
Traceback (most recent call last):
  File "/Users/dnsn/Desktop/flask_POST_NOFAIL/scrapeHandler.py", line 98, in scarpe_and_stat
    repost_check=post.find_element(By.CSS_SELECTOR,'.update-components-header__text-view')
  File "/Library/Frameworks/Python.framework/Versions/3.10/lib/python3.10/site-packages/selenium/webdriver/remote/webelement.py", line 735, in find_element
    return self._execute(Command.FIND_CHILD_ELEMENT,
  File "/Library/Frameworks/Python.framework/Versions/3.10/lib/python3.10/site-packages/selenium/webdriver/remote/webelement.py", line 710, in _execute
    return self._parent.execute(command, params)
  File "/Library/Frameworks/Python.framework/Versions/3.10/lib/python3.10/site-packages/selenium/webdriver/remote/webdriver.py", line 425, in execute
    self.error_handler.check_response(response)
  File "/Library/Frameworks/Python.framework/Versions/3.10/lib/python3.10/site-packages/selenium/webdriver/remote/errorhandler.py", line 247, in check_response
    raise exception_class(message, screen, stacktrace)
selenium.common.exceptions.NoSuchElementException: Message: no such element: Unable to locate element: {"method":"css selector","selector":".update-components-header__text-view"}
  (Session info: chrome=112.0.5615.49)
Stacktrace:
0   chromedriver                        0x0000000104a3d670 chromedriver + 4298352
1   chromedriver                        0x0000000104a35bbc chromedriver + 4266940
2   chromedriver                        0x0000000104668758 chromedriver + 280408
3   chromedriver                        0x00000001046a3b38 chromedriver + 523064
4   chromedriver                        0x0000000104697b90 chromedriver + 474000
5   chromedriver                        0x00000001046dc080 chromedriver + 753792
6   chromedriver                        0x00000001046962d0 chromedriver + 467664
7   chromedriver                        0x0000000104697354 chromedriver + 471892
8   chromedriver                        0x00000001049fd6c4 chromedriver + 4036292
9   chromedriver                        0x0000000104a01c64 chromedriver + 4054116
10  chromedriver                        0x0000000104a082d8 chromedriver + 4080344
11  chromedriver                        0x0000000104a02970 chromedriver + 4057456
12  chromedriver                        0x00000001049d98dc chromedriver + 3889372
13  chromedriver                        0x0000000104a2125c chromedriver + 4182620
14  chromedriver                        0x0000000104a213b4 chromedriver + 4182964
15  chromedriver                        0x0000000104a300f4 chromedriver + 4243700
16  libsystem_pthread.dylib             0x00000001967e9240 _pthread_start + 148
17  libsystem_pthread.dylib             0x00000001967e4024 thread_start + 8


During handling of the above exception, another exception occurred:

Traceback (most recent call last):
  File "/Users/dnsn/Desktop/flask_POST_NOFAIL/scrapeHandler.py", line 134, in scarpe_and_stat
    likes = int(post.find_element(By.CSS_SELECTOR,'.social-details-social-counts__reactions-count'))
TypeError: int() argument must be a string, a bytes-like object or a real number, not 'WebElement'
2023-04-11 17:39:04,840 - Exception in post - communicationHandler:74
Traceback (most recent call last):
  File "/Users/dnsn/Desktop/flask_POST_NOFAIL/scrapeHandler.py", line 98, in scarpe_and_stat
    repost_check=post.find_element(By.CSS_SELECTOR,'.update-components-header__text-view')
  File "/Library/Frameworks/Python.framework/Versions/3.10/lib/python3.10/site-packages/selenium/webdriver/remote/webelement.py", line 735, in find_element
    return self._execute(Command.FIND_CHILD_ELEMENT,
  File "/Library/Frameworks/Python.framework/Versions/3.10/lib/python3.10/site-packages/selenium/webdriver/remote/webelement.py", line 710, in _execute
    return self._parent.execute(command, params)
  File "/Library/Frameworks/Python.framework/Versions/3.10/lib/python3.10/site-packages/selenium/webdriver/remote/webdriver.py", line 425, in execute
    self.error_handler.check_response(response)
  File "/Library/Frameworks/Python.framework/Versions/3.10/lib/python3.10/site-packages/selenium/webdriver/remote/errorhandler.py", line 247, in check_response
    raise exception_class(message, screen, stacktrace)
selenium.common.exceptions.NoSuchElementException: Message: no such element: Unable to locate element: {"method":"css selector","selector":".update-components-header__text-view"}
  (Session info: chrome=112.0.5615.49)
Stacktrace:
0   chromedriver                        0x0000000104a3d670 chromedriver + 4298352
1   chromedriver                        0x0000000104a35bbc chromedriver + 4266940
2   chromedriver                        0x0000000104668758 chromedriver + 280408
3   chromedriver                        0x00000001046a3b38 chromedriver + 523064
4   chromedriver                        0x0000000104697b90 chromedriver + 474000
5   chromedriver                        0x00000001046dc080 chromedriver + 753792
6   chromedriver                        0x00000001046962d0 chromedriver + 467664
7   chromedriver                        0x0000000104697354 chromedriver + 471892
8   chromedriver                        0x00000001049fd6c4 chromedriver + 4036292
9   chromedriver                        0x0000000104a01c64 chromedriver + 4054116
10  chromedriver                        0x0000000104a082d8 chromedriver + 4080344
11  chromedriver                        0x0000000104a02970 chromedriver + 4057456
12  chromedriver                        0x00000001049d98dc chromedriver + 3889372
13  chromedriver                        0x0000000104a2125c chromedriver + 4182620
14  chromedriver                        0x0000000104a213b4 chromedriver + 4182964
15  chromedriver                        0x0000000104a300f4 chromedriver + 4243700
16  libsystem_pthread.dylib             0x00000001967e9240 _pthread_start + 148
17  libsystem_pthread.dylib             0x00000001967e4024 thread_start + 8


During handling of the above exception, another exception occurred:

Traceback (most recent call last):
  File "/Users/dnsn/Desktop/flask_POST_NOFAIL/scrapeHandler.py", line 134, in scarpe_and_stat
    likes = int(post.find_element(By.CSS_SELECTOR,'.social-details-social-counts__reactions-count'))
TypeError: int() argument must be a string, a bytes-like object or a real number, not 'WebElement'
2023-04-11 17:39:04,913 - Exception in post - communicationHandler:74
Traceback (most recent call last):
  File "/Users/dnsn/Desktop/flask_POST_NOFAIL/scrapeHandler.py", line 98, in scarpe_and_stat
    repost_check=post.find_element(By.CSS_SELECTOR,'.update-components-header__text-view')
  File "/Library/Frameworks/Python.framework/Versions/3.10/lib/python3.10/site-packages/selenium/webdriver/remote/webelement.py", line 735, in find_element
    return self._execute(Command.FIND_CHILD_ELEMENT,
  File "/Library/Frameworks/Python.framework/Versions/3.10/lib/python3.10/site-packages/selenium/webdriver/remote/webelement.py", line 710, in _execute
    return self._parent.execute(command, params)
  File "/Library/Frameworks/Python.framework/Versions/3.10/lib/python3.10/site-packages/selenium/webdriver/remote/webdriver.py", line 425, in execute
    self.error_handler.check_response(response)
  File "/Library/Frameworks/Python.framework/Versions/3.10/lib/python3.10/site-packages/selenium/webdriver/remote/errorhandler.py", line 247, in check_response
    raise exception_class(message, screen, stacktrace)
selenium.common.exceptions.NoSuchElementException: Message: no such element: Unable to locate element: {"method":"css selector","selector":".update-components-header__text-view"}
  (Session info: chrome=112.0.5615.49)
Stacktrace:
0   chromedriver                        0x0000000104a3d670 chromedriver + 4298352
1   chromedriver                        0x0000000104a35bbc chromedriver + 4266940
2   chromedriver                        0x0000000104668758 chromedriver + 280408
3   chromedriver                        0x00000001046a3b38 chromedriver + 523064
4   chromedriver                        0x0000000104697b90 chromedriver + 474000
5   chromedriver                        0x00000001046dc080 chromedriver + 753792
6   chromedriver                        0x00000001046962d0 chromedriver + 467664
7   chromedriver                        0x0000000104697354 chromedriver + 471892
8   chromedriver                        0x00000001049fd6c4 chromedriver + 4036292
9   chromedriver                        0x0000000104a01c64 chromedriver + 4054116
10  chromedriver                        0x0000000104a082d8 chromedriver + 4080344
11  chromedriver                        0x0000000104a02970 chromedriver + 4057456
12  chromedriver                        0x00000001049d98dc chromedriver + 3889372
13  chromedriver                        0x0000000104a2125c chromedriver + 4182620
14  chromedriver                        0x0000000104a213b4 chromedriver + 4182964
15  chromedriver                        0x0000000104a300f4 chromedriver + 4243700
16  libsystem_pthread.dylib             0x00000001967e9240 _pthread_start + 148
17  libsystem_pthread.dylib             0x00000001967e4024 thread_start + 8


During handling of the above exception, another exception occurred:

Traceback (most recent call last):
  File "/Users/dnsn/Desktop/flask_POST_NOFAIL/scrapeHandler.py", line 134, in scarpe_and_stat
    likes = int(post.find_element(By.CSS_SELECTOR,'.social-details-social-counts__reactions-count'))
TypeError: int() argument must be a string, a bytes-like object or a real number, not 'WebElement'
2023-04-11 17:39:04,984 - Exception in post - communicationHandler:74
Traceback (most recent call last):
  File "/Users/dnsn/Desktop/flask_POST_NOFAIL/scrapeHandler.py", line 98, in scarpe_and_stat
    repost_check=post.find_element(By.CSS_SELECTOR,'.update-components-header__text-view')
  File "/Library/Frameworks/Python.framework/Versions/3.10/lib/python3.10/site-packages/selenium/webdriver/remote/webelement.py", line 735, in find_element
    return self._execute(Command.FIND_CHILD_ELEMENT,
  File "/Library/Frameworks/Python.framework/Versions/3.10/lib/python3.10/site-packages/selenium/webdriver/remote/webelement.py", line 710, in _execute
    return self._parent.execute(command, params)
  File "/Library/Frameworks/Python.framework/Versions/3.10/lib/python3.10/site-packages/selenium/webdriver/remote/webdriver.py", line 425, in execute
    self.error_handler.check_response(response)
  File "/Library/Frameworks/Python.framework/Versions/3.10/lib/python3.10/site-packages/selenium/webdriver/remote/errorhandler.py", line 247, in check_response
    raise exception_class(message, screen, stacktrace)
selenium.common.exceptions.NoSuchElementException: Message: no such element: Unable to locate element: {"method":"css selector","selector":".update-components-header__text-view"}
  (Session info: chrome=112.0.5615.49)
Stacktrace:
0   chromedriver                        0x0000000104a3d670 chromedriver + 4298352
1   chromedriver                        0x0000000104a35bbc chromedriver + 4266940
2   chromedriver                        0x0000000104668758 chromedriver + 280408
3   chromedriver                        0x00000001046a3b38 chromedriver + 523064
4   chromedriver                        0x0000000104697b90 chromedriver + 474000
5   chromedriver                        0x00000001046dc080 chromedriver + 753792
6   chromedriver                        0x00000001046962d0 chromedriver + 467664
7   chromedriver                        0x0000000104697354 chromedriver + 471892
8   chromedriver                        0x00000001049fd6c4 chromedriver + 4036292
9   chromedriver                        0x0000000104a01c64 chromedriver + 4054116
10  chromedriver                        0x0000000104a082d8 chromedriver + 4080344
11  chromedriver                        0x0000000104a02970 chromedriver + 4057456
12  chromedriver                        0x00000001049d98dc chromedriver + 3889372
13  chromedriver                        0x0000000104a2125c chromedriver + 4182620
14  chromedriver                        0x0000000104a213b4 chromedriver + 4182964
15  chromedriver                        0x0000000104a300f4 chromedriver + 4243700
16  libsystem_pthread.dylib             0x00000001967e9240 _pthread_start + 148
17  libsystem_pthread.dylib             0x00000001967e4024 thread_start + 8


During handling of the above exception, another exception occurred:

Traceback (most recent call last):
  File "/Users/dnsn/Desktop/flask_POST_NOFAIL/scrapeHandler.py", line 134, in scarpe_and_stat
    likes = int(post.find_element(By.CSS_SELECTOR,'.social-details-social-counts__reactions-count'))
TypeError: int() argument must be a string, a bytes-like object or a real number, not 'WebElement'
2023-04-11 17:39:05,124 - Exception in post - communicationHandler:74
Traceback (most recent call last):
  File "/Users/dnsn/Desktop/flask_POST_NOFAIL/scrapeHandler.py", line 98, in scarpe_and_stat
    repost_check=post.find_element(By.CSS_SELECTOR,'.update-components-header__text-view')
  File "/Library/Frameworks/Python.framework/Versions/3.10/lib/python3.10/site-packages/selenium/webdriver/remote/webelement.py", line 735, in find_element
    return self._execute(Command.FIND_CHILD_ELEMENT,
  File "/Library/Frameworks/Python.framework/Versions/3.10/lib/python3.10/site-packages/selenium/webdriver/remote/webelement.py", line 710, in _execute
    return self._parent.execute(command, params)
  File "/Library/Frameworks/Python.framework/Versions/3.10/lib/python3.10/site-packages/selenium/webdriver/remote/webdriver.py", line 425, in execute
    self.error_handler.check_response(response)
  File "/Library/Frameworks/Python.framework/Versions/3.10/lib/python3.10/site-packages/selenium/webdriver/remote/errorhandler.py", line 247, in check_response
    raise exception_class(message, screen, stacktrace)
selenium.common.exceptions.NoSuchElementException: Message: no such element: Unable to locate element: {"method":"css selector","selector":".update-components-header__text-view"}
  (Session info: chrome=112.0.5615.49)
Stacktrace:
0   chromedriver                        0x0000000104a3d670 chromedriver + 4298352
1   chromedriver                        0x0000000104a35bbc chromedriver + 4266940
2   chromedriver                        0x0000000104668758 chromedriver + 280408
3   chromedriver                        0x00000001046a3b38 chromedriver + 523064
4   chromedriver                        0x0000000104697b90 chromedriver + 474000
5   chromedriver                        0x00000001046dc080 chromedriver + 753792
6   chromedriver                        0x00000001046962d0 chromedriver + 467664
7   chromedriver                        0x0000000104697354 chromedriver + 471892
8   chromedriver                        0x00000001049fd6c4 chromedriver + 4036292
9   chromedriver                        0x0000000104a01c64 chromedriver + 4054116
10  chromedriver                        0x0000000104a082d8 chromedriver + 4080344
11  chromedriver                        0x0000000104a02970 chromedriver + 4057456
12  chromedriver                        0x00000001049d98dc chromedriver + 3889372
13  chromedriver                        0x0000000104a2125c chromedriver + 4182620
14  chromedriver                        0x0000000104a213b4 chromedriver + 4182964
15  chromedriver                        0x0000000104a300f4 chromedriver + 4243700
16  libsystem_pthread.dylib             0x00000001967e9240 _pthread_start + 148
17  libsystem_pthread.dylib             0x00000001967e4024 thread_start + 8


During handling of the above exception, another exception occurred:

Traceback (most recent call last):
  File "/Users/dnsn/Desktop/flask_POST_NOFAIL/scrapeHandler.py", line 134, in scarpe_and_stat
    likes = int(post.find_element(By.CSS_SELECTOR,'.social-details-social-counts__reactions-count'))
TypeError: int() argument must be a string, a bytes-like object or a real number, not 'WebElement'
2023-04-11 17:39:05,197 - Exception in post - communicationHandler:74
Traceback (most recent call last):
  File "/Users/dnsn/Desktop/flask_POST_NOFAIL/scrapeHandler.py", line 98, in scarpe_and_stat
    repost_check=post.find_element(By.CSS_SELECTOR,'.update-components-header__text-view')
  File "/Library/Frameworks/Python.framework/Versions/3.10/lib/python3.10/site-packages/selenium/webdriver/remote/webelement.py", line 735, in find_element
    return self._execute(Command.FIND_CHILD_ELEMENT,
  File "/Library/Frameworks/Python.framework/Versions/3.10/lib/python3.10/site-packages/selenium/webdriver/remote/webelement.py", line 710, in _execute
    return self._parent.execute(command, params)
  File "/Library/Frameworks/Python.framework/Versions/3.10/lib/python3.10/site-packages/selenium/webdriver/remote/webdriver.py", line 425, in execute
    self.error_handler.check_response(response)
  File "/Library/Frameworks/Python.framework/Versions/3.10/lib/python3.10/site-packages/selenium/webdriver/remote/errorhandler.py", line 247, in check_response
    raise exception_class(message, screen, stacktrace)
selenium.common.exceptions.NoSuchElementException: Message: no such element: Unable to locate element: {"method":"css selector","selector":".update-components-header__text-view"}
  (Session info: chrome=112.0.5615.49)
Stacktrace:
0   chromedriver                        0x0000000104a3d670 chromedriver + 4298352
1   chromedriver                        0x0000000104a35bbc chromedriver + 4266940
2   chromedriver                        0x0000000104668758 chromedriver + 280408
3   chromedriver                        0x00000001046a3b38 chromedriver + 523064
4   chromedriver                        0x0000000104697b90 chromedriver + 474000
5   chromedriver                        0x00000001046dc080 chromedriver + 753792
6   chromedriver                        0x00000001046962d0 chromedriver + 467664
7   chromedriver                        0x0000000104697354 chromedriver + 471892
8   chromedriver                        0x00000001049fd6c4 chromedriver + 4036292
9   chromedriver                        0x0000000104a01c64 chromedriver + 4054116
10  chromedriver                        0x0000000104a082d8 chromedriver + 4080344
11  chromedriver                        0x0000000104a02970 chromedriver + 4057456
12  chromedriver                        0x00000001049d98dc chromedriver + 3889372
13  chromedriver                        0x0000000104a2125c chromedriver + 4182620
14  chromedriver                        0x0000000104a213b4 chromedriver + 4182964
15  chromedriver                        0x0000000104a300f4 chromedriver + 4243700
16  libsystem_pthread.dylib             0x00000001967e9240 _pthread_start + 148
17  libsystem_pthread.dylib             0x00000001967e4024 thread_start + 8


During handling of the above exception, another exception occurred:

Traceback (most recent call last):
  File "/Users/dnsn/Desktop/flask_POST_NOFAIL/scrapeHandler.py", line 134, in scarpe_and_stat
    likes = int(post.find_element(By.CSS_SELECTOR,'.social-details-social-counts__reactions-count'))
TypeError: int() argument must be a string, a bytes-like object or a real number, not 'WebElement'
2023-04-11 17:39:05,291 - Exception in post - communicationHandler:74
Traceback (most recent call last):
  File "/Users/dnsn/Desktop/flask_POST_NOFAIL/scrapeHandler.py", line 98, in scarpe_and_stat
    repost_check=post.find_element(By.CSS_SELECTOR,'.update-components-header__text-view')
  File "/Library/Frameworks/Python.framework/Versions/3.10/lib/python3.10/site-packages/selenium/webdriver/remote/webelement.py", line 735, in find_element
    return self._execute(Command.FIND_CHILD_ELEMENT,
  File "/Library/Frameworks/Python.framework/Versions/3.10/lib/python3.10/site-packages/selenium/webdriver/remote/webelement.py", line 710, in _execute
    return self._parent.execute(command, params)
  File "/Library/Frameworks/Python.framework/Versions/3.10/lib/python3.10/site-packages/selenium/webdriver/remote/webdriver.py", line 425, in execute
    self.error_handler.check_response(response)
  File "/Library/Frameworks/Python.framework/Versions/3.10/lib/python3.10/site-packages/selenium/webdriver/remote/errorhandler.py", line 247, in check_response
    raise exception_class(message, screen, stacktrace)
selenium.common.exceptions.NoSuchElementException: Message: no such element: Unable to locate element: {"method":"css selector","selector":".update-components-header__text-view"}
  (Session info: chrome=112.0.5615.49)
Stacktrace:
0   chromedriver                        0x0000000104a3d670 chromedriver + 4298352
1   chromedriver                        0x0000000104a35bbc chromedriver + 4266940
2   chromedriver                        0x0000000104668758 chromedriver + 280408
3   chromedriver                        0x00000001046a3b38 chromedriver + 523064
4   chromedriver                        0x0000000104697b90 chromedriver + 474000
5   chromedriver                        0x00000001046dc080 chromedriver + 753792
6   chromedriver                        0x00000001046962d0 chromedriver + 467664
7   chromedriver                        0x0000000104697354 chromedriver + 471892
8   chromedriver                        0x00000001049fd6c4 chromedriver + 4036292
9   chromedriver                        0x0000000104a01c64 chromedriver + 4054116
10  chromedriver                        0x0000000104a082d8 chromedriver + 4080344
11  chromedriver                        0x0000000104a02970 chromedriver + 4057456
12  chromedriver                        0x00000001049d98dc chromedriver + 3889372
13  chromedriver                        0x0000000104a2125c chromedriver + 4182620
14  chromedriver                        0x0000000104a213b4 chromedriver + 4182964
15  chromedriver                        0x0000000104a300f4 chromedriver + 4243700
16  libsystem_pthread.dylib             0x00000001967e9240 _pthread_start + 148
17  libsystem_pthread.dylib             0x00000001967e4024 thread_start + 8


During handling of the above exception, another exception occurred:

Traceback (most recent call last):
  File "/Users/dnsn/Desktop/flask_POST_NOFAIL/scrapeHandler.py", line 134, in scarpe_and_stat
    likes = int(post.find_element(By.CSS_SELECTOR,'.social-details-social-counts__reactions-count'))
TypeError: int() argument must be a string, a bytes-like object or a real number, not 'WebElement'
2023-04-11 17:39:05,369 - Exception in post - communicationHandler:74
Traceback (most recent call last):
  File "/Users/dnsn/Desktop/flask_POST_NOFAIL/scrapeHandler.py", line 98, in scarpe_and_stat
    repost_check=post.find_element(By.CSS_SELECTOR,'.update-components-header__text-view')
  File "/Library/Frameworks/Python.framework/Versions/3.10/lib/python3.10/site-packages/selenium/webdriver/remote/webelement.py", line 735, in find_element
    return self._execute(Command.FIND_CHILD_ELEMENT,
  File "/Library/Frameworks/Python.framework/Versions/3.10/lib/python3.10/site-packages/selenium/webdriver/remote/webelement.py", line 710, in _execute
    return self._parent.execute(command, params)
  File "/Library/Frameworks/Python.framework/Versions/3.10/lib/python3.10/site-packages/selenium/webdriver/remote/webdriver.py", line 425, in execute
    self.error_handler.check_response(response)
  File "/Library/Frameworks/Python.framework/Versions/3.10/lib/python3.10/site-packages/selenium/webdriver/remote/errorhandler.py", line 247, in check_response
    raise exception_class(message, screen, stacktrace)
selenium.common.exceptions.NoSuchElementException: Message: no such element: Unable to locate element: {"method":"css selector","selector":".update-components-header__text-view"}
  (Session info: chrome=112.0.5615.49)
Stacktrace:
0   chromedriver                        0x0000000104a3d670 chromedriver + 4298352
1   chromedriver                        0x0000000104a35bbc chromedriver + 4266940
2   chromedriver                        0x0000000104668758 chromedriver + 280408
3   chromedriver                        0x00000001046a3b38 chromedriver + 523064
4   chromedriver                        0x0000000104697b90 chromedriver + 474000
5   chromedriver                        0x00000001046dc080 chromedriver + 753792
6   chromedriver                        0x00000001046962d0 chromedriver + 467664
7   chromedriver                        0x0000000104697354 chromedriver + 471892
8   chromedriver                        0x00000001049fd6c4 chromedriver + 4036292
9   chromedriver                        0x0000000104a01c64 chromedriver + 4054116
10  chromedriver                        0x0000000104a082d8 chromedriver + 4080344
11  chromedriver                        0x0000000104a02970 chromedriver + 4057456
12  chromedriver                        0x00000001049d98dc chromedriver + 3889372
13  chromedriver                        0x0000000104a2125c chromedriver + 4182620
14  chromedriver                        0x0000000104a213b4 chromedriver + 4182964
15  chromedriver                        0x0000000104a300f4 chromedriver + 4243700
16  libsystem_pthread.dylib             0x00000001967e9240 _pthread_start + 148
17  libsystem_pthread.dylib             0x00000001967e4024 thread_start + 8


During handling of the above exception, another exception occurred:

Traceback (most recent call last):
  File "/Users/dnsn/Desktop/flask_POST_NOFAIL/scrapeHandler.py", line 134, in scarpe_and_stat
    likes = int(post.find_element(By.CSS_SELECTOR,'.social-details-social-counts__reactions-count'))
TypeError: int() argument must be a string, a bytes-like object or a real number, not 'WebElement'
2023-04-11 17:39:05,446 - Exception in post - communicationHandler:74
Traceback (most recent call last):
  File "/Users/dnsn/Desktop/flask_POST_NOFAIL/scrapeHandler.py", line 98, in scarpe_and_stat
    repost_check=post.find_element(By.CSS_SELECTOR,'.update-components-header__text-view')
  File "/Library/Frameworks/Python.framework/Versions/3.10/lib/python3.10/site-packages/selenium/webdriver/remote/webelement.py", line 735, in find_element
    return self._execute(Command.FIND_CHILD_ELEMENT,
  File "/Library/Frameworks/Python.framework/Versions/3.10/lib/python3.10/site-packages/selenium/webdriver/remote/webelement.py", line 710, in _execute
    return self._parent.execute(command, params)
  File "/Library/Frameworks/Python.framework/Versions/3.10/lib/python3.10/site-packages/selenium/webdriver/remote/webdriver.py", line 425, in execute
    self.error_handler.check_response(response)
  File "/Library/Frameworks/Python.framework/Versions/3.10/lib/python3.10/site-packages/selenium/webdriver/remote/errorhandler.py", line 247, in check_response
    raise exception_class(message, screen, stacktrace)
selenium.common.exceptions.NoSuchElementException: Message: no such element: Unable to locate element: {"method":"css selector","selector":".update-components-header__text-view"}
  (Session info: chrome=112.0.5615.49)
Stacktrace:
0   chromedriver                        0x0000000104a3d670 chromedriver + 4298352
1   chromedriver                        0x0000000104a35bbc chromedriver + 4266940
2   chromedriver                        0x0000000104668758 chromedriver + 280408
3   chromedriver                        0x00000001046a3b38 chromedriver + 523064
4   chromedriver                        0x0000000104697b90 chromedriver + 474000
5   chromedriver                        0x00000001046dc080 chromedriver + 753792
6   chromedriver                        0x00000001046962d0 chromedriver + 467664
7   chromedriver                        0x0000000104697354 chromedriver + 471892
8   chromedriver                        0x00000001049fd6c4 chromedriver + 4036292
9   chromedriver                        0x0000000104a01c64 chromedriver + 4054116
10  chromedriver                        0x0000000104a082d8 chromedriver + 4080344
11  chromedriver                        0x0000000104a02970 chromedriver + 4057456
12  chromedriver                        0x00000001049d98dc chromedriver + 3889372
13  chromedriver                        0x0000000104a2125c chromedriver + 4182620
14  chromedriver                        0x0000000104a213b4 chromedriver + 4182964
15  chromedriver                        0x0000000104a300f4 chromedriver + 4243700
16  libsystem_pthread.dylib             0x00000001967e9240 _pthread_start + 148
17  libsystem_pthread.dylib             0x00000001967e4024 thread_start + 8


During handling of the above exception, another exception occurred:

Traceback (most recent call last):
  File "/Users/dnsn/Desktop/flask_POST_NOFAIL/scrapeHandler.py", line 134, in scarpe_and_stat
    likes = int(post.find_element(By.CSS_SELECTOR,'.social-details-social-counts__reactions-count'))
TypeError: int() argument must be a string, a bytes-like object or a real number, not 'WebElement'
2023-04-11 17:39:05,526 - Exception in post - communicationHandler:74
Traceback (most recent call last):
  File "/Users/dnsn/Desktop/flask_POST_NOFAIL/scrapeHandler.py", line 98, in scarpe_and_stat
    repost_check=post.find_element(By.CSS_SELECTOR,'.update-components-header__text-view')
  File "/Library/Frameworks/Python.framework/Versions/3.10/lib/python3.10/site-packages/selenium/webdriver/remote/webelement.py", line 735, in find_element
    return self._execute(Command.FIND_CHILD_ELEMENT,
  File "/Library/Frameworks/Python.framework/Versions/3.10/lib/python3.10/site-packages/selenium/webdriver/remote/webelement.py", line 710, in _execute
    return self._parent.execute(command, params)
  File "/Library/Frameworks/Python.framework/Versions/3.10/lib/python3.10/site-packages/selenium/webdriver/remote/webdriver.py", line 425, in execute
    self.error_handler.check_response(response)
  File "/Library/Frameworks/Python.framework/Versions/3.10/lib/python3.10/site-packages/selenium/webdriver/remote/errorhandler.py", line 247, in check_response
    raise exception_class(message, screen, stacktrace)
selenium.common.exceptions.NoSuchElementException: Message: no such element: Unable to locate element: {"method":"css selector","selector":".update-components-header__text-view"}
  (Session info: chrome=112.0.5615.49)
Stacktrace:
0   chromedriver                        0x0000000104a3d670 chromedriver + 4298352
1   chromedriver                        0x0000000104a35bbc chromedriver + 4266940
2   chromedriver                        0x0000000104668758 chromedriver + 280408
3   chromedriver                        0x00000001046a3b38 chromedriver + 523064
4   chromedriver                        0x0000000104697b90 chromedriver + 474000
5   chromedriver                        0x00000001046dc080 chromedriver + 753792
6   chromedriver                        0x00000001046962d0 chromedriver + 467664
7   chromedriver                        0x0000000104697354 chromedriver + 471892
8   chromedriver                        0x00000001049fd6c4 chromedriver + 4036292
9   chromedriver                        0x0000000104a01c64 chromedriver + 4054116
10  chromedriver                        0x0000000104a082d8 chromedriver + 4080344
11  chromedriver                        0x0000000104a02970 chromedriver + 4057456
12  chromedriver                        0x00000001049d98dc chromedriver + 3889372
13  chromedriver                        0x0000000104a2125c chromedriver + 4182620
14  chromedriver                        0x0000000104a213b4 chromedriver + 4182964
15  chromedriver                        0x0000000104a300f4 chromedriver + 4243700
16  libsystem_pthread.dylib             0x00000001967e9240 _pthread_start + 148
17  libsystem_pthread.dylib             0x00000001967e4024 thread_start + 8


During handling of the above exception, another exception occurred:

Traceback (most recent call last):
  File "/Users/dnsn/Desktop/flask_POST_NOFAIL/scrapeHandler.py", line 134, in scarpe_and_stat
    likes = int(post.find_element(By.CSS_SELECTOR,'.social-details-social-counts__reactions-count'))
TypeError: int() argument must be a string, a bytes-like object or a real number, not 'WebElement'
2023-04-11 17:39:05,626 - Exception in post - communicationHandler:74
Traceback (most recent call last):
  File "/Users/dnsn/Desktop/flask_POST_NOFAIL/scrapeHandler.py", line 98, in scarpe_and_stat
    repost_check=post.find_element(By.CSS_SELECTOR,'.update-components-header__text-view')
  File "/Library/Frameworks/Python.framework/Versions/3.10/lib/python3.10/site-packages/selenium/webdriver/remote/webelement.py", line 735, in find_element
    return self._execute(Command.FIND_CHILD_ELEMENT,
  File "/Library/Frameworks/Python.framework/Versions/3.10/lib/python3.10/site-packages/selenium/webdriver/remote/webelement.py", line 710, in _execute
    return self._parent.execute(command, params)
  File "/Library/Frameworks/Python.framework/Versions/3.10/lib/python3.10/site-packages/selenium/webdriver/remote/webdriver.py", line 425, in execute
    self.error_handler.check_response(response)
  File "/Library/Frameworks/Python.framework/Versions/3.10/lib/python3.10/site-packages/selenium/webdriver/remote/errorhandler.py", line 247, in check_response
    raise exception_class(message, screen, stacktrace)
selenium.common.exceptions.NoSuchElementException: Message: no such element: Unable to locate element: {"method":"css selector","selector":".update-components-header__text-view"}
  (Session info: chrome=112.0.5615.49)
Stacktrace:
0   chromedriver                        0x0000000104a3d670 chromedriver + 4298352
1   chromedriver                        0x0000000104a35bbc chromedriver + 4266940
2   chromedriver                        0x0000000104668758 chromedriver + 280408
3   chromedriver                        0x00000001046a3b38 chromedriver + 523064
4   chromedriver                        0x0000000104697b90 chromedriver + 474000
5   chromedriver                        0x00000001046dc080 chromedriver + 753792
6   chromedriver                        0x00000001046962d0 chromedriver + 467664
7   chromedriver                        0x0000000104697354 chromedriver + 471892
8   chromedriver                        0x00000001049fd6c4 chromedriver + 4036292
9   chromedriver                        0x0000000104a01c64 chromedriver + 4054116
10  chromedriver                        0x0000000104a082d8 chromedriver + 4080344
11  chromedriver                        0x0000000104a02970 chromedriver + 4057456
12  chromedriver                        0x00000001049d98dc chromedriver + 3889372
13  chromedriver                        0x0000000104a2125c chromedriver + 4182620
14  chromedriver                        0x0000000104a213b4 chromedriver + 4182964
15  chromedriver                        0x0000000104a300f4 chromedriver + 4243700
16  libsystem_pthread.dylib             0x00000001967e9240 _pthread_start + 148
17  libsystem_pthread.dylib             0x00000001967e4024 thread_start + 8


During handling of the above exception, another exception occurred:

Traceback (most recent call last):
  File "/Users/dnsn/Desktop/flask_POST_NOFAIL/scrapeHandler.py", line 134, in scarpe_and_stat
    likes = int(post.find_element(By.CSS_SELECTOR,'.social-details-social-counts__reactions-count'))
TypeError: int() argument must be a string, a bytes-like object or a real number, not 'WebElement'
2023-04-11 17:39:05,708 - Exception in post - communicationHandler:74
Traceback (most recent call last):
  File "/Users/dnsn/Desktop/flask_POST_NOFAIL/scrapeHandler.py", line 98, in scarpe_and_stat
    repost_check=post.find_element(By.CSS_SELECTOR,'.update-components-header__text-view')
  File "/Library/Frameworks/Python.framework/Versions/3.10/lib/python3.10/site-packages/selenium/webdriver/remote/webelement.py", line 735, in find_element
    return self._execute(Command.FIND_CHILD_ELEMENT,
  File "/Library/Frameworks/Python.framework/Versions/3.10/lib/python3.10/site-packages/selenium/webdriver/remote/webelement.py", line 710, in _execute
    return self._parent.execute(command, params)
  File "/Library/Frameworks/Python.framework/Versions/3.10/lib/python3.10/site-packages/selenium/webdriver/remote/webdriver.py", line 425, in execute
    self.error_handler.check_response(response)
  File "/Library/Frameworks/Python.framework/Versions/3.10/lib/python3.10/site-packages/selenium/webdriver/remote/errorhandler.py", line 247, in check_response
    raise exception_class(message, screen, stacktrace)
selenium.common.exceptions.NoSuchElementException: Message: no such element: Unable to locate element: {"method":"css selector","selector":".update-components-header__text-view"}
  (Session info: chrome=112.0.5615.49)
Stacktrace:
0   chromedriver                        0x0000000104a3d670 chromedriver + 4298352
1   chromedriver                        0x0000000104a35bbc chromedriver + 4266940
2   chromedriver                        0x0000000104668758 chromedriver + 280408
3   chromedriver                        0x00000001046a3b38 chromedriver + 523064
4   chromedriver                        0x0000000104697b90 chromedriver + 474000
5   chromedriver                        0x00000001046dc080 chromedriver + 753792
6   chromedriver                        0x00000001046962d0 chromedriver + 467664
7   chromedriver                        0x0000000104697354 chromedriver + 471892
8   chromedriver                        0x00000001049fd6c4 chromedriver + 4036292
9   chromedriver                        0x0000000104a01c64 chromedriver + 4054116
10  chromedriver                        0x0000000104a082d8 chromedriver + 4080344
11  chromedriver                        0x0000000104a02970 chromedriver + 4057456
12  chromedriver                        0x00000001049d98dc chromedriver + 3889372
13  chromedriver                        0x0000000104a2125c chromedriver + 4182620
14  chromedriver                        0x0000000104a213b4 chromedriver + 4182964
15  chromedriver                        0x0000000104a300f4 chromedriver + 4243700
16  libsystem_pthread.dylib             0x00000001967e9240 _pthread_start + 148
17  libsystem_pthread.dylib             0x00000001967e4024 thread_start + 8


During handling of the above exception, another exception occurred:

Traceback (most recent call last):
  File "/Users/dnsn/Desktop/flask_POST_NOFAIL/scrapeHandler.py", line 134, in scarpe_and_stat
    likes = int(post.find_element(By.CSS_SELECTOR,'.social-details-social-counts__reactions-count'))
TypeError: int() argument must be a string, a bytes-like object or a real number, not 'WebElement'
2023-04-11 17:39:05,830 - Exception in post - communicationHandler:74
Traceback (most recent call last):
  File "/Users/dnsn/Desktop/flask_POST_NOFAIL/scrapeHandler.py", line 98, in scarpe_and_stat
    repost_check=post.find_element(By.CSS_SELECTOR,'.update-components-header__text-view')
  File "/Library/Frameworks/Python.framework/Versions/3.10/lib/python3.10/site-packages/selenium/webdriver/remote/webelement.py", line 735, in find_element
    return self._execute(Command.FIND_CHILD_ELEMENT,
  File "/Library/Frameworks/Python.framework/Versions/3.10/lib/python3.10/site-packages/selenium/webdriver/remote/webelement.py", line 710, in _execute
    return self._parent.execute(command, params)
  File "/Library/Frameworks/Python.framework/Versions/3.10/lib/python3.10/site-packages/selenium/webdriver/remote/webdriver.py", line 425, in execute
    self.error_handler.check_response(response)
  File "/Library/Frameworks/Python.framework/Versions/3.10/lib/python3.10/site-packages/selenium/webdriver/remote/errorhandler.py", line 247, in check_response
    raise exception_class(message, screen, stacktrace)
selenium.common.exceptions.NoSuchElementException: Message: no such element: Unable to locate element: {"method":"css selector","selector":".update-components-header__text-view"}
  (Session info: chrome=112.0.5615.49)
Stacktrace:
0   chromedriver                        0x0000000104a3d670 chromedriver + 4298352
1   chromedriver                        0x0000000104a35bbc chromedriver + 4266940
2   chromedriver                        0x0000000104668758 chromedriver + 280408
3   chromedriver                        0x00000001046a3b38 chromedriver + 523064
4   chromedriver                        0x0000000104697b90 chromedriver + 474000
5   chromedriver                        0x00000001046dc080 chromedriver + 753792
6   chromedriver                        0x00000001046962d0 chromedriver + 467664
7   chromedriver                        0x0000000104697354 chromedriver + 471892
8   chromedriver                        0x00000001049fd6c4 chromedriver + 4036292
9   chromedriver                        0x0000000104a01c64 chromedriver + 4054116
10  chromedriver                        0x0000000104a082d8 chromedriver + 4080344
11  chromedriver                        0x0000000104a02970 chromedriver + 4057456
12  chromedriver                        0x00000001049d98dc chromedriver + 3889372
13  chromedriver                        0x0000000104a2125c chromedriver + 4182620
14  chromedriver                        0x0000000104a213b4 chromedriver + 4182964
15  chromedriver                        0x0000000104a300f4 chromedriver + 4243700
16  libsystem_pthread.dylib             0x00000001967e9240 _pthread_start + 148
17  libsystem_pthread.dylib             0x00000001967e4024 thread_start + 8


During handling of the above exception, another exception occurred:

Traceback (most recent call last):
  File "/Users/dnsn/Desktop/flask_POST_NOFAIL/scrapeHandler.py", line 134, in scarpe_and_stat
    likes = int(post.find_element(By.CSS_SELECTOR,'.social-details-social-counts__reactions-count'))
TypeError: int() argument must be a string, a bytes-like object or a real number, not 'WebElement'
2023-04-11 17:39:05,916 - Exception in post - communicationHandler:74
Traceback (most recent call last):
  File "/Users/dnsn/Desktop/flask_POST_NOFAIL/scrapeHandler.py", line 98, in scarpe_and_stat
    repost_check=post.find_element(By.CSS_SELECTOR,'.update-components-header__text-view')
  File "/Library/Frameworks/Python.framework/Versions/3.10/lib/python3.10/site-packages/selenium/webdriver/remote/webelement.py", line 735, in find_element
    return self._execute(Command.FIND_CHILD_ELEMENT,
  File "/Library/Frameworks/Python.framework/Versions/3.10/lib/python3.10/site-packages/selenium/webdriver/remote/webelement.py", line 710, in _execute
    return self._parent.execute(command, params)
  File "/Library/Frameworks/Python.framework/Versions/3.10/lib/python3.10/site-packages/selenium/webdriver/remote/webdriver.py", line 425, in execute
    self.error_handler.check_response(response)
  File "/Library/Frameworks/Python.framework/Versions/3.10/lib/python3.10/site-packages/selenium/webdriver/remote/errorhandler.py", line 247, in check_response
    raise exception_class(message, screen, stacktrace)
selenium.common.exceptions.NoSuchElementException: Message: no such element: Unable to locate element: {"method":"css selector","selector":".update-components-header__text-view"}
  (Session info: chrome=112.0.5615.49)
Stacktrace:
0   chromedriver                        0x0000000104a3d670 chromedriver + 4298352
1   chromedriver                        0x0000000104a35bbc chromedriver + 4266940
2   chromedriver                        0x0000000104668758 chromedriver + 280408
3   chromedriver                        0x00000001046a3b38 chromedriver + 523064
4   chromedriver                        0x0000000104697b90 chromedriver + 474000
5   chromedriver                        0x00000001046dc080 chromedriver + 753792
6   chromedriver                        0x00000001046962d0 chromedriver + 467664
7   chromedriver                        0x0000000104697354 chromedriver + 471892
8   chromedriver                        0x00000001049fd6c4 chromedriver + 4036292
9   chromedriver                        0x0000000104a01c64 chromedriver + 4054116
10  chromedriver                        0x0000000104a082d8 chromedriver + 4080344
11  chromedriver                        0x0000000104a02970 chromedriver + 4057456
12  chromedriver                        0x00000001049d98dc chromedriver + 3889372
13  chromedriver                        0x0000000104a2125c chromedriver + 4182620
14  chromedriver                        0x0000000104a213b4 chromedriver + 4182964
15  chromedriver                        0x0000000104a300f4 chromedriver + 4243700
16  libsystem_pthread.dylib             0x00000001967e9240 _pthread_start + 148
17  libsystem_pthread.dylib             0x00000001967e4024 thread_start + 8


During handling of the above exception, another exception occurred:

Traceback (most recent call last):
  File "/Users/dnsn/Desktop/flask_POST_NOFAIL/scrapeHandler.py", line 134, in scarpe_and_stat
    likes = int(post.find_element(By.CSS_SELECTOR,'.social-details-social-counts__reactions-count'))
TypeError: int() argument must be a string, a bytes-like object or a real number, not 'WebElement'
2023-04-11 17:39:06,030 - Exception in post - communicationHandler:74
Traceback (most recent call last):
  File "/Users/dnsn/Desktop/flask_POST_NOFAIL/scrapeHandler.py", line 98, in scarpe_and_stat
    repost_check=post.find_element(By.CSS_SELECTOR,'.update-components-header__text-view')
  File "/Library/Frameworks/Python.framework/Versions/3.10/lib/python3.10/site-packages/selenium/webdriver/remote/webelement.py", line 735, in find_element
    return self._execute(Command.FIND_CHILD_ELEMENT,
  File "/Library/Frameworks/Python.framework/Versions/3.10/lib/python3.10/site-packages/selenium/webdriver/remote/webelement.py", line 710, in _execute
    return self._parent.execute(command, params)
  File "/Library/Frameworks/Python.framework/Versions/3.10/lib/python3.10/site-packages/selenium/webdriver/remote/webdriver.py", line 425, in execute
    self.error_handler.check_response(response)
  File "/Library/Frameworks/Python.framework/Versions/3.10/lib/python3.10/site-packages/selenium/webdriver/remote/errorhandler.py", line 247, in check_response
    raise exception_class(message, screen, stacktrace)
selenium.common.exceptions.NoSuchElementException: Message: no such element: Unable to locate element: {"method":"css selector","selector":".update-components-header__text-view"}
  (Session info: chrome=112.0.5615.49)
Stacktrace:
0   chromedriver                        0x0000000104a3d670 chromedriver + 4298352
1   chromedriver                        0x0000000104a35bbc chromedriver + 4266940
2   chromedriver                        0x0000000104668758 chromedriver + 280408
3   chromedriver                        0x00000001046a3b38 chromedriver + 523064
4   chromedriver                        0x0000000104697b90 chromedriver + 474000
5   chromedriver                        0x00000001046dc080 chromedriver + 753792
6   chromedriver                        0x00000001046962d0 chromedriver + 467664
7   chromedriver                        0x0000000104697354 chromedriver + 471892
8   chromedriver                        0x00000001049fd6c4 chromedriver + 4036292
9   chromedriver                        0x0000000104a01c64 chromedriver + 4054116
10  chromedriver                        0x0000000104a082d8 chromedriver + 4080344
11  chromedriver                        0x0000000104a02970 chromedriver + 4057456
12  chromedriver                        0x00000001049d98dc chromedriver + 3889372
13  chromedriver                        0x0000000104a2125c chromedriver + 4182620
14  chromedriver                        0x0000000104a213b4 chromedriver + 4182964
15  chromedriver                        0x0000000104a300f4 chromedriver + 4243700
16  libsystem_pthread.dylib             0x00000001967e9240 _pthread_start + 148
17  libsystem_pthread.dylib             0x00000001967e4024 thread_start + 8


During handling of the above exception, another exception occurred:

Traceback (most recent call last):
  File "/Users/dnsn/Desktop/flask_POST_NOFAIL/scrapeHandler.py", line 134, in scarpe_and_stat
    likes = int(post.find_element(By.CSS_SELECTOR,'.social-details-social-counts__reactions-count'))
TypeError: int() argument must be a string, a bytes-like object or a real number, not 'WebElement'
2023-04-11 17:39:06,124 - Exception in post - communicationHandler:74
Traceback (most recent call last):
  File "/Users/dnsn/Desktop/flask_POST_NOFAIL/scrapeHandler.py", line 98, in scarpe_and_stat
    repost_check=post.find_element(By.CSS_SELECTOR,'.update-components-header__text-view')
  File "/Library/Frameworks/Python.framework/Versions/3.10/lib/python3.10/site-packages/selenium/webdriver/remote/webelement.py", line 735, in find_element
    return self._execute(Command.FIND_CHILD_ELEMENT,
  File "/Library/Frameworks/Python.framework/Versions/3.10/lib/python3.10/site-packages/selenium/webdriver/remote/webelement.py", line 710, in _execute
    return self._parent.execute(command, params)
  File "/Library/Frameworks/Python.framework/Versions/3.10/lib/python3.10/site-packages/selenium/webdriver/remote/webdriver.py", line 425, in execute
    self.error_handler.check_response(response)
  File "/Library/Frameworks/Python.framework/Versions/3.10/lib/python3.10/site-packages/selenium/webdriver/remote/errorhandler.py", line 247, in check_response
    raise exception_class(message, screen, stacktrace)
selenium.common.exceptions.NoSuchElementException: Message: no such element: Unable to locate element: {"method":"css selector","selector":".update-components-header__text-view"}
  (Session info: chrome=112.0.5615.49)
Stacktrace:
0   chromedriver                        0x0000000104a3d670 chromedriver + 4298352
1   chromedriver                        0x0000000104a35bbc chromedriver + 4266940
2   chromedriver                        0x0000000104668758 chromedriver + 280408
3   chromedriver                        0x00000001046a3b38 chromedriver + 523064
4   chromedriver                        0x0000000104697b90 chromedriver + 474000
5   chromedriver                        0x00000001046dc080 chromedriver + 753792
6   chromedriver                        0x00000001046962d0 chromedriver + 467664
7   chromedriver                        0x0000000104697354 chromedriver + 471892
8   chromedriver                        0x00000001049fd6c4 chromedriver + 4036292
9   chromedriver                        0x0000000104a01c64 chromedriver + 4054116
10  chromedriver                        0x0000000104a082d8 chromedriver + 4080344
11  chromedriver                        0x0000000104a02970 chromedriver + 4057456
12  chromedriver                        0x00000001049d98dc chromedriver + 3889372
13  chromedriver                        0x0000000104a2125c chromedriver + 4182620
14  chromedriver                        0x0000000104a213b4 chromedriver + 4182964
15  chromedriver                        0x0000000104a300f4 chromedriver + 4243700
16  libsystem_pthread.dylib             0x00000001967e9240 _pthread_start + 148
17  libsystem_pthread.dylib             0x00000001967e4024 thread_start + 8


During handling of the above exception, another exception occurred:

Traceback (most recent call last):
  File "/Users/dnsn/Desktop/flask_POST_NOFAIL/scrapeHandler.py", line 134, in scarpe_and_stat
    likes = int(post.find_element(By.CSS_SELECTOR,'.social-details-social-counts__reactions-count'))
TypeError: int() argument must be a string, a bytes-like object or a real number, not 'WebElement'
2023-04-11 17:39:06,211 - Exception in post - communicationHandler:74
Traceback (most recent call last):
  File "/Users/dnsn/Desktop/flask_POST_NOFAIL/scrapeHandler.py", line 98, in scarpe_and_stat
    repost_check=post.find_element(By.CSS_SELECTOR,'.update-components-header__text-view')
  File "/Library/Frameworks/Python.framework/Versions/3.10/lib/python3.10/site-packages/selenium/webdriver/remote/webelement.py", line 735, in find_element
    return self._execute(Command.FIND_CHILD_ELEMENT,
  File "/Library/Frameworks/Python.framework/Versions/3.10/lib/python3.10/site-packages/selenium/webdriver/remote/webelement.py", line 710, in _execute
    return self._parent.execute(command, params)
  File "/Library/Frameworks/Python.framework/Versions/3.10/lib/python3.10/site-packages/selenium/webdriver/remote/webdriver.py", line 425, in execute
    self.error_handler.check_response(response)
  File "/Library/Frameworks/Python.framework/Versions/3.10/lib/python3.10/site-packages/selenium/webdriver/remote/errorhandler.py", line 247, in check_response
    raise exception_class(message, screen, stacktrace)
selenium.common.exceptions.NoSuchElementException: Message: no such element: Unable to locate element: {"method":"css selector","selector":".update-components-header__text-view"}
  (Session info: chrome=112.0.5615.49)
Stacktrace:
0   chromedriver                        0x0000000104a3d670 chromedriver + 4298352
1   chromedriver                        0x0000000104a35bbc chromedriver + 4266940
2   chromedriver                        0x0000000104668758 chromedriver + 280408
3   chromedriver                        0x00000001046a3b38 chromedriver + 523064
4   chromedriver                        0x0000000104697b90 chromedriver + 474000
5   chromedriver                        0x00000001046dc080 chromedriver + 753792
6   chromedriver                        0x00000001046962d0 chromedriver + 467664
7   chromedriver                        0x0000000104697354 chromedriver + 471892
8   chromedriver                        0x00000001049fd6c4 chromedriver + 4036292
9   chromedriver                        0x0000000104a01c64 chromedriver + 4054116
10  chromedriver                        0x0000000104a082d8 chromedriver + 4080344
11  chromedriver                        0x0000000104a02970 chromedriver + 4057456
12  chromedriver                        0x00000001049d98dc chromedriver + 3889372
13  chromedriver                        0x0000000104a2125c chromedriver + 4182620
14  chromedriver                        0x0000000104a213b4 chromedriver + 4182964
15  chromedriver                        0x0000000104a300f4 chromedriver + 4243700
16  libsystem_pthread.dylib             0x00000001967e9240 _pthread_start + 148
17  libsystem_pthread.dylib             0x00000001967e4024 thread_start + 8


During handling of the above exception, another exception occurred:

Traceback (most recent call last):
  File "/Users/dnsn/Desktop/flask_POST_NOFAIL/scrapeHandler.py", line 134, in scarpe_and_stat
    likes = int(post.find_element(By.CSS_SELECTOR,'.social-details-social-counts__reactions-count'))
TypeError: int() argument must be a string, a bytes-like object or a real number, not 'WebElement'
2023-04-11 17:39:06,298 - Exception in post - communicationHandler:74
Traceback (most recent call last):
  File "/Users/dnsn/Desktop/flask_POST_NOFAIL/scrapeHandler.py", line 98, in scarpe_and_stat
    repost_check=post.find_element(By.CSS_SELECTOR,'.update-components-header__text-view')
  File "/Library/Frameworks/Python.framework/Versions/3.10/lib/python3.10/site-packages/selenium/webdriver/remote/webelement.py", line 735, in find_element
    return self._execute(Command.FIND_CHILD_ELEMENT,
  File "/Library/Frameworks/Python.framework/Versions/3.10/lib/python3.10/site-packages/selenium/webdriver/remote/webelement.py", line 710, in _execute
    return self._parent.execute(command, params)
  File "/Library/Frameworks/Python.framework/Versions/3.10/lib/python3.10/site-packages/selenium/webdriver/remote/webdriver.py", line 425, in execute
    self.error_handler.check_response(response)
  File "/Library/Frameworks/Python.framework/Versions/3.10/lib/python3.10/site-packages/selenium/webdriver/remote/errorhandler.py", line 247, in check_response
    raise exception_class(message, screen, stacktrace)
selenium.common.exceptions.NoSuchElementException: Message: no such element: Unable to locate element: {"method":"css selector","selector":".update-components-header__text-view"}
  (Session info: chrome=112.0.5615.49)
Stacktrace:
0   chromedriver                        0x0000000104a3d670 chromedriver + 4298352
1   chromedriver                        0x0000000104a35bbc chromedriver + 4266940
2   chromedriver                        0x0000000104668758 chromedriver + 280408
3   chromedriver                        0x00000001046a3b38 chromedriver + 523064
4   chromedriver                        0x0000000104697b90 chromedriver + 474000
5   chromedriver                        0x00000001046dc080 chromedriver + 753792
6   chromedriver                        0x00000001046962d0 chromedriver + 467664
7   chromedriver                        0x0000000104697354 chromedriver + 471892
8   chromedriver                        0x00000001049fd6c4 chromedriver + 4036292
9   chromedriver                        0x0000000104a01c64 chromedriver + 4054116
10  chromedriver                        0x0000000104a082d8 chromedriver + 4080344
11  chromedriver                        0x0000000104a02970 chromedriver + 4057456
12  chromedriver                        0x00000001049d98dc chromedriver + 3889372
13  chromedriver                        0x0000000104a2125c chromedriver + 4182620
14  chromedriver                        0x0000000104a213b4 chromedriver + 4182964
15  chromedriver                        0x0000000104a300f4 chromedriver + 4243700
16  libsystem_pthread.dylib             0x00000001967e9240 _pthread_start + 148
17  libsystem_pthread.dylib             0x00000001967e4024 thread_start + 8


During handling of the above exception, another exception occurred:

Traceback (most recent call last):
  File "/Users/dnsn/Desktop/flask_POST_NOFAIL/scrapeHandler.py", line 134, in scarpe_and_stat
    likes = int(post.find_element(By.CSS_SELECTOR,'.social-details-social-counts__reactions-count'))
TypeError: int() argument must be a string, a bytes-like object or a real number, not 'WebElement'
2023-04-11 17:39:06,403 - Exception in post - communicationHandler:74
Traceback (most recent call last):
  File "/Users/dnsn/Desktop/flask_POST_NOFAIL/scrapeHandler.py", line 98, in scarpe_and_stat
    repost_check=post.find_element(By.CSS_SELECTOR,'.update-components-header__text-view')
  File "/Library/Frameworks/Python.framework/Versions/3.10/lib/python3.10/site-packages/selenium/webdriver/remote/webelement.py", line 735, in find_element
    return self._execute(Command.FIND_CHILD_ELEMENT,
  File "/Library/Frameworks/Python.framework/Versions/3.10/lib/python3.10/site-packages/selenium/webdriver/remote/webelement.py", line 710, in _execute
    return self._parent.execute(command, params)
  File "/Library/Frameworks/Python.framework/Versions/3.10/lib/python3.10/site-packages/selenium/webdriver/remote/webdriver.py", line 425, in execute
    self.error_handler.check_response(response)
  File "/Library/Frameworks/Python.framework/Versions/3.10/lib/python3.10/site-packages/selenium/webdriver/remote/errorhandler.py", line 247, in check_response
    raise exception_class(message, screen, stacktrace)
selenium.common.exceptions.NoSuchElementException: Message: no such element: Unable to locate element: {"method":"css selector","selector":".update-components-header__text-view"}
  (Session info: chrome=112.0.5615.49)
Stacktrace:
0   chromedriver                        0x0000000104a3d670 chromedriver + 4298352
1   chromedriver                        0x0000000104a35bbc chromedriver + 4266940
2   chromedriver                        0x0000000104668758 chromedriver + 280408
3   chromedriver                        0x00000001046a3b38 chromedriver + 523064
4   chromedriver                        0x0000000104697b90 chromedriver + 474000
5   chromedriver                        0x00000001046dc080 chromedriver + 753792
6   chromedriver                        0x00000001046962d0 chromedriver + 467664
7   chromedriver                        0x0000000104697354 chromedriver + 471892
8   chromedriver                        0x00000001049fd6c4 chromedriver + 4036292
9   chromedriver                        0x0000000104a01c64 chromedriver + 4054116
10  chromedriver                        0x0000000104a082d8 chromedriver + 4080344
11  chromedriver                        0x0000000104a02970 chromedriver + 4057456
12  chromedriver                        0x00000001049d98dc chromedriver + 3889372
13  chromedriver                        0x0000000104a2125c chromedriver + 4182620
14  chromedriver                        0x0000000104a213b4 chromedriver + 4182964
15  chromedriver                        0x0000000104a300f4 chromedriver + 4243700
16  libsystem_pthread.dylib             0x00000001967e9240 _pthread_start + 148
17  libsystem_pthread.dylib             0x00000001967e4024 thread_start + 8


During handling of the above exception, another exception occurred:

Traceback (most recent call last):
  File "/Users/dnsn/Desktop/flask_POST_NOFAIL/scrapeHandler.py", line 134, in scarpe_and_stat
    likes = int(post.find_element(By.CSS_SELECTOR,'.social-details-social-counts__reactions-count'))
TypeError: int() argument must be a string, a bytes-like object or a real number, not 'WebElement'
2023-04-11 17:39:06,521 - Exception in post - communicationHandler:74
Traceback (most recent call last):
  File "/Users/dnsn/Desktop/flask_POST_NOFAIL/scrapeHandler.py", line 98, in scarpe_and_stat
    repost_check=post.find_element(By.CSS_SELECTOR,'.update-components-header__text-view')
  File "/Library/Frameworks/Python.framework/Versions/3.10/lib/python3.10/site-packages/selenium/webdriver/remote/webelement.py", line 735, in find_element
    return self._execute(Command.FIND_CHILD_ELEMENT,
  File "/Library/Frameworks/Python.framework/Versions/3.10/lib/python3.10/site-packages/selenium/webdriver/remote/webelement.py", line 710, in _execute
    return self._parent.execute(command, params)
  File "/Library/Frameworks/Python.framework/Versions/3.10/lib/python3.10/site-packages/selenium/webdriver/remote/webdriver.py", line 425, in execute
    self.error_handler.check_response(response)
  File "/Library/Frameworks/Python.framework/Versions/3.10/lib/python3.10/site-packages/selenium/webdriver/remote/errorhandler.py", line 247, in check_response
    raise exception_class(message, screen, stacktrace)
selenium.common.exceptions.NoSuchElementException: Message: no such element: Unable to locate element: {"method":"css selector","selector":".update-components-header__text-view"}
  (Session info: chrome=112.0.5615.49)
Stacktrace:
0   chromedriver                        0x0000000104a3d670 chromedriver + 4298352
1   chromedriver                        0x0000000104a35bbc chromedriver + 4266940
2   chromedriver                        0x0000000104668758 chromedriver + 280408
3   chromedriver                        0x00000001046a3b38 chromedriver + 523064
4   chromedriver                        0x0000000104697b90 chromedriver + 474000
5   chromedriver                        0x00000001046dc080 chromedriver + 753792
6   chromedriver                        0x00000001046962d0 chromedriver + 467664
7   chromedriver                        0x0000000104697354 chromedriver + 471892
8   chromedriver                        0x00000001049fd6c4 chromedriver + 4036292
9   chromedriver                        0x0000000104a01c64 chromedriver + 4054116
10  chromedriver                        0x0000000104a082d8 chromedriver + 4080344
11  chromedriver                        0x0000000104a02970 chromedriver + 4057456
12  chromedriver                        0x00000001049d98dc chromedriver + 3889372
13  chromedriver                        0x0000000104a2125c chromedriver + 4182620
14  chromedriver                        0x0000000104a213b4 chromedriver + 4182964
15  chromedriver                        0x0000000104a300f4 chromedriver + 4243700
16  libsystem_pthread.dylib             0x00000001967e9240 _pthread_start + 148
17  libsystem_pthread.dylib             0x00000001967e4024 thread_start + 8


During handling of the above exception, another exception occurred:

Traceback (most recent call last):
  File "/Users/dnsn/Desktop/flask_POST_NOFAIL/scrapeHandler.py", line 134, in scarpe_and_stat
    likes = int(post.find_element(By.CSS_SELECTOR,'.social-details-social-counts__reactions-count'))
TypeError: int() argument must be a string, a bytes-like object or a real number, not 'WebElement'
2023-04-11 17:39:06,612 - Exception in post - communicationHandler:74
Traceback (most recent call last):
  File "/Users/dnsn/Desktop/flask_POST_NOFAIL/scrapeHandler.py", line 98, in scarpe_and_stat
    repost_check=post.find_element(By.CSS_SELECTOR,'.update-components-header__text-view')
  File "/Library/Frameworks/Python.framework/Versions/3.10/lib/python3.10/site-packages/selenium/webdriver/remote/webelement.py", line 735, in find_element
    return self._execute(Command.FIND_CHILD_ELEMENT,
  File "/Library/Frameworks/Python.framework/Versions/3.10/lib/python3.10/site-packages/selenium/webdriver/remote/webelement.py", line 710, in _execute
    return self._parent.execute(command, params)
  File "/Library/Frameworks/Python.framework/Versions/3.10/lib/python3.10/site-packages/selenium/webdriver/remote/webdriver.py", line 425, in execute
    self.error_handler.check_response(response)
  File "/Library/Frameworks/Python.framework/Versions/3.10/lib/python3.10/site-packages/selenium/webdriver/remote/errorhandler.py", line 247, in check_response
    raise exception_class(message, screen, stacktrace)
selenium.common.exceptions.NoSuchElementException: Message: no such element: Unable to locate element: {"method":"css selector","selector":".update-components-header__text-view"}
  (Session info: chrome=112.0.5615.49)
Stacktrace:
0   chromedriver                        0x0000000104a3d670 chromedriver + 4298352
1   chromedriver                        0x0000000104a35bbc chromedriver + 4266940
2   chromedriver                        0x0000000104668758 chromedriver + 280408
3   chromedriver                        0x00000001046a3b38 chromedriver + 523064
4   chromedriver                        0x0000000104697b90 chromedriver + 474000
5   chromedriver                        0x00000001046dc080 chromedriver + 753792
6   chromedriver                        0x00000001046962d0 chromedriver + 467664
7   chromedriver                        0x0000000104697354 chromedriver + 471892
8   chromedriver                        0x00000001049fd6c4 chromedriver + 4036292
9   chromedriver                        0x0000000104a01c64 chromedriver + 4054116
10  chromedriver                        0x0000000104a082d8 chromedriver + 4080344
11  chromedriver                        0x0000000104a02970 chromedriver + 4057456
12  chromedriver                        0x00000001049d98dc chromedriver + 3889372
13  chromedriver                        0x0000000104a2125c chromedriver + 4182620
14  chromedriver                        0x0000000104a213b4 chromedriver + 4182964
15  chromedriver                        0x0000000104a300f4 chromedriver + 4243700
16  libsystem_pthread.dylib             0x00000001967e9240 _pthread_start + 148
17  libsystem_pthread.dylib             0x00000001967e4024 thread_start + 8


During handling of the above exception, another exception occurred:

Traceback (most recent call last):
  File "/Users/dnsn/Desktop/flask_POST_NOFAIL/scrapeHandler.py", line 134, in scarpe_and_stat
    likes = int(post.find_element(By.CSS_SELECTOR,'.social-details-social-counts__reactions-count'))
TypeError: int() argument must be a string, a bytes-like object or a real number, not 'WebElement'
2023-04-11 17:39:06,744 - Exception in post - communicationHandler:74
Traceback (most recent call last):
  File "/Users/dnsn/Desktop/flask_POST_NOFAIL/scrapeHandler.py", line 98, in scarpe_and_stat
    repost_check=post.find_element(By.CSS_SELECTOR,'.update-components-header__text-view')
  File "/Library/Frameworks/Python.framework/Versions/3.10/lib/python3.10/site-packages/selenium/webdriver/remote/webelement.py", line 735, in find_element
    return self._execute(Command.FIND_CHILD_ELEMENT,
  File "/Library/Frameworks/Python.framework/Versions/3.10/lib/python3.10/site-packages/selenium/webdriver/remote/webelement.py", line 710, in _execute
    return self._parent.execute(command, params)
  File "/Library/Frameworks/Python.framework/Versions/3.10/lib/python3.10/site-packages/selenium/webdriver/remote/webdriver.py", line 425, in execute
    self.error_handler.check_response(response)
  File "/Library/Frameworks/Python.framework/Versions/3.10/lib/python3.10/site-packages/selenium/webdriver/remote/errorhandler.py", line 247, in check_response
    raise exception_class(message, screen, stacktrace)
selenium.common.exceptions.NoSuchElementException: Message: no such element: Unable to locate element: {"method":"css selector","selector":".update-components-header__text-view"}
  (Session info: chrome=112.0.5615.49)
Stacktrace:
0   chromedriver                        0x0000000104a3d670 chromedriver + 4298352
1   chromedriver                        0x0000000104a35bbc chromedriver + 4266940
2   chromedriver                        0x0000000104668758 chromedriver + 280408
3   chromedriver                        0x00000001046a3b38 chromedriver + 523064
4   chromedriver                        0x0000000104697b90 chromedriver + 474000
5   chromedriver                        0x00000001046dc080 chromedriver + 753792
6   chromedriver                        0x00000001046962d0 chromedriver + 467664
7   chromedriver                        0x0000000104697354 chromedriver + 471892
8   chromedriver                        0x00000001049fd6c4 chromedriver + 4036292
9   chromedriver                        0x0000000104a01c64 chromedriver + 4054116
10  chromedriver                        0x0000000104a082d8 chromedriver + 4080344
11  chromedriver                        0x0000000104a02970 chromedriver + 4057456
12  chromedriver                        0x00000001049d98dc chromedriver + 3889372
13  chromedriver                        0x0000000104a2125c chromedriver + 4182620
14  chromedriver                        0x0000000104a213b4 chromedriver + 4182964
15  chromedriver                        0x0000000104a300f4 chromedriver + 4243700
16  libsystem_pthread.dylib             0x00000001967e9240 _pthread_start + 148
17  libsystem_pthread.dylib             0x00000001967e4024 thread_start + 8


During handling of the above exception, another exception occurred:

Traceback (most recent call last):
  File "/Users/dnsn/Desktop/flask_POST_NOFAIL/scrapeHandler.py", line 134, in scarpe_and_stat
    likes = int(post.find_element(By.CSS_SELECTOR,'.social-details-social-counts__reactions-count'))
TypeError: int() argument must be a string, a bytes-like object or a real number, not 'WebElement'
2023-04-11 17:39:06,841 - Exception in post - communicationHandler:74
Traceback (most recent call last):
  File "/Users/dnsn/Desktop/flask_POST_NOFAIL/scrapeHandler.py", line 98, in scarpe_and_stat
    repost_check=post.find_element(By.CSS_SELECTOR,'.update-components-header__text-view')
  File "/Library/Frameworks/Python.framework/Versions/3.10/lib/python3.10/site-packages/selenium/webdriver/remote/webelement.py", line 735, in find_element
    return self._execute(Command.FIND_CHILD_ELEMENT,
  File "/Library/Frameworks/Python.framework/Versions/3.10/lib/python3.10/site-packages/selenium/webdriver/remote/webelement.py", line 710, in _execute
    return self._parent.execute(command, params)
  File "/Library/Frameworks/Python.framework/Versions/3.10/lib/python3.10/site-packages/selenium/webdriver/remote/webdriver.py", line 425, in execute
    self.error_handler.check_response(response)
  File "/Library/Frameworks/Python.framework/Versions/3.10/lib/python3.10/site-packages/selenium/webdriver/remote/errorhandler.py", line 247, in check_response
    raise exception_class(message, screen, stacktrace)
selenium.common.exceptions.NoSuchElementException: Message: no such element: Unable to locate element: {"method":"css selector","selector":".update-components-header__text-view"}
  (Session info: chrome=112.0.5615.49)
Stacktrace:
0   chromedriver                        0x0000000104a3d670 chromedriver + 4298352
1   chromedriver                        0x0000000104a35bbc chromedriver + 4266940
2   chromedriver                        0x0000000104668758 chromedriver + 280408
3   chromedriver                        0x00000001046a3b38 chromedriver + 523064
4   chromedriver                        0x0000000104697b90 chromedriver + 474000
5   chromedriver                        0x00000001046dc080 chromedriver + 753792
6   chromedriver                        0x00000001046962d0 chromedriver + 467664
7   chromedriver                        0x0000000104697354 chromedriver + 471892
8   chromedriver                        0x00000001049fd6c4 chromedriver + 4036292
9   chromedriver                        0x0000000104a01c64 chromedriver + 4054116
10  chromedriver                        0x0000000104a082d8 chromedriver + 4080344
11  chromedriver                        0x0000000104a02970 chromedriver + 4057456
12  chromedriver                        0x00000001049d98dc chromedriver + 3889372
13  chromedriver                        0x0000000104a2125c chromedriver + 4182620
14  chromedriver                        0x0000000104a213b4 chromedriver + 4182964
15  chromedriver                        0x0000000104a300f4 chromedriver + 4243700
16  libsystem_pthread.dylib             0x00000001967e9240 _pthread_start + 148
17  libsystem_pthread.dylib             0x00000001967e4024 thread_start + 8


During handling of the above exception, another exception occurred:

Traceback (most recent call last):
  File "/Users/dnsn/Desktop/flask_POST_NOFAIL/scrapeHandler.py", line 134, in scarpe_and_stat
    likes = int(post.find_element(By.CSS_SELECTOR,'.social-details-social-counts__reactions-count'))
TypeError: int() argument must be a string, a bytes-like object or a real number, not 'WebElement'
2023-04-11 17:39:06,935 - Exception in post - communicationHandler:74
Traceback (most recent call last):
  File "/Users/dnsn/Desktop/flask_POST_NOFAIL/scrapeHandler.py", line 98, in scarpe_and_stat
    repost_check=post.find_element(By.CSS_SELECTOR,'.update-components-header__text-view')
  File "/Library/Frameworks/Python.framework/Versions/3.10/lib/python3.10/site-packages/selenium/webdriver/remote/webelement.py", line 735, in find_element
    return self._execute(Command.FIND_CHILD_ELEMENT,
  File "/Library/Frameworks/Python.framework/Versions/3.10/lib/python3.10/site-packages/selenium/webdriver/remote/webelement.py", line 710, in _execute
    return self._parent.execute(command, params)
  File "/Library/Frameworks/Python.framework/Versions/3.10/lib/python3.10/site-packages/selenium/webdriver/remote/webdriver.py", line 425, in execute
    self.error_handler.check_response(response)
  File "/Library/Frameworks/Python.framework/Versions/3.10/lib/python3.10/site-packages/selenium/webdriver/remote/errorhandler.py", line 247, in check_response
    raise exception_class(message, screen, stacktrace)
selenium.common.exceptions.NoSuchElementException: Message: no such element: Unable to locate element: {"method":"css selector","selector":".update-components-header__text-view"}
  (Session info: chrome=112.0.5615.49)
Stacktrace:
0   chromedriver                        0x0000000104a3d670 chromedriver + 4298352
1   chromedriver                        0x0000000104a35bbc chromedriver + 4266940
2   chromedriver                        0x0000000104668758 chromedriver + 280408
3   chromedriver                        0x00000001046a3b38 chromedriver + 523064
4   chromedriver                        0x0000000104697b90 chromedriver + 474000
5   chromedriver                        0x00000001046dc080 chromedriver + 753792
6   chromedriver                        0x00000001046962d0 chromedriver + 467664
7   chromedriver                        0x0000000104697354 chromedriver + 471892
8   chromedriver                        0x00000001049fd6c4 chromedriver + 4036292
9   chromedriver                        0x0000000104a01c64 chromedriver + 4054116
10  chromedriver                        0x0000000104a082d8 chromedriver + 4080344
11  chromedriver                        0x0000000104a02970 chromedriver + 4057456
12  chromedriver                        0x00000001049d98dc chromedriver + 3889372
13  chromedriver                        0x0000000104a2125c chromedriver + 4182620
14  chromedriver                        0x0000000104a213b4 chromedriver + 4182964
15  chromedriver                        0x0000000104a300f4 chromedriver + 4243700
16  libsystem_pthread.dylib             0x00000001967e9240 _pthread_start + 148
17  libsystem_pthread.dylib             0x00000001967e4024 thread_start + 8


During handling of the above exception, another exception occurred:

Traceback (most recent call last):
  File "/Users/dnsn/Desktop/flask_POST_NOFAIL/scrapeHandler.py", line 134, in scarpe_and_stat
    likes = int(post.find_element(By.CSS_SELECTOR,'.social-details-social-counts__reactions-count'))
TypeError: int() argument must be a string, a bytes-like object or a real number, not 'WebElement'
2023-04-11 17:39:07,028 - Exception in post - communicationHandler:74
Traceback (most recent call last):
  File "/Users/dnsn/Desktop/flask_POST_NOFAIL/scrapeHandler.py", line 98, in scarpe_and_stat
    repost_check=post.find_element(By.CSS_SELECTOR,'.update-components-header__text-view')
  File "/Library/Frameworks/Python.framework/Versions/3.10/lib/python3.10/site-packages/selenium/webdriver/remote/webelement.py", line 735, in find_element
    return self._execute(Command.FIND_CHILD_ELEMENT,
  File "/Library/Frameworks/Python.framework/Versions/3.10/lib/python3.10/site-packages/selenium/webdriver/remote/webelement.py", line 710, in _execute
    return self._parent.execute(command, params)
  File "/Library/Frameworks/Python.framework/Versions/3.10/lib/python3.10/site-packages/selenium/webdriver/remote/webdriver.py", line 425, in execute
    self.error_handler.check_response(response)
  File "/Library/Frameworks/Python.framework/Versions/3.10/lib/python3.10/site-packages/selenium/webdriver/remote/errorhandler.py", line 247, in check_response
    raise exception_class(message, screen, stacktrace)
selenium.common.exceptions.NoSuchElementException: Message: no such element: Unable to locate element: {"method":"css selector","selector":".update-components-header__text-view"}
  (Session info: chrome=112.0.5615.49)
Stacktrace:
0   chromedriver                        0x0000000104a3d670 chromedriver + 4298352
1   chromedriver                        0x0000000104a35bbc chromedriver + 4266940
2   chromedriver                        0x0000000104668758 chromedriver + 280408
3   chromedriver                        0x00000001046a3b38 chromedriver + 523064
4   chromedriver                        0x0000000104697b90 chromedriver + 474000
5   chromedriver                        0x00000001046dc080 chromedriver + 753792
6   chromedriver                        0x00000001046962d0 chromedriver + 467664
7   chromedriver                        0x0000000104697354 chromedriver + 471892
8   chromedriver                        0x00000001049fd6c4 chromedriver + 4036292
9   chromedriver                        0x0000000104a01c64 chromedriver + 4054116
10  chromedriver                        0x0000000104a082d8 chromedriver + 4080344
11  chromedriver                        0x0000000104a02970 chromedriver + 4057456
12  chromedriver                        0x00000001049d98dc chromedriver + 3889372
13  chromedriver                        0x0000000104a2125c chromedriver + 4182620
14  chromedriver                        0x0000000104a213b4 chromedriver + 4182964
15  chromedriver                        0x0000000104a300f4 chromedriver + 4243700
16  libsystem_pthread.dylib             0x00000001967e9240 _pthread_start + 148
17  libsystem_pthread.dylib             0x00000001967e4024 thread_start + 8


During handling of the above exception, another exception occurred:

Traceback (most recent call last):
  File "/Users/dnsn/Desktop/flask_POST_NOFAIL/scrapeHandler.py", line 134, in scarpe_and_stat
    likes = int(post.find_element(By.CSS_SELECTOR,'.social-details-social-counts__reactions-count'))
TypeError: int() argument must be a string, a bytes-like object or a real number, not 'WebElement'
2023-04-11 17:39:07,124 - Exception in post - communicationHandler:74
Traceback (most recent call last):
  File "/Users/dnsn/Desktop/flask_POST_NOFAIL/scrapeHandler.py", line 98, in scarpe_and_stat
    repost_check=post.find_element(By.CSS_SELECTOR,'.update-components-header__text-view')
  File "/Library/Frameworks/Python.framework/Versions/3.10/lib/python3.10/site-packages/selenium/webdriver/remote/webelement.py", line 735, in find_element
    return self._execute(Command.FIND_CHILD_ELEMENT,
  File "/Library/Frameworks/Python.framework/Versions/3.10/lib/python3.10/site-packages/selenium/webdriver/remote/webelement.py", line 710, in _execute
    return self._parent.execute(command, params)
  File "/Library/Frameworks/Python.framework/Versions/3.10/lib/python3.10/site-packages/selenium/webdriver/remote/webdriver.py", line 425, in execute
    self.error_handler.check_response(response)
  File "/Library/Frameworks/Python.framework/Versions/3.10/lib/python3.10/site-packages/selenium/webdriver/remote/errorhandler.py", line 247, in check_response
    raise exception_class(message, screen, stacktrace)
selenium.common.exceptions.NoSuchElementException: Message: no such element: Unable to locate element: {"method":"css selector","selector":".update-components-header__text-view"}
  (Session info: chrome=112.0.5615.49)
Stacktrace:
0   chromedriver                        0x0000000104a3d670 chromedriver + 4298352
1   chromedriver                        0x0000000104a35bbc chromedriver + 4266940
2   chromedriver                        0x0000000104668758 chromedriver + 280408
3   chromedriver                        0x00000001046a3b38 chromedriver + 523064
4   chromedriver                        0x0000000104697b90 chromedriver + 474000
5   chromedriver                        0x00000001046dc080 chromedriver + 753792
6   chromedriver                        0x00000001046962d0 chromedriver + 467664
7   chromedriver                        0x0000000104697354 chromedriver + 471892
8   chromedriver                        0x00000001049fd6c4 chromedriver + 4036292
9   chromedriver                        0x0000000104a01c64 chromedriver + 4054116
10  chromedriver                        0x0000000104a082d8 chromedriver + 4080344
11  chromedriver                        0x0000000104a02970 chromedriver + 4057456
12  chromedriver                        0x00000001049d98dc chromedriver + 3889372
13  chromedriver                        0x0000000104a2125c chromedriver + 4182620
14  chromedriver                        0x0000000104a213b4 chromedriver + 4182964
15  chromedriver                        0x0000000104a300f4 chromedriver + 4243700
16  libsystem_pthread.dylib             0x00000001967e9240 _pthread_start + 148
17  libsystem_pthread.dylib             0x00000001967e4024 thread_start + 8


During handling of the above exception, another exception occurred:

Traceback (most recent call last):
  File "/Users/dnsn/Desktop/flask_POST_NOFAIL/scrapeHandler.py", line 134, in scarpe_and_stat
    likes = int(post.find_element(By.CSS_SELECTOR,'.social-details-social-counts__reactions-count'))
TypeError: int() argument must be a string, a bytes-like object or a real number, not 'WebElement'
2023-04-11 17:50:16,197 - Exception in post - communicationHandler:74
Traceback (most recent call last):
  File "/Users/dnsn/Desktop/flask_POST_NOFAIL/scrapeHandler.py", line 98, in scarpe_and_stat
    repost_check=post.find_element(By.CSS_SELECTOR,'.update-components-header__text-view')
  File "/Library/Frameworks/Python.framework/Versions/3.10/lib/python3.10/site-packages/selenium/webdriver/remote/webelement.py", line 735, in find_element
    return self._execute(Command.FIND_CHILD_ELEMENT,
  File "/Library/Frameworks/Python.framework/Versions/3.10/lib/python3.10/site-packages/selenium/webdriver/remote/webelement.py", line 710, in _execute
    return self._parent.execute(command, params)
  File "/Library/Frameworks/Python.framework/Versions/3.10/lib/python3.10/site-packages/selenium/webdriver/remote/webdriver.py", line 425, in execute
    self.error_handler.check_response(response)
  File "/Library/Frameworks/Python.framework/Versions/3.10/lib/python3.10/site-packages/selenium/webdriver/remote/errorhandler.py", line 247, in check_response
    raise exception_class(message, screen, stacktrace)
selenium.common.exceptions.NoSuchElementException: Message: no such element: Unable to locate element: {"method":"css selector","selector":".update-components-header__text-view"}
  (Session info: chrome=112.0.5615.49)
Stacktrace:
0   chromedriver                        0x0000000104b89670 chromedriver + 4298352
1   chromedriver                        0x0000000104b81bbc chromedriver + 4266940
2   chromedriver                        0x00000001047b4758 chromedriver + 280408
3   chromedriver                        0x00000001047efb38 chromedriver + 523064
4   chromedriver                        0x00000001047e3b90 chromedriver + 474000
5   chromedriver                        0x0000000104828080 chromedriver + 753792
6   chromedriver                        0x00000001047e22d0 chromedriver + 467664
7   chromedriver                        0x00000001047e3354 chromedriver + 471892
8   chromedriver                        0x0000000104b496c4 chromedriver + 4036292
9   chromedriver                        0x0000000104b4dc64 chromedriver + 4054116
10  chromedriver                        0x0000000104b542d8 chromedriver + 4080344
11  chromedriver                        0x0000000104b4e970 chromedriver + 4057456
12  chromedriver                        0x0000000104b258dc chromedriver + 3889372
13  chromedriver                        0x0000000104b6d25c chromedriver + 4182620
14  chromedriver                        0x0000000104b6d3b4 chromedriver + 4182964
15  chromedriver                        0x0000000104b7c0f4 chromedriver + 4243700
16  libsystem_pthread.dylib             0x00000001967e9240 _pthread_start + 148
17  libsystem_pthread.dylib             0x00000001967e4024 thread_start + 8


During handling of the above exception, another exception occurred:

Traceback (most recent call last):
  File "/Users/dnsn/Desktop/flask_POST_NOFAIL/scrapeHandler.py", line 134, in scarpe_and_stat
    likes = int(post.find_element(By.CSS_SELECTOR,'.social-details-social-counts__reactions-count').get_attribute('innerHTML'))
ValueError: invalid literal for int() with base 10: '1,071'
2023-04-11 17:50:16,256 - Exception in post - communicationHandler:74
Traceback (most recent call last):
  File "/Users/dnsn/Desktop/flask_POST_NOFAIL/scrapeHandler.py", line 98, in scarpe_and_stat
    repost_check=post.find_element(By.CSS_SELECTOR,'.update-components-header__text-view')
  File "/Library/Frameworks/Python.framework/Versions/3.10/lib/python3.10/site-packages/selenium/webdriver/remote/webelement.py", line 735, in find_element
    return self._execute(Command.FIND_CHILD_ELEMENT,
  File "/Library/Frameworks/Python.framework/Versions/3.10/lib/python3.10/site-packages/selenium/webdriver/remote/webelement.py", line 710, in _execute
    return self._parent.execute(command, params)
  File "/Library/Frameworks/Python.framework/Versions/3.10/lib/python3.10/site-packages/selenium/webdriver/remote/webdriver.py", line 425, in execute
    self.error_handler.check_response(response)
  File "/Library/Frameworks/Python.framework/Versions/3.10/lib/python3.10/site-packages/selenium/webdriver/remote/errorhandler.py", line 247, in check_response
    raise exception_class(message, screen, stacktrace)
selenium.common.exceptions.NoSuchElementException: Message: no such element: Unable to locate element: {"method":"css selector","selector":".update-components-header__text-view"}
  (Session info: chrome=112.0.5615.49)
Stacktrace:
0   chromedriver                        0x0000000104b89670 chromedriver + 4298352
1   chromedriver                        0x0000000104b81bbc chromedriver + 4266940
2   chromedriver                        0x00000001047b4758 chromedriver + 280408
3   chromedriver                        0x00000001047efb38 chromedriver + 523064
4   chromedriver                        0x00000001047e3b90 chromedriver + 474000
5   chromedriver                        0x0000000104828080 chromedriver + 753792
6   chromedriver                        0x00000001047e22d0 chromedriver + 467664
7   chromedriver                        0x00000001047e3354 chromedriver + 471892
8   chromedriver                        0x0000000104b496c4 chromedriver + 4036292
9   chromedriver                        0x0000000104b4dc64 chromedriver + 4054116
10  chromedriver                        0x0000000104b542d8 chromedriver + 4080344
11  chromedriver                        0x0000000104b4e970 chromedriver + 4057456
12  chromedriver                        0x0000000104b258dc chromedriver + 3889372
13  chromedriver                        0x0000000104b6d25c chromedriver + 4182620
14  chromedriver                        0x0000000104b6d3b4 chromedriver + 4182964
15  chromedriver                        0x0000000104b7c0f4 chromedriver + 4243700
16  libsystem_pthread.dylib             0x00000001967e9240 _pthread_start + 148
17  libsystem_pthread.dylib             0x00000001967e4024 thread_start + 8


During handling of the above exception, another exception occurred:

Traceback (most recent call last):
  File "/Users/dnsn/Desktop/flask_POST_NOFAIL/scrapeHandler.py", line 134, in scarpe_and_stat
    likes = int(post.find_element(By.CSS_SELECTOR,'.social-details-social-counts__reactions-count').get_attribute('innerHTML'))
ValueError: invalid literal for int() with base 10: '2,267'
2023-04-11 17:50:16,421 - Exception in post - communicationHandler:74
Traceback (most recent call last):
  File "/Users/dnsn/Desktop/flask_POST_NOFAIL/scrapeHandler.py", line 98, in scarpe_and_stat
    repost_check=post.find_element(By.CSS_SELECTOR,'.update-components-header__text-view')
  File "/Library/Frameworks/Python.framework/Versions/3.10/lib/python3.10/site-packages/selenium/webdriver/remote/webelement.py", line 735, in find_element
    return self._execute(Command.FIND_CHILD_ELEMENT,
  File "/Library/Frameworks/Python.framework/Versions/3.10/lib/python3.10/site-packages/selenium/webdriver/remote/webelement.py", line 710, in _execute
    return self._parent.execute(command, params)
  File "/Library/Frameworks/Python.framework/Versions/3.10/lib/python3.10/site-packages/selenium/webdriver/remote/webdriver.py", line 425, in execute
    self.error_handler.check_response(response)
  File "/Library/Frameworks/Python.framework/Versions/3.10/lib/python3.10/site-packages/selenium/webdriver/remote/errorhandler.py", line 247, in check_response
    raise exception_class(message, screen, stacktrace)
selenium.common.exceptions.NoSuchElementException: Message: no such element: Unable to locate element: {"method":"css selector","selector":".update-components-header__text-view"}
  (Session info: chrome=112.0.5615.49)
Stacktrace:
0   chromedriver                        0x0000000104b89670 chromedriver + 4298352
1   chromedriver                        0x0000000104b81bbc chromedriver + 4266940
2   chromedriver                        0x00000001047b4758 chromedriver + 280408
3   chromedriver                        0x00000001047efb38 chromedriver + 523064
4   chromedriver                        0x00000001047e3b90 chromedriver + 474000
5   chromedriver                        0x0000000104828080 chromedriver + 753792
6   chromedriver                        0x00000001047e22d0 chromedriver + 467664
7   chromedriver                        0x00000001047e3354 chromedriver + 471892
8   chromedriver                        0x0000000104b496c4 chromedriver + 4036292
9   chromedriver                        0x0000000104b4dc64 chromedriver + 4054116
10  chromedriver                        0x0000000104b542d8 chromedriver + 4080344
11  chromedriver                        0x0000000104b4e970 chromedriver + 4057456
12  chromedriver                        0x0000000104b258dc chromedriver + 3889372
13  chromedriver                        0x0000000104b6d25c chromedriver + 4182620
14  chromedriver                        0x0000000104b6d3b4 chromedriver + 4182964
15  chromedriver                        0x0000000104b7c0f4 chromedriver + 4243700
16  libsystem_pthread.dylib             0x00000001967e9240 _pthread_start + 148
17  libsystem_pthread.dylib             0x00000001967e4024 thread_start + 8


During handling of the above exception, another exception occurred:

Traceback (most recent call last):
  File "/Users/dnsn/Desktop/flask_POST_NOFAIL/scrapeHandler.py", line 134, in scarpe_and_stat
    likes = int(post.find_element(By.CSS_SELECTOR,'.social-details-social-counts__reactions-count').get_attribute('innerHTML'))
ValueError: invalid literal for int() with base 10: '1,347'
2023-04-11 17:50:16,827 - Exception in post - communicationHandler:74
Traceback (most recent call last):
  File "/Users/dnsn/Desktop/flask_POST_NOFAIL/scrapeHandler.py", line 98, in scarpe_and_stat
    repost_check=post.find_element(By.CSS_SELECTOR,'.update-components-header__text-view')
  File "/Library/Frameworks/Python.framework/Versions/3.10/lib/python3.10/site-packages/selenium/webdriver/remote/webelement.py", line 735, in find_element
    return self._execute(Command.FIND_CHILD_ELEMENT,
  File "/Library/Frameworks/Python.framework/Versions/3.10/lib/python3.10/site-packages/selenium/webdriver/remote/webelement.py", line 710, in _execute
    return self._parent.execute(command, params)
  File "/Library/Frameworks/Python.framework/Versions/3.10/lib/python3.10/site-packages/selenium/webdriver/remote/webdriver.py", line 425, in execute
    self.error_handler.check_response(response)
  File "/Library/Frameworks/Python.framework/Versions/3.10/lib/python3.10/site-packages/selenium/webdriver/remote/errorhandler.py", line 247, in check_response
    raise exception_class(message, screen, stacktrace)
selenium.common.exceptions.NoSuchElementException: Message: no such element: Unable to locate element: {"method":"css selector","selector":".update-components-header__text-view"}
  (Session info: chrome=112.0.5615.49)
Stacktrace:
0   chromedriver                        0x0000000104b89670 chromedriver + 4298352
1   chromedriver                        0x0000000104b81bbc chromedriver + 4266940
2   chromedriver                        0x00000001047b4758 chromedriver + 280408
3   chromedriver                        0x00000001047efb38 chromedriver + 523064
4   chromedriver                        0x00000001047e3b90 chromedriver + 474000
5   chromedriver                        0x0000000104828080 chromedriver + 753792
6   chromedriver                        0x00000001047e22d0 chromedriver + 467664
7   chromedriver                        0x00000001047e3354 chromedriver + 471892
8   chromedriver                        0x0000000104b496c4 chromedriver + 4036292
9   chromedriver                        0x0000000104b4dc64 chromedriver + 4054116
10  chromedriver                        0x0000000104b542d8 chromedriver + 4080344
11  chromedriver                        0x0000000104b4e970 chromedriver + 4057456
12  chromedriver                        0x0000000104b258dc chromedriver + 3889372
13  chromedriver                        0x0000000104b6d25c chromedriver + 4182620
14  chromedriver                        0x0000000104b6d3b4 chromedriver + 4182964
15  chromedriver                        0x0000000104b7c0f4 chromedriver + 4243700
16  libsystem_pthread.dylib             0x00000001967e9240 _pthread_start + 148
17  libsystem_pthread.dylib             0x00000001967e4024 thread_start + 8


During handling of the above exception, another exception occurred:

Traceback (most recent call last):
  File "/Users/dnsn/Desktop/flask_POST_NOFAIL/scrapeHandler.py", line 134, in scarpe_and_stat
    likes = int(post.find_element(By.CSS_SELECTOR,'.social-details-social-counts__reactions-count').get_attribute('innerHTML'))
ValueError: invalid literal for int() with base 10: '1,221'
2023-04-11 17:50:17,000 - Exception in post - communicationHandler:74
Traceback (most recent call last):
  File "/Users/dnsn/Desktop/flask_POST_NOFAIL/scrapeHandler.py", line 98, in scarpe_and_stat
    repost_check=post.find_element(By.CSS_SELECTOR,'.update-components-header__text-view')
  File "/Library/Frameworks/Python.framework/Versions/3.10/lib/python3.10/site-packages/selenium/webdriver/remote/webelement.py", line 735, in find_element
    return self._execute(Command.FIND_CHILD_ELEMENT,
  File "/Library/Frameworks/Python.framework/Versions/3.10/lib/python3.10/site-packages/selenium/webdriver/remote/webelement.py", line 710, in _execute
    return self._parent.execute(command, params)
  File "/Library/Frameworks/Python.framework/Versions/3.10/lib/python3.10/site-packages/selenium/webdriver/remote/webdriver.py", line 425, in execute
    self.error_handler.check_response(response)
  File "/Library/Frameworks/Python.framework/Versions/3.10/lib/python3.10/site-packages/selenium/webdriver/remote/errorhandler.py", line 247, in check_response
    raise exception_class(message, screen, stacktrace)
selenium.common.exceptions.NoSuchElementException: Message: no such element: Unable to locate element: {"method":"css selector","selector":".update-components-header__text-view"}
  (Session info: chrome=112.0.5615.49)
Stacktrace:
0   chromedriver                        0x0000000104b89670 chromedriver + 4298352
1   chromedriver                        0x0000000104b81bbc chromedriver + 4266940
2   chromedriver                        0x00000001047b4758 chromedriver + 280408
3   chromedriver                        0x00000001047efb38 chromedriver + 523064
4   chromedriver                        0x00000001047e3b90 chromedriver + 474000
5   chromedriver                        0x0000000104828080 chromedriver + 753792
6   chromedriver                        0x00000001047e22d0 chromedriver + 467664
7   chromedriver                        0x00000001047e3354 chromedriver + 471892
8   chromedriver                        0x0000000104b496c4 chromedriver + 4036292
9   chromedriver                        0x0000000104b4dc64 chromedriver + 4054116
10  chromedriver                        0x0000000104b542d8 chromedriver + 4080344
11  chromedriver                        0x0000000104b4e970 chromedriver + 4057456
12  chromedriver                        0x0000000104b258dc chromedriver + 3889372
13  chromedriver                        0x0000000104b6d25c chromedriver + 4182620
14  chromedriver                        0x0000000104b6d3b4 chromedriver + 4182964
15  chromedriver                        0x0000000104b7c0f4 chromedriver + 4243700
16  libsystem_pthread.dylib             0x00000001967e9240 _pthread_start + 148
17  libsystem_pthread.dylib             0x00000001967e4024 thread_start + 8


During handling of the above exception, another exception occurred:

Traceback (most recent call last):
  File "/Users/dnsn/Desktop/flask_POST_NOFAIL/scrapeHandler.py", line 134, in scarpe_and_stat
    likes = int(post.find_element(By.CSS_SELECTOR,'.social-details-social-counts__reactions-count').get_attribute('innerHTML'))
ValueError: invalid literal for int() with base 10: '7,192'
2023-04-11 17:50:17,212 - Exception in post - communicationHandler:74
Traceback (most recent call last):
  File "/Users/dnsn/Desktop/flask_POST_NOFAIL/scrapeHandler.py", line 98, in scarpe_and_stat
    repost_check=post.find_element(By.CSS_SELECTOR,'.update-components-header__text-view')
  File "/Library/Frameworks/Python.framework/Versions/3.10/lib/python3.10/site-packages/selenium/webdriver/remote/webelement.py", line 735, in find_element
    return self._execute(Command.FIND_CHILD_ELEMENT,
  File "/Library/Frameworks/Python.framework/Versions/3.10/lib/python3.10/site-packages/selenium/webdriver/remote/webelement.py", line 710, in _execute
    return self._parent.execute(command, params)
  File "/Library/Frameworks/Python.framework/Versions/3.10/lib/python3.10/site-packages/selenium/webdriver/remote/webdriver.py", line 425, in execute
    self.error_handler.check_response(response)
  File "/Library/Frameworks/Python.framework/Versions/3.10/lib/python3.10/site-packages/selenium/webdriver/remote/errorhandler.py", line 247, in check_response
    raise exception_class(message, screen, stacktrace)
selenium.common.exceptions.NoSuchElementException: Message: no such element: Unable to locate element: {"method":"css selector","selector":".update-components-header__text-view"}
  (Session info: chrome=112.0.5615.49)
Stacktrace:
0   chromedriver                        0x0000000104b89670 chromedriver + 4298352
1   chromedriver                        0x0000000104b81bbc chromedriver + 4266940
2   chromedriver                        0x00000001047b4758 chromedriver + 280408
3   chromedriver                        0x00000001047efb38 chromedriver + 523064
4   chromedriver                        0x00000001047e3b90 chromedriver + 474000
5   chromedriver                        0x0000000104828080 chromedriver + 753792
6   chromedriver                        0x00000001047e22d0 chromedriver + 467664
7   chromedriver                        0x00000001047e3354 chromedriver + 471892
8   chromedriver                        0x0000000104b496c4 chromedriver + 4036292
9   chromedriver                        0x0000000104b4dc64 chromedriver + 4054116
10  chromedriver                        0x0000000104b542d8 chromedriver + 4080344
11  chromedriver                        0x0000000104b4e970 chromedriver + 4057456
12  chromedriver                        0x0000000104b258dc chromedriver + 3889372
13  chromedriver                        0x0000000104b6d25c chromedriver + 4182620
14  chromedriver                        0x0000000104b6d3b4 chromedriver + 4182964
15  chromedriver                        0x0000000104b7c0f4 chromedriver + 4243700
16  libsystem_pthread.dylib             0x00000001967e9240 _pthread_start + 148
17  libsystem_pthread.dylib             0x00000001967e4024 thread_start + 8


During handling of the above exception, another exception occurred:

Traceback (most recent call last):
  File "/Users/dnsn/Desktop/flask_POST_NOFAIL/scrapeHandler.py", line 134, in scarpe_and_stat
    likes = int(post.find_element(By.CSS_SELECTOR,'.social-details-social-counts__reactions-count').get_attribute('innerHTML'))
ValueError: invalid literal for int() with base 10: '1,799'
2023-04-11 17:50:19,220 - Exception in post - communicationHandler:74
Traceback (most recent call last):
  File "/Users/dnsn/Desktop/flask_POST_NOFAIL/scrapeHandler.py", line 98, in scarpe_and_stat
    repost_check=post.find_element(By.CSS_SELECTOR,'.update-components-header__text-view')
  File "/Library/Frameworks/Python.framework/Versions/3.10/lib/python3.10/site-packages/selenium/webdriver/remote/webelement.py", line 735, in find_element
    return self._execute(Command.FIND_CHILD_ELEMENT,
  File "/Library/Frameworks/Python.framework/Versions/3.10/lib/python3.10/site-packages/selenium/webdriver/remote/webelement.py", line 710, in _execute
    return self._parent.execute(command, params)
  File "/Library/Frameworks/Python.framework/Versions/3.10/lib/python3.10/site-packages/selenium/webdriver/remote/webdriver.py", line 425, in execute
    self.error_handler.check_response(response)
  File "/Library/Frameworks/Python.framework/Versions/3.10/lib/python3.10/site-packages/selenium/webdriver/remote/errorhandler.py", line 247, in check_response
    raise exception_class(message, screen, stacktrace)
selenium.common.exceptions.NoSuchElementException: Message: no such element: Unable to locate element: {"method":"css selector","selector":".update-components-header__text-view"}
  (Session info: chrome=112.0.5615.49)
Stacktrace:
0   chromedriver                        0x0000000104b89670 chromedriver + 4298352
1   chromedriver                        0x0000000104b81bbc chromedriver + 4266940
2   chromedriver                        0x00000001047b4758 chromedriver + 280408
3   chromedriver                        0x00000001047efb38 chromedriver + 523064
4   chromedriver                        0x00000001047e3b90 chromedriver + 474000
5   chromedriver                        0x0000000104828080 chromedriver + 753792
6   chromedriver                        0x00000001047e22d0 chromedriver + 467664
7   chromedriver                        0x00000001047e3354 chromedriver + 471892
8   chromedriver                        0x0000000104b496c4 chromedriver + 4036292
9   chromedriver                        0x0000000104b4dc64 chromedriver + 4054116
10  chromedriver                        0x0000000104b542d8 chromedriver + 4080344
11  chromedriver                        0x0000000104b4e970 chromedriver + 4057456
12  chromedriver                        0x0000000104b258dc chromedriver + 3889372
13  chromedriver                        0x0000000104b6d25c chromedriver + 4182620
14  chromedriver                        0x0000000104b6d3b4 chromedriver + 4182964
15  chromedriver                        0x0000000104b7c0f4 chromedriver + 4243700
16  libsystem_pthread.dylib             0x00000001967e9240 _pthread_start + 148
17  libsystem_pthread.dylib             0x00000001967e4024 thread_start + 8


During handling of the above exception, another exception occurred:

Traceback (most recent call last):
  File "/Users/dnsn/Desktop/flask_POST_NOFAIL/scrapeHandler.py", line 134, in scarpe_and_stat
    likes = int(post.find_element(By.CSS_SELECTOR,'.social-details-social-counts__reactions-count').get_attribute('innerHTML'))
ValueError: invalid literal for int() with base 10: '1,823'
2023-04-11 17:50:19,292 - Exception in post - communicationHandler:74
Traceback (most recent call last):
  File "/Users/dnsn/Desktop/flask_POST_NOFAIL/scrapeHandler.py", line 98, in scarpe_and_stat
    repost_check=post.find_element(By.CSS_SELECTOR,'.update-components-header__text-view')
  File "/Library/Frameworks/Python.framework/Versions/3.10/lib/python3.10/site-packages/selenium/webdriver/remote/webelement.py", line 735, in find_element
    return self._execute(Command.FIND_CHILD_ELEMENT,
  File "/Library/Frameworks/Python.framework/Versions/3.10/lib/python3.10/site-packages/selenium/webdriver/remote/webelement.py", line 710, in _execute
    return self._parent.execute(command, params)
  File "/Library/Frameworks/Python.framework/Versions/3.10/lib/python3.10/site-packages/selenium/webdriver/remote/webdriver.py", line 425, in execute
    self.error_handler.check_response(response)
  File "/Library/Frameworks/Python.framework/Versions/3.10/lib/python3.10/site-packages/selenium/webdriver/remote/errorhandler.py", line 247, in check_response
    raise exception_class(message, screen, stacktrace)
selenium.common.exceptions.NoSuchElementException: Message: no such element: Unable to locate element: {"method":"css selector","selector":".update-components-header__text-view"}
  (Session info: chrome=112.0.5615.49)
Stacktrace:
0   chromedriver                        0x0000000104b89670 chromedriver + 4298352
1   chromedriver                        0x0000000104b81bbc chromedriver + 4266940
2   chromedriver                        0x00000001047b4758 chromedriver + 280408
3   chromedriver                        0x00000001047efb38 chromedriver + 523064
4   chromedriver                        0x00000001047e3b90 chromedriver + 474000
5   chromedriver                        0x0000000104828080 chromedriver + 753792
6   chromedriver                        0x00000001047e22d0 chromedriver + 467664
7   chromedriver                        0x00000001047e3354 chromedriver + 471892
8   chromedriver                        0x0000000104b496c4 chromedriver + 4036292
9   chromedriver                        0x0000000104b4dc64 chromedriver + 4054116
10  chromedriver                        0x0000000104b542d8 chromedriver + 4080344
11  chromedriver                        0x0000000104b4e970 chromedriver + 4057456
12  chromedriver                        0x0000000104b258dc chromedriver + 3889372
13  chromedriver                        0x0000000104b6d25c chromedriver + 4182620
14  chromedriver                        0x0000000104b6d3b4 chromedriver + 4182964
15  chromedriver                        0x0000000104b7c0f4 chromedriver + 4243700
16  libsystem_pthread.dylib             0x00000001967e9240 _pthread_start + 148
17  libsystem_pthread.dylib             0x00000001967e4024 thread_start + 8


During handling of the above exception, another exception occurred:

Traceback (most recent call last):
  File "/Users/dnsn/Desktop/flask_POST_NOFAIL/scrapeHandler.py", line 134, in scarpe_and_stat
    likes = int(post.find_element(By.CSS_SELECTOR,'.social-details-social-counts__reactions-count').get_attribute('innerHTML'))
ValueError: invalid literal for int() with base 10: '4,523'
2023-04-11 17:50:19,366 - Exception in post - communicationHandler:74
Traceback (most recent call last):
  File "/Users/dnsn/Desktop/flask_POST_NOFAIL/scrapeHandler.py", line 98, in scarpe_and_stat
    repost_check=post.find_element(By.CSS_SELECTOR,'.update-components-header__text-view')
  File "/Library/Frameworks/Python.framework/Versions/3.10/lib/python3.10/site-packages/selenium/webdriver/remote/webelement.py", line 735, in find_element
    return self._execute(Command.FIND_CHILD_ELEMENT,
  File "/Library/Frameworks/Python.framework/Versions/3.10/lib/python3.10/site-packages/selenium/webdriver/remote/webelement.py", line 710, in _execute
    return self._parent.execute(command, params)
  File "/Library/Frameworks/Python.framework/Versions/3.10/lib/python3.10/site-packages/selenium/webdriver/remote/webdriver.py", line 425, in execute
    self.error_handler.check_response(response)
  File "/Library/Frameworks/Python.framework/Versions/3.10/lib/python3.10/site-packages/selenium/webdriver/remote/errorhandler.py", line 247, in check_response
    raise exception_class(message, screen, stacktrace)
selenium.common.exceptions.NoSuchElementException: Message: no such element: Unable to locate element: {"method":"css selector","selector":".update-components-header__text-view"}
  (Session info: chrome=112.0.5615.49)
Stacktrace:
0   chromedriver                        0x0000000104b89670 chromedriver + 4298352
1   chromedriver                        0x0000000104b81bbc chromedriver + 4266940
2   chromedriver                        0x00000001047b4758 chromedriver + 280408
3   chromedriver                        0x00000001047efb38 chromedriver + 523064
4   chromedriver                        0x00000001047e3b90 chromedriver + 474000
5   chromedriver                        0x0000000104828080 chromedriver + 753792
6   chromedriver                        0x00000001047e22d0 chromedriver + 467664
7   chromedriver                        0x00000001047e3354 chromedriver + 471892
8   chromedriver                        0x0000000104b496c4 chromedriver + 4036292
9   chromedriver                        0x0000000104b4dc64 chromedriver + 4054116
10  chromedriver                        0x0000000104b542d8 chromedriver + 4080344
11  chromedriver                        0x0000000104b4e970 chromedriver + 4057456
12  chromedriver                        0x0000000104b258dc chromedriver + 3889372
13  chromedriver                        0x0000000104b6d25c chromedriver + 4182620
14  chromedriver                        0x0000000104b6d3b4 chromedriver + 4182964
15  chromedriver                        0x0000000104b7c0f4 chromedriver + 4243700
16  libsystem_pthread.dylib             0x00000001967e9240 _pthread_start + 148
17  libsystem_pthread.dylib             0x00000001967e4024 thread_start + 8


During handling of the above exception, another exception occurred:

Traceback (most recent call last):
  File "/Users/dnsn/Desktop/flask_POST_NOFAIL/scrapeHandler.py", line 134, in scarpe_and_stat
    likes = int(post.find_element(By.CSS_SELECTOR,'.social-details-social-counts__reactions-count').get_attribute('innerHTML'))
ValueError: invalid literal for int() with base 10: '6,382'
2023-04-12 09:14:55,872 - Exception in post - communicationHandler:74
Traceback (most recent call last):
  File "/Users/dnsn/Desktop/flask_POST_NOFAIL/scrapeHandler.py", line 98, in scarpe_and_stat
    repost_check=post.find_element(By.CSS_SELECTOR,'.update-components-header__text-view')
  File "/Library/Frameworks/Python.framework/Versions/3.10/lib/python3.10/site-packages/selenium/webdriver/remote/webelement.py", line 735, in find_element
    return self._execute(Command.FIND_CHILD_ELEMENT,
  File "/Library/Frameworks/Python.framework/Versions/3.10/lib/python3.10/site-packages/selenium/webdriver/remote/webelement.py", line 710, in _execute
    return self._parent.execute(command, params)
  File "/Library/Frameworks/Python.framework/Versions/3.10/lib/python3.10/site-packages/selenium/webdriver/remote/webdriver.py", line 425, in execute
    self.error_handler.check_response(response)
  File "/Library/Frameworks/Python.framework/Versions/3.10/lib/python3.10/site-packages/selenium/webdriver/remote/errorhandler.py", line 247, in check_response
    raise exception_class(message, screen, stacktrace)
selenium.common.exceptions.NoSuchElementException: Message: no such element: Unable to locate element: {"method":"css selector","selector":".update-components-header__text-view"}
  (Session info: chrome=112.0.5615.49)
Stacktrace:
0   chromedriver                        0x0000000101219670 chromedriver + 4298352
1   chromedriver                        0x0000000101211bbc chromedriver + 4266940
2   chromedriver                        0x0000000100e44758 chromedriver + 280408
3   chromedriver                        0x0000000100e7fb38 chromedriver + 523064
4   chromedriver                        0x0000000100e73b90 chromedriver + 474000
5   chromedriver                        0x0000000100eb8080 chromedriver + 753792
6   chromedriver                        0x0000000100e722d0 chromedriver + 467664
7   chromedriver                        0x0000000100e73354 chromedriver + 471892
8   chromedriver                        0x00000001011d96c4 chromedriver + 4036292
9   chromedriver                        0x00000001011ddc64 chromedriver + 4054116
10  chromedriver                        0x00000001011e42d8 chromedriver + 4080344
11  chromedriver                        0x00000001011de970 chromedriver + 4057456
12  chromedriver                        0x00000001011b58dc chromedriver + 3889372
13  chromedriver                        0x00000001011fd25c chromedriver + 4182620
14  chromedriver                        0x00000001011fd3b4 chromedriver + 4182964
15  chromedriver                        0x000000010120c0f4 chromedriver + 4243700
16  libsystem_pthread.dylib             0x00000001967e9240 _pthread_start + 148
17  libsystem_pthread.dylib             0x00000001967e4024 thread_start + 8


During handling of the above exception, another exception occurred:

Traceback (most recent call last):
  File "/Users/dnsn/Desktop/flask_POST_NOFAIL/scrapeHandler.py", line 103, in scarpe_and_stat
    com(post.find_elements(By.TAG_NAME, 'div')[0])
IndexError: list index out of range
2023-04-12 09:14:55,886 - Exception in post - communicationHandler:74
Traceback (most recent call last):
  File "/Users/dnsn/Desktop/flask_POST_NOFAIL/scrapeHandler.py", line 98, in scarpe_and_stat
    repost_check=post.find_element(By.CSS_SELECTOR,'.update-components-header__text-view')
  File "/Library/Frameworks/Python.framework/Versions/3.10/lib/python3.10/site-packages/selenium/webdriver/remote/webelement.py", line 735, in find_element
    return self._execute(Command.FIND_CHILD_ELEMENT,
  File "/Library/Frameworks/Python.framework/Versions/3.10/lib/python3.10/site-packages/selenium/webdriver/remote/webelement.py", line 710, in _execute
    return self._parent.execute(command, params)
  File "/Library/Frameworks/Python.framework/Versions/3.10/lib/python3.10/site-packages/selenium/webdriver/remote/webdriver.py", line 425, in execute
    self.error_handler.check_response(response)
  File "/Library/Frameworks/Python.framework/Versions/3.10/lib/python3.10/site-packages/selenium/webdriver/remote/errorhandler.py", line 247, in check_response
    raise exception_class(message, screen, stacktrace)
selenium.common.exceptions.NoSuchElementException: Message: no such element: Unable to locate element: {"method":"css selector","selector":".update-components-header__text-view"}
  (Session info: chrome=112.0.5615.49)
Stacktrace:
0   chromedriver                        0x0000000101219670 chromedriver + 4298352
1   chromedriver                        0x0000000101211bbc chromedriver + 4266940
2   chromedriver                        0x0000000100e44758 chromedriver + 280408
3   chromedriver                        0x0000000100e7fb38 chromedriver + 523064
4   chromedriver                        0x0000000100e73b90 chromedriver + 474000
5   chromedriver                        0x0000000100eb8080 chromedriver + 753792
6   chromedriver                        0x0000000100e722d0 chromedriver + 467664
7   chromedriver                        0x0000000100e73354 chromedriver + 471892
8   chromedriver                        0x00000001011d96c4 chromedriver + 4036292
9   chromedriver                        0x00000001011ddc64 chromedriver + 4054116
10  chromedriver                        0x00000001011e42d8 chromedriver + 4080344
11  chromedriver                        0x00000001011de970 chromedriver + 4057456
12  chromedriver                        0x00000001011b58dc chromedriver + 3889372
13  chromedriver                        0x00000001011fd25c chromedriver + 4182620
14  chromedriver                        0x00000001011fd3b4 chromedriver + 4182964
15  chromedriver                        0x000000010120c0f4 chromedriver + 4243700
16  libsystem_pthread.dylib             0x00000001967e9240 _pthread_start + 148
17  libsystem_pthread.dylib             0x00000001967e4024 thread_start + 8


During handling of the above exception, another exception occurred:

Traceback (most recent call last):
  File "/Users/dnsn/Desktop/flask_POST_NOFAIL/scrapeHandler.py", line 103, in scarpe_and_stat
    com(post.find_elements(By.TAG_NAME, 'div')[0])
IndexError: list index out of range
2023-04-17 15:39:51,144 - Uncaught exception
Traceback (most recent call last):
  File "/Users/dnsn/Desktop/Insight_scrape_SLACK_solution/app.py", line 6, in <module>
    from scrapeHandler import *
  File "/Users/dnsn/Desktop/Insight_scrape_SLACK_solution/scrapeHandler.py", line 2, in <module>
    from driverHandler import *
  File "/Users/dnsn/Desktop/Insight_scrape_SLACK_solution/driverHandler.py", line 16, in <module>
    service = Service(executable_path=ChromeDriverManager().install()) #if mode == 'LOCAL' else Service(os.environ.get('CHROMEDRIVER_PATH'))
  File "/Library/Frameworks/Python.framework/Versions/3.10/lib/python3.10/site-packages/webdriver_manager/chrome.py", line 39, in install
    driver_path = self._get_driver_path(self.driver)
  File "/Library/Frameworks/Python.framework/Versions/3.10/lib/python3.10/site-packages/webdriver_manager/core/manager.py", line 30, in _get_driver_path
    file = self._download_manager.download_file(driver.get_url())
  File "/Library/Frameworks/Python.framework/Versions/3.10/lib/python3.10/site-packages/webdriver_manager/core/download_manager.py", line 28, in download_file
    response = self._http_client.get(url)
  File "/Library/Frameworks/Python.framework/Versions/3.10/lib/python3.10/site-packages/webdriver_manager/core/http.py", line 32, in get
    resp = requests.get(url=url, verify=self._ssl_verify, stream=True, **kwargs)
  File "/Library/Frameworks/Python.framework/Versions/3.10/lib/python3.10/site-packages/requests/api.py", line 75, in get
    return request('get', url, params=params, **kwargs)
  File "/Library/Frameworks/Python.framework/Versions/3.10/lib/python3.10/site-packages/requests/api.py", line 61, in request
    return session.request(method=method, url=url, **kwargs)
  File "/Library/Frameworks/Python.framework/Versions/3.10/lib/python3.10/site-packages/requests/sessions.py", line 529, in request
    resp = self.send(prep, **send_kwargs)
  File "/Library/Frameworks/Python.framework/Versions/3.10/lib/python3.10/site-packages/requests/sessions.py", line 645, in send
    r = adapter.send(request, **kwargs)
  File "/Library/Frameworks/Python.framework/Versions/3.10/lib/python3.10/site-packages/requests/adapters.py", line 440, in send
    resp = conn.urlopen(
  File "/Library/Frameworks/Python.framework/Versions/3.10/lib/python3.10/site-packages/urllib3/connectionpool.py", line 703, in urlopen
    httplib_response = self._make_request(
  File "/Library/Frameworks/Python.framework/Versions/3.10/lib/python3.10/site-packages/urllib3/connectionpool.py", line 449, in _make_request
    six.raise_from(e, None)
  File "<string>", line 3, in raise_from
  File "/Library/Frameworks/Python.framework/Versions/3.10/lib/python3.10/site-packages/urllib3/connectionpool.py", line 444, in _make_request
    httplib_response = conn.getresponse()
  File "/Library/Frameworks/Python.framework/Versions/3.10/lib/python3.10/http/client.py", line 1374, in getresponse
    response.begin()
  File "/Library/Frameworks/Python.framework/Versions/3.10/lib/python3.10/http/client.py", line 318, in begin
    version, status, reason = self._read_status()
  File "/Library/Frameworks/Python.framework/Versions/3.10/lib/python3.10/http/client.py", line 279, in _read_status
    line = str(self.fp.readline(_MAXLINE + 1), "iso-8859-1")
  File "/Library/Frameworks/Python.framework/Versions/3.10/lib/python3.10/socket.py", line 705, in readinto
    return self._sock.recv_into(b)
  File "/Library/Frameworks/Python.framework/Versions/3.10/lib/python3.10/ssl.py", line 1273, in recv_into
    return self.read(nbytes, buffer)
  File "/Library/Frameworks/Python.framework/Versions/3.10/lib/python3.10/ssl.py", line 1129, in read
    return self._sslobj.read(len, buffer)
KeyboardInterrupt
2023-04-17 15:40:21,722 - Uncaught exception
Traceback (most recent call last):
  File "/Users/dnsn/Desktop/Insight_scrape_SLACK_solution/app.py", line 6, in <module>
    from scrapeHandler import *
  File "/Users/dnsn/Desktop/Insight_scrape_SLACK_solution/scrapeHandler.py", line 2, in <module>
    from driverHandler import *
  File "/Users/dnsn/Desktop/Insight_scrape_SLACK_solution/driverHandler.py", line 16, in <module>
    service = Service(executable_path=ChromeDriverManager().install()) #if mode == 'LOCAL' else Service(os.environ.get('CHROMEDRIVER_PATH'))
  File "/Library/Frameworks/Python.framework/Versions/3.10/lib/python3.10/site-packages/webdriver_manager/chrome.py", line 39, in install
    driver_path = self._get_driver_path(self.driver)
  File "/Library/Frameworks/Python.framework/Versions/3.10/lib/python3.10/site-packages/webdriver_manager/core/manager.py", line 30, in _get_driver_path
    file = self._download_manager.download_file(driver.get_url())
  File "/Library/Frameworks/Python.framework/Versions/3.10/lib/python3.10/site-packages/webdriver_manager/core/download_manager.py", line 28, in download_file
    response = self._http_client.get(url)
  File "/Library/Frameworks/Python.framework/Versions/3.10/lib/python3.10/site-packages/webdriver_manager/core/http.py", line 35, in get
    show_download_progress(resp)
  File "/Library/Frameworks/Python.framework/Versions/3.10/lib/python3.10/site-packages/webdriver_manager/core/utils.py", line 290, in show_download_progress
    for chunk in response.iter_content(chunk_size=8192):
  File "/Library/Frameworks/Python.framework/Versions/3.10/lib/python3.10/site-packages/requests/models.py", line 760, in generate
    for chunk in self.raw.stream(chunk_size, decode_content=True):
  File "/Library/Frameworks/Python.framework/Versions/3.10/lib/python3.10/site-packages/urllib3/response.py", line 576, in stream
    data = self.read(amt=amt, decode_content=decode_content)
  File "/Library/Frameworks/Python.framework/Versions/3.10/lib/python3.10/site-packages/urllib3/response.py", line 519, in read
    data = self._fp.read(amt) if not fp_closed else b""
  File "/Library/Frameworks/Python.framework/Versions/3.10/lib/python3.10/http/client.py", line 465, in read
    s = self.fp.read(amt)
  File "/Library/Frameworks/Python.framework/Versions/3.10/lib/python3.10/socket.py", line 705, in readinto
    return self._sock.recv_into(b)
  File "/Library/Frameworks/Python.framework/Versions/3.10/lib/python3.10/ssl.py", line 1273, in recv_into
    return self.read(nbytes, buffer)
  File "/Library/Frameworks/Python.framework/Versions/3.10/lib/python3.10/ssl.py", line 1129, in read
    return self._sslobj.read(len, buffer)
KeyboardInterrupt
2023-04-17 15:55:02,140 - Uncaught exception
Traceback (most recent call last):
  File "/Users/dnsn/Desktop/Insight_scrape_SLACK_solution/app.py", line 18, in <module>
    raise client.chat_postMessage(channel=test_channel, thread_ts=msg['ts'], text='input formatting is false')
TypeError: exceptions must derive from BaseException
2023-04-17 15:56:41,546 - Uncaught exception
Traceback (most recent call last):
  File "/Users/dnsn/Desktop/Insight_scrape_SLACK_solution/app.py", line 25, in <module>
    result = scarpe_and_stat(link + 'recent-activity/shares/')
  File "/Users/dnsn/Desktop/Insight_scrape_SLACK_solution/scrapeHandler.py", line 35, in scarpe_and_stat
    driver.get(link)
  File "/Library/Frameworks/Python.framework/Versions/3.10/lib/python3.10/site-packages/selenium/webdriver/remote/webdriver.py", line 437, in get
    self.execute(Command.GET, {'url': url})
  File "/Library/Frameworks/Python.framework/Versions/3.10/lib/python3.10/site-packages/selenium/webdriver/remote/webdriver.py", line 425, in execute
    self.error_handler.check_response(response)
  File "/Library/Frameworks/Python.framework/Versions/3.10/lib/python3.10/site-packages/selenium/webdriver/remote/errorhandler.py", line 247, in check_response
    raise exception_class(message, screen, stacktrace)
selenium.common.exceptions.InvalidArgumentException: Message: invalid argument
  (Session info: chrome=112.0.5615.121)
Stacktrace:
0   chromedriver                        0x0000000100845670 chromedriver + 4298352
1   chromedriver                        0x000000010083dbbc chromedriver + 4266940
2   chromedriver                        0x00000001004705dc chromedriver + 280028
3   chromedriver                        0x000000010045b200 chromedriver + 193024
4   chromedriver                        0x0000000100459528 chromedriver + 185640
5   chromedriver                        0x00000001004596ac chromedriver + 186028
6   chromedriver                        0x0000000100472700 chromedriver + 288512
7   chromedriver                        0x00000001004e4618 chromedriver + 755224
8   chromedriver                        0x00000001004e4080 chromedriver + 753792
9   chromedriver                        0x000000010049e2d0 chromedriver + 467664
10  chromedriver                        0x000000010049f354 chromedriver + 471892
11  chromedriver                        0x00000001008056c4 chromedriver + 4036292
12  chromedriver                        0x0000000100809c64 chromedriver + 4054116
13  chromedriver                        0x00000001008102d8 chromedriver + 4080344
14  chromedriver                        0x000000010080a970 chromedriver + 4057456
15  chromedriver                        0x00000001007e18dc chromedriver + 3889372
16  chromedriver                        0x000000010082925c chromedriver + 4182620
17  chromedriver                        0x00000001008293b4 chromedriver + 4182964
18  chromedriver                        0x00000001008380f4 chromedriver + 4243700
19  libsystem_pthread.dylib             0x00000001967e9240 _pthread_start + 148
20  libsystem_pthread.dylib             0x00000001967e4024 thread_start + 8

2023-04-17 15:57:37,500 - Uncaught exception
Traceback (most recent call last):
  File "/Users/dnsn/Desktop/Insight_scrape_SLACK_solution/app.py", line 26, in <module>
    result = scarpe_and_stat(link + 'recent-activity/shares/')
  File "/Users/dnsn/Desktop/Insight_scrape_SLACK_solution/scrapeHandler.py", line 21, in scarpe_and_stat
    injectCookies()
  File "/Users/dnsn/Desktop/Insight_scrape_SLACK_solution/cookieHandler.py", line 48, in injectCookies
    time.sleep(2)
KeyboardInterrupt
2023-04-17 16:00:20,839 - Uncaught exception
Traceback (most recent call last):
  File "/Users/dnsn/Desktop/Insight_scrape_SLACK_solution/app.py", line 27, in <module>
    result = scarpe_and_stat(link + 'recent-activity/shares/')
NameError: name 'scarpe_and_stat' is not defined
2023-04-17 16:01:12,129 - Uncaught exception
Traceback (most recent call last):
  File "/Users/dnsn/Desktop/Insight_scrape_SLACK_solution/app.py", line 30, in <module>
    render = render_template(
  File "/Library/Frameworks/Python.framework/Versions/3.10/lib/python3.10/site-packages/flask/templating.py", line 146, in render_template
    ctx.app.update_template_context(context)
AttributeError: 'NoneType' object has no attribute 'app'
2023-04-17 16:15:29,335 - Uncaught exception
Traceback (most recent call last):
  File "/Users/dnsn/Desktop/Insight_scrape_SLACK_solution/app.py", line 16, in <module>
    rendered = template.render(posts_in_tf=100, avg_likes=1000)
  File "/Library/Frameworks/Python.framework/Versions/3.10/lib/python3.10/site-packages/jinja2/environment.py", line 1291, in render
    self.environment.handle_exception()
  File "/Library/Frameworks/Python.framework/Versions/3.10/lib/python3.10/site-packages/jinja2/environment.py", line 925, in handle_exception
    raise rewrite_traceback_stack(source=source)
  File "templates/webpage/results_style_in_html.html", line 239, in top-level template code
    <!--<script src="{{ url_for('static',filename='scripts/results.js') }}"></script>-->
  File "/Library/Frameworks/Python.framework/Versions/3.10/lib/python3.10/site-packages/jinja2/utils.py", line 84, in from_obj
    if hasattr(obj, "jinja_pass_arg"):
jinja2.exceptions.UndefinedError: 'url_for' is undefined
2023-04-17 16:16:36,043 - Uncaught exception
Traceback (most recent call last):
  File "/Users/dnsn/Desktop/Insight_scrape_SLACK_solution/app.py", line 14, in <module>
    template = templateEnv.get_template(TEMPLATE_FILE)
  File "/Library/Frameworks/Python.framework/Versions/3.10/lib/python3.10/site-packages/jinja2/environment.py", line 997, in get_template
    return self._load_template(name, globals)
  File "/Library/Frameworks/Python.framework/Versions/3.10/lib/python3.10/site-packages/jinja2/environment.py", line 958, in _load_template
    template = self.loader.load(self, name, self.make_globals(globals))
  File "/Library/Frameworks/Python.framework/Versions/3.10/lib/python3.10/site-packages/jinja2/loaders.py", line 125, in load
    source, filename, uptodate = self.get_source(environment, name)
  File "/Library/Frameworks/Python.framework/Versions/3.10/lib/python3.10/site-packages/jinja2/loaders.py", line 214, in get_source
    raise TemplateNotFound(template)
jinja2.exceptions.TemplateNotFound: results_style_in_html.html
2023-04-17 16:18:11,528 - Uncaught exception
Traceback (most recent call last):
  File "/Users/dnsn/Desktop/Insight_scrape_SLACK_solution/app.py", line 13, in <module>
    with open('templates/webpage/results_style_in_html.html.jinja2') as file_:
FileNotFoundError: [Errno 2] No such file or directory: 'templates/webpage/results_style_in_html.html.jinja2'
2023-04-17 16:19:27,431 - Uncaught exception
Traceback (most recent call last):
  File "/Users/dnsn/Desktop/Insight_scrape_SLACK_solution/app.py", line 16, in <module>
    rendered = template.render(posts_in_tf=100, avg_likes=1000)
  File "/Library/Frameworks/Python.framework/Versions/3.10/lib/python3.10/site-packages/jinja2/environment.py", line 1291, in render
    self.environment.handle_exception()
  File "/Library/Frameworks/Python.framework/Versions/3.10/lib/python3.10/site-packages/jinja2/environment.py", line 925, in handle_exception
    raise rewrite_traceback_stack(source=source)
  File "<template>", line 239, in top-level template code
  File "/Library/Frameworks/Python.framework/Versions/3.10/lib/python3.10/site-packages/jinja2/utils.py", line 84, in from_obj
    if hasattr(obj, "jinja_pass_arg"):
jinja2.exceptions.UndefinedError: 'url_for' is undefined
2023-04-17 16:24:06,027 - Uncaught exception
Traceback (most recent call last):
  File "/Users/dnsn/Desktop/Insight_scrape_SLACK_solution/app.py", line 47, in <module>
    result = scarpe_and_stat(link + 'recent-activity/shares/')
  File "/Users/dnsn/Desktop/Insight_scrape_SLACK_solution/scrapeHandler.py", line 36, in scarpe_and_stat
    time.sleep(6)
KeyboardInterrupt
